<?xml version="1.0" encoding= "UTF-8" ?><testsuites><testsuite hostname="e042f38dd898" name="sophia_bytecode_aevm_SUITE" time="1.446039" timestamp="2018-05-18T08:32:11" errors="0" failures="0" skipped="0" tests="2" log="/home/builder/epoch/_build/test/logs/ct_run.epoch_ct@localhost.2018-05-18_08.26.44/test.extras.sophia_bytecode_aevm_SUITE.logs/run.2018-05-18_08.32.11/suite.log.html"><testcase name="init_per_suite" time="0.003430" timestamp="2018-05-18T08:32:11" log="/home/builder/epoch/_build/test/logs/ct_run.epoch_ct@localhost.2018-05-18_08.26.44/test.extras.sophia_bytecode_aevm_SUITE.logs/run.2018-05-18_08.32.11/ct_framework.init_per_suite.html"></testcase><testcase name="execute_identity_fun_from_bytecode" time="0.014088" timestamp="2018-05-18T08:32:12" log="/home/builder/epoch/_build/test/logs/ct_run.epoch_ct@localhost.2018-05-18_08.26.44/test.extras.sophia_bytecode_aevm_SUITE.logs/run.2018-05-18_08.32.11/sophia_bytecode_aevm_suite.execute_identity_fun_from_bytecode.html"></testcase><testcase name="execute_identity_fun_from_sophia_file" time="0.042585" timestamp="2018-05-18T08:32:12" log="/home/builder/epoch/_build/test/logs/ct_run.epoch_ct@localhost.2018-05-18_08.26.44/test.extras.sophia_bytecode_aevm_SUITE.logs/run.2018-05-18_08.32.11/sophia_bytecode_aevm_suite.execute_identity_fun_from_sophia_file.html"></testcase><testcase name="end_per_suite" time="0.003349" timestamp="2018-05-18T08:32:12" log="/home/builder/epoch/_build/test/logs/ct_run.epoch_ct@localhost.2018-05-18_08.26.44/test.extras.sophia_bytecode_aevm_SUITE.logs/run.2018-05-18_08.32.11/ct_framework.end_per_suite.html"></testcase></testsuite><testsuite hostname="e042f38dd898" name="contract_sophia_bytecode_aevm_SUITE" time="2.080711" timestamp="2018-05-18T08:32:09" errors="0" failures="0" skipped="0" tests="10" log="/home/builder/epoch/_build/test/logs/ct_run.epoch_ct@localhost.2018-05-18_08.26.44/test.extras.contract_sophia_bytecode_aevm_SUITE.logs/run.2018-05-18_08.32.09/suite.log.html"><testcase name="init_per_suite" time="0.003240" timestamp="2018-05-18T08:32:09" log="/home/builder/epoch/_build/test/logs/ct_run.epoch_ct@localhost.2018-05-18_08.26.44/test.extras.contract_sophia_bytecode_aevm_SUITE.logs/run.2018-05-18_08.32.09/ct_framework.init_per_suite.html"></testcase><testcase name="execute_identity_fun_from_sophia_file" time="0.022217" timestamp="2018-05-18T08:32:09" log="/home/builder/epoch/_build/test/logs/ct_run.epoch_ct@localhost.2018-05-18_08.26.44/test.extras.contract_sophia_bytecode_aevm_SUITE.logs/run.2018-05-18_08.32.09/contract_sophia_bytecode_aevm_suite.execute_identity_fun_from_sophia_file.html"></testcase><testcase name="sophia_remote_call" time="0.026390" timestamp="2018-05-18T08:32:09" log="/home/builder/epoch/_build/test/logs/ct_run.epoch_ct@localhost.2018-05-18_08.26.44/test.extras.contract_sophia_bytecode_aevm_SUITE.logs/run.2018-05-18_08.32.09/contract_sophia_bytecode_aevm_suite.sophia_remote_call.html"></testcase><testcase name="sophia_factorial" time="0.039756" timestamp="2018-05-18T08:32:10" log="/home/builder/epoch/_build/test/logs/ct_run.epoch_ct@localhost.2018-05-18_08.26.44/test.extras.contract_sophia_bytecode_aevm_SUITE.logs/run.2018-05-18_08.32.09/contract_sophia_bytecode_aevm_suite.sophia_factorial.html"></testcase><testcase name="simple_multi_argument_call" time="0.018248" timestamp="2018-05-18T08:32:10" log="/home/builder/epoch/_build/test/logs/ct_run.epoch_ct@localhost.2018-05-18_08.26.44/test.extras.contract_sophia_bytecode_aevm_SUITE.logs/run.2018-05-18_08.32.09/contract_sophia_bytecode_aevm_suite.simple_multi_argument_call.html"></testcase><testcase name="remote_multi_argument_call" time="0.022475" timestamp="2018-05-18T08:32:10" log="/home/builder/epoch/_build/test/logs/ct_run.epoch_ct@localhost.2018-05-18_08.26.44/test.extras.contract_sophia_bytecode_aevm_SUITE.logs/run.2018-05-18_08.32.09/contract_sophia_bytecode_aevm_suite.remote_multi_argument_call.html"></testcase><testcase name="spend_tests" time="0.030280" timestamp="2018-05-18T08:32:10" log="/home/builder/epoch/_build/test/logs/ct_run.epoch_ct@localhost.2018-05-18_08.26.44/test.extras.contract_sophia_bytecode_aevm_SUITE.logs/run.2018-05-18_08.32.09/contract_sophia_bytecode_aevm_suite.spend_tests.html"></testcase><testcase name="complex_types" time="0.092989" timestamp="2018-05-18T08:32:10" log="/home/builder/epoch/_build/test/logs/ct_run.epoch_ct@localhost.2018-05-18_08.26.44/test.extras.contract_sophia_bytecode_aevm_SUITE.logs/run.2018-05-18_08.32.09/contract_sophia_bytecode_aevm_suite.complex_types.html"></testcase><testcase name="environment" time="0.060115" timestamp="2018-05-18T08:32:10" log="/home/builder/epoch/_build/test/logs/ct_run.epoch_ct@localhost.2018-05-18_08.26.44/test.extras.contract_sophia_bytecode_aevm_SUITE.logs/run.2018-05-18_08.32.09/contract_sophia_bytecode_aevm_suite.environment.html"></testcase><testcase name="counter" time="0.018006" timestamp="2018-05-18T08:32:10" log="/home/builder/epoch/_build/test/logs/ct_run.epoch_ct@localhost.2018-05-18_08.26.44/test.extras.contract_sophia_bytecode_aevm_SUITE.logs/run.2018-05-18_08.32.09/contract_sophia_bytecode_aevm_suite.counter.html"></testcase><testcase name="stack" time="0.030970" timestamp="2018-05-18T08:32:10" log="/home/builder/epoch/_build/test/logs/ct_run.epoch_ct@localhost.2018-05-18_08.26.44/test.extras.contract_sophia_bytecode_aevm_SUITE.logs/run.2018-05-18_08.32.09/contract_sophia_bytecode_aevm_suite.stack.html"></testcase><testcase name="end_per_suite" time="0.003512" timestamp="2018-05-18T08:32:10" log="/home/builder/epoch/_build/test/logs/ct_run.epoch_ct@localhost.2018-05-18_08.26.44/test.extras.contract_sophia_bytecode_aevm_SUITE.logs/run.2018-05-18_08.32.09/ct_framework.end_per_suite.html"></testcase></testsuite><testsuite hostname="e042f38dd898" name="aevm_chain_SUITE" time="2.919919" timestamp="2018-05-18T08:32:06" errors="0" failures="0" skipped="0" tests="2" log="/home/builder/epoch/_build/test/logs/ct_run.epoch_ct@localhost.2018-05-18_08.26.44/test.extras.aevm_chain_SUITE.logs/run.2018-05-18_08.32.06/suite.log.html"><testcase name="init_per_suite" time="0.003785" timestamp="2018-05-18T08:32:06" log="/home/builder/epoch/_build/test/logs/ct_run.epoch_ct@localhost.2018-05-18_08.26.44/test.extras.aevm_chain_SUITE.logs/run.2018-05-18_08.32.06/ct_framework.init_per_suite.html"></testcase><testcase group="all_tests" name="init_per_group" time="0.003690" timestamp="2018-05-18T08:32:07" log="/home/builder/epoch/_build/test/logs/ct_run.epoch_ct@localhost.2018-05-18_08.26.44/test.extras.aevm_chain_SUITE.logs/run.2018-05-18_08.32.06/ct_framework.init_per_group.html"></testcase><testcase group="all_tests.spend" name="init_per_group" time="0.003932" timestamp="2018-05-18T08:32:07" log="/home/builder/epoch/_build/test/logs/ct_run.epoch_ct@localhost.2018-05-18_08.26.44/test.extras.aevm_chain_SUITE.logs/run.2018-05-18_08.32.06/ct_framework.init_per_group.11650.html"></testcase><testcase group="all_tests.spend" name="spend" time="0.031903" timestamp="2018-05-18T08:32:07" log="/home/builder/epoch/_build/test/logs/ct_run.epoch_ct@localhost.2018-05-18_08.26.44/test.extras.aevm_chain_SUITE.logs/run.2018-05-18_08.32.06/aevm_chain_suite.spend.html"></testcase><testcase group="all_tests.spend" name="end_per_group" time="0.003270" timestamp="2018-05-18T08:32:07" log="/home/builder/epoch/_build/test/logs/ct_run.epoch_ct@localhost.2018-05-18_08.26.44/test.extras.aevm_chain_SUITE.logs/run.2018-05-18_08.32.06/ct_framework.end_per_group.html"></testcase><testcase group="all_tests.contracts" name="init_per_group" time="0.003205" timestamp="2018-05-18T08:32:07" log="/home/builder/epoch/_build/test/logs/ct_run.epoch_ct@localhost.2018-05-18_08.26.44/test.extras.aevm_chain_SUITE.logs/run.2018-05-18_08.32.06/ct_framework.init_per_group.11778.html"></testcase><testcase group="all_tests.contracts" name="contracts" time="0.057054" timestamp="2018-05-18T08:32:07" log="/home/builder/epoch/_build/test/logs/ct_run.epoch_ct@localhost.2018-05-18_08.26.44/test.extras.aevm_chain_SUITE.logs/run.2018-05-18_08.32.06/aevm_chain_suite.contracts.html"></testcase><testcase group="all_tests.contracts" name="end_per_group" time="0.003420" timestamp="2018-05-18T08:32:07" log="/home/builder/epoch/_build/test/logs/ct_run.epoch_ct@localhost.2018-05-18_08.26.44/test.extras.aevm_chain_SUITE.logs/run.2018-05-18_08.32.06/ct_framework.end_per_group.11906.html"></testcase><testcase group="all_tests" name="end_per_group" time="0.003339" timestamp="2018-05-18T08:32:07" log="/home/builder/epoch/_build/test/logs/ct_run.epoch_ct@localhost.2018-05-18_08.26.44/test.extras.aevm_chain_SUITE.logs/run.2018-05-18_08.32.06/ct_framework.end_per_group.12034.html"></testcase><testcase name="end_per_suite" time="0.003792" timestamp="2018-05-18T08:32:07" log="/home/builder/epoch/_build/test/logs/ct_run.epoch_ct@localhost.2018-05-18_08.26.44/test.extras.aevm_chain_SUITE.logs/run.2018-05-18_08.32.06/ct_framework.end_per_suite.html"></testcase></testsuite><testsuite hostname="e042f38dd898" name="aebytecode_aevm_SUITE" time="1.493523" timestamp="2018-05-18T08:32:05" errors="0" failures="0" skipped="0" tests="1" log="/home/builder/epoch/_build/test/logs/ct_run.epoch_ct@localhost.2018-05-18_08.26.44/test.extras.aebytecode_aevm_SUITE.logs/run.2018-05-18_08.32.05/suite.log.html"><testcase name="init_per_suite" time="0.003868" timestamp="2018-05-18T08:32:05" log="/home/builder/epoch/_build/test/logs/ct_run.epoch_ct@localhost.2018-05-18_08.26.44/test.extras.aebytecode_aevm_SUITE.logs/run.2018-05-18_08.32.05/ct_framework.init_per_suite.html"></testcase><testcase name="execute_identy_fun_from_file" time="0.035114" timestamp="2018-05-18T08:32:05" log="/home/builder/epoch/_build/test/logs/ct_run.epoch_ct@localhost.2018-05-18_08.26.44/test.extras.aebytecode_aevm_SUITE.logs/run.2018-05-18_08.32.05/aebytecode_aevm_suite.execute_identy_fun_from_file.html"></testcase><testcase name="end_per_suite" time="0.004472" timestamp="2018-05-18T08:32:05" log="/home/builder/epoch/_build/test/logs/ct_run.epoch_ct@localhost.2018-05-18_08.26.44/test.extras.aebytecode_aevm_SUITE.logs/run.2018-05-18_08.32.05/ct_framework.end_per_suite.html"></testcase></testsuite><testsuite hostname="e042f38dd898" name="aeu_requests_SUITE" time="2.292061" timestamp="2018-05-18T08:32:03" errors="0" failures="0" skipped="0" tests="1" log="/home/builder/epoch/_build/test/logs/ct_run.epoch_ct@localhost.2018-05-18_08.26.44/lib.aeutils.aeu_requests_SUITE.logs/run.2018-05-18_08.32.03/suite.log.html"><testcase name="init_per_suite" time="0.003691" timestamp="2018-05-18T08:32:03" log="/home/builder/epoch/_build/test/logs/ct_run.epoch_ct@localhost.2018-05-18_08.26.44/lib.aeutils.aeu_requests_SUITE.logs/run.2018-05-18_08.32.03/aeu_requests_suite.init_per_suite.html"></testcase><testcase name="application_test" time="0.951099" timestamp="2018-05-18T08:32:03" log="/home/builder/epoch/_build/test/logs/ct_run.epoch_ct@localhost.2018-05-18_08.26.44/lib.aeutils.aeu_requests_SUITE.logs/run.2018-05-18_08.32.03/aeu_requests_suite.application_test.html"></testcase><testcase name="end_per_suite" time="0.004775" timestamp="2018-05-18T08:32:04" log="/home/builder/epoch/_build/test/logs/ct_run.epoch_ct@localhost.2018-05-18_08.26.44/lib.aeutils.aeu_requests_SUITE.logs/run.2018-05-18_08.32.03/aeu_requests_suite.end_per_suite.html"></testcase></testsuite><testsuite hostname="e042f38dd898" name="aeso_eunit_SUITE" time="3.602713" timestamp="2018-05-18T08:31:59" errors="0" failures="0" skipped="0" tests="3" log="/home/builder/epoch/_build/test/logs/ct_run.epoch_ct@localhost.2018-05-18_08.26.44/lib.aesophia.aeso_eunit_SUITE.logs/run.2018-05-18_08.31.59/suite.log.html"><testcase name="init_per_suite" time="0.003499" timestamp="2018-05-18T08:31:59" log="/home/builder/epoch/_build/test/logs/ct_run.epoch_ct@localhost.2018-05-18_08.26.44/lib.aesophia.aeso_eunit_SUITE.logs/run.2018-05-18_08.31.59/ct_framework.init_per_suite.html"></testcase><testcase group="eunit" name="init_per_group" time="0.003107" timestamp="2018-05-18T08:31:59" log="/home/builder/epoch/_build/test/logs/ct_run.epoch_ct@localhost.2018-05-18_08.26.44/lib.aesophia.aeso_eunit_SUITE.logs/run.2018-05-18_08.31.59/ct_framework.init_per_group.html"></testcase><testcase group="eunit" name="aeso_scan_tests" time="0.154148" timestamp="2018-05-18T08:31:59" log="/home/builder/epoch/_build/test/logs/ct_run.epoch_ct@localhost.2018-05-18_08.26.44/lib.aesophia.aeso_eunit_SUITE.logs/run.2018-05-18_08.31.59/aeso_eunit_suite.aeso_scan_tests.html"></testcase><testcase group="eunit" name="aeso_parser_tests" time="0.599626" timestamp="2018-05-18T08:31:59" log="/home/builder/epoch/_build/test/logs/ct_run.epoch_ct@localhost.2018-05-18_08.26.44/lib.aesophia.aeso_eunit_SUITE.logs/run.2018-05-18_08.31.59/aeso_eunit_suite.aeso_parser_tests.html"></testcase><testcase group="eunit" name="aeso_compiler_tests" time="0.170613" timestamp="2018-05-18T08:32:00" log="/home/builder/epoch/_build/test/logs/ct_run.epoch_ct@localhost.2018-05-18_08.26.44/lib.aesophia.aeso_eunit_SUITE.logs/run.2018-05-18_08.31.59/aeso_eunit_suite.aeso_compiler_tests.html"></testcase><testcase group="eunit" name="end_per_group" time="0.003580" timestamp="2018-05-18T08:32:00" log="/home/builder/epoch/_build/test/logs/ct_run.epoch_ct@localhost.2018-05-18_08.26.44/lib.aesophia.aeso_eunit_SUITE.logs/run.2018-05-18_08.31.59/ct_framework.end_per_group.html"></testcase><testcase name="end_per_suite" time="0.003617" timestamp="2018-05-18T08:32:00" log="/home/builder/epoch/_build/test/logs/ct_run.epoch_ct@localhost.2018-05-18_08.26.44/lib.aesophia.aeso_eunit_SUITE.logs/run.2018-05-18_08.31.59/ct_framework.end_per_suite.html"></testcase></testsuite><testsuite hostname="e042f38dd898" name="aeoracle_SUITE" time="2.318284" timestamp="2018-05-18T08:31:57" errors="0" failures="0" skipped="0" tests="13" log="/home/builder/epoch/_build/test/logs/ct_run.epoch_ct@localhost.2018-05-18_08.26.44/lib.aeoracle.aeoracle_SUITE.logs/run.2018-05-18_08.31.57/suite.log.html"><testcase name="init_per_suite" time="0.003944" timestamp="2018-05-18T08:31:57" log="/home/builder/epoch/_build/test/logs/ct_run.epoch_ct@localhost.2018-05-18_08.26.44/lib.aeoracle.aeoracle_SUITE.logs/run.2018-05-18_08.31.57/ct_framework.init_per_suite.html"></testcase><testcase group="all_tests" name="init_per_group" time="0.002752" timestamp="2018-05-18T08:31:57" log="/home/builder/epoch/_build/test/logs/ct_run.epoch_ct@localhost.2018-05-18_08.26.44/lib.aeoracle.aeoracle_SUITE.logs/run.2018-05-18_08.31.57/ct_framework.init_per_group.html"></testcase><testcase group="all_tests.transactions" name="init_per_group" time="0.002630" timestamp="2018-05-18T08:31:57" log="/home/builder/epoch/_build/test/logs/ct_run.epoch_ct@localhost.2018-05-18_08.26.44/lib.aeoracle.aeoracle_SUITE.logs/run.2018-05-18_08.31.57/ct_framework.init_per_group.11138.html"></testcase><testcase group="all_tests.transactions" name="register_oracle" time="0.052214" timestamp="2018-05-18T08:31:57" log="/home/builder/epoch/_build/test/logs/ct_run.epoch_ct@localhost.2018-05-18_08.26.44/lib.aeoracle.aeoracle_SUITE.logs/run.2018-05-18_08.31.57/aeoracle_suite.register_oracle.html"></testcase><testcase group="all_tests.transactions" name="register_oracle_negative" time="0.036642" timestamp="2018-05-18T08:31:57" log="/home/builder/epoch/_build/test/logs/ct_run.epoch_ct@localhost.2018-05-18_08.26.44/lib.aeoracle.aeoracle_SUITE.logs/run.2018-05-18_08.31.57/aeoracle_suite.register_oracle_negative.html"></testcase><testcase group="all_tests.transactions" name="extend_oracle" time="0.051827" timestamp="2018-05-18T08:31:57" log="/home/builder/epoch/_build/test/logs/ct_run.epoch_ct@localhost.2018-05-18_08.26.44/lib.aeoracle.aeoracle_SUITE.logs/run.2018-05-18_08.31.57/aeoracle_suite.extend_oracle.html"></testcase><testcase group="all_tests.transactions" name="extend_oracle_negative" time="0.036593" timestamp="2018-05-18T08:31:57" log="/home/builder/epoch/_build/test/logs/ct_run.epoch_ct@localhost.2018-05-18_08.26.44/lib.aeoracle.aeoracle_SUITE.logs/run.2018-05-18_08.31.57/aeoracle_suite.extend_oracle_negative.html"></testcase><testcase group="all_tests.transactions" name="query_oracle" time="0.030065" timestamp="2018-05-18T08:31:57" log="/home/builder/epoch/_build/test/logs/ct_run.epoch_ct@localhost.2018-05-18_08.26.44/lib.aeoracle.aeoracle_SUITE.logs/run.2018-05-18_08.31.57/aeoracle_suite.query_oracle.html"></testcase><testcase group="all_tests.transactions" name="query_oracle_negative" time="0.037684" timestamp="2018-05-18T08:31:57" log="/home/builder/epoch/_build/test/logs/ct_run.epoch_ct@localhost.2018-05-18_08.26.44/lib.aeoracle.aeoracle_SUITE.logs/run.2018-05-18_08.31.57/aeoracle_suite.query_oracle_negative.html"></testcase><testcase group="all_tests.transactions" name="query_response" time="0.030185" timestamp="2018-05-18T08:31:57" log="/home/builder/epoch/_build/test/logs/ct_run.epoch_ct@localhost.2018-05-18_08.26.44/lib.aeoracle.aeoracle_SUITE.logs/run.2018-05-18_08.31.57/aeoracle_suite.query_response.html"></testcase><testcase group="all_tests.transactions" name="query_response_negative" time="0.029437" timestamp="2018-05-18T08:31:57" log="/home/builder/epoch/_build/test/logs/ct_run.epoch_ct@localhost.2018-05-18_08.26.44/lib.aeoracle.aeoracle_SUITE.logs/run.2018-05-18_08.31.57/aeoracle_suite.query_response_negative.html"></testcase><testcase group="all_tests.transactions" name="end_per_group" time="0.003218" timestamp="2018-05-18T08:31:57" log="/home/builder/epoch/_build/test/logs/ct_run.epoch_ct@localhost.2018-05-18_08.26.44/lib.aeoracle.aeoracle_SUITE.logs/run.2018-05-18_08.31.57/ct_framework.end_per_group.html"></testcase><testcase group="all_tests.state_tree" name="init_per_group" time="0.003171" timestamp="2018-05-18T08:31:57" log="/home/builder/epoch/_build/test/logs/ct_run.epoch_ct@localhost.2018-05-18_08.26.44/lib.aeoracle.aeoracle_SUITE.logs/run.2018-05-18_08.31.57/ct_framework.init_per_group.11266.html"></testcase><testcase group="all_tests.state_tree" name="prune_oracle" time="0.021778" timestamp="2018-05-18T08:31:57" log="/home/builder/epoch/_build/test/logs/ct_run.epoch_ct@localhost.2018-05-18_08.26.44/lib.aeoracle.aeoracle_SUITE.logs/run.2018-05-18_08.31.57/aeoracle_suite.prune_oracle.html"></testcase><testcase group="all_tests.state_tree" name="prune_oracle_extend" time="0.032354" timestamp="2018-05-18T08:31:58" log="/home/builder/epoch/_build/test/logs/ct_run.epoch_ct@localhost.2018-05-18_08.26.44/lib.aeoracle.aeoracle_SUITE.logs/run.2018-05-18_08.31.57/aeoracle_suite.prune_oracle_extend.html"></testcase><testcase group="all_tests.state_tree" name="prune_query" time="0.024372" timestamp="2018-05-18T08:31:58" log="/home/builder/epoch/_build/test/logs/ct_run.epoch_ct@localhost.2018-05-18_08.26.44/lib.aeoracle.aeoracle_SUITE.logs/run.2018-05-18_08.31.57/aeoracle_suite.prune_query.html"></testcase><testcase group="all_tests.state_tree" name="prune_response_short" time="0.029076" timestamp="2018-05-18T08:31:58" log="/home/builder/epoch/_build/test/logs/ct_run.epoch_ct@localhost.2018-05-18_08.26.44/lib.aeoracle.aeoracle_SUITE.logs/run.2018-05-18_08.31.57/aeoracle_suite.prune_response_short.html"></testcase><testcase group="all_tests.state_tree" name="prune_response_long" time="0.031273" timestamp="2018-05-18T08:31:58" log="/home/builder/epoch/_build/test/logs/ct_run.epoch_ct@localhost.2018-05-18_08.26.44/lib.aeoracle.aeoracle_SUITE.logs/run.2018-05-18_08.31.57/aeoracle_suite.prune_response_long.html"></testcase><testcase group="all_tests.state_tree" name="end_per_group" time="0.003604" timestamp="2018-05-18T08:31:58" log="/home/builder/epoch/_build/test/logs/ct_run.epoch_ct@localhost.2018-05-18_08.26.44/lib.aeoracle.aeoracle_SUITE.logs/run.2018-05-18_08.31.57/ct_framework.end_per_group.11394.html"></testcase><testcase group="all_tests" name="end_per_group" time="0.004286" timestamp="2018-05-18T08:31:58" log="/home/builder/epoch/_build/test/logs/ct_run.epoch_ct@localhost.2018-05-18_08.26.44/lib.aeoracle.aeoracle_SUITE.logs/run.2018-05-18_08.31.57/ct_framework.end_per_group.11522.html"></testcase><testcase name="end_per_suite" time="0.003693" timestamp="2018-05-18T08:31:58" log="/home/builder/epoch/_build/test/logs/ct_run.epoch_ct@localhost.2018-05-18_08.26.44/lib.aeoracle.aeoracle_SUITE.logs/run.2018-05-18_08.31.57/ct_framework.end_per_suite.html"></testcase></testsuite><testsuite hostname="e042f38dd898" name="aens_SUITE" time="2.363407" timestamp="2018-05-18T08:31:54" errors="0" failures="0" skipped="0" tests="13" log="/home/builder/epoch/_build/test/logs/ct_run.epoch_ct@localhost.2018-05-18_08.26.44/lib.aens.aens_SUITE.logs/run.2018-05-18_08.31.54/suite.log.html"><testcase name="init_per_suite" time="0.002431" timestamp="2018-05-18T08:31:54" log="/home/builder/epoch/_build/test/logs/ct_run.epoch_ct@localhost.2018-05-18_08.26.44/lib.aens.aens_SUITE.logs/run.2018-05-18_08.31.54/ct_framework.init_per_suite.html"></testcase><testcase group="all_tests" name="init_per_group" time="0.002837" timestamp="2018-05-18T08:31:54" log="/home/builder/epoch/_build/test/logs/ct_run.epoch_ct@localhost.2018-05-18_08.26.44/lib.aens.aens_SUITE.logs/run.2018-05-18_08.31.54/ct_framework.init_per_group.html"></testcase><testcase group="all_tests.transactions" name="init_per_group" time="0.002852" timestamp="2018-05-18T08:31:54" log="/home/builder/epoch/_build/test/logs/ct_run.epoch_ct@localhost.2018-05-18_08.26.44/lib.aens.aens_SUITE.logs/run.2018-05-18_08.31.54/ct_framework.init_per_group.3204.html"></testcase><testcase group="all_tests.transactions" name="prune_preclaim" time="0.090096" timestamp="2018-05-18T08:31:55" log="/home/builder/epoch/_build/test/logs/ct_run.epoch_ct@localhost.2018-05-18_08.26.44/lib.aens.aens_SUITE.logs/run.2018-05-18_08.31.54/aens_suite.prune_preclaim.html"></testcase><testcase group="all_tests.transactions" name="prune_claim" time="0.037041" timestamp="2018-05-18T08:31:55" log="/home/builder/epoch/_build/test/logs/ct_run.epoch_ct@localhost.2018-05-18_08.26.44/lib.aens.aens_SUITE.logs/run.2018-05-18_08.31.54/aens_suite.prune_claim.html"></testcase><testcase group="all_tests.transactions" name="preclaim" time="0.016630" timestamp="2018-05-18T08:31:55" log="/home/builder/epoch/_build/test/logs/ct_run.epoch_ct@localhost.2018-05-18_08.26.44/lib.aens.aens_SUITE.logs/run.2018-05-18_08.31.54/aens_suite.preclaim.html"></testcase><testcase group="all_tests.transactions" name="preclaim_negative" time="0.034532" timestamp="2018-05-18T08:31:55" log="/home/builder/epoch/_build/test/logs/ct_run.epoch_ct@localhost.2018-05-18_08.26.44/lib.aens.aens_SUITE.logs/run.2018-05-18_08.31.54/aens_suite.preclaim_negative.html"></testcase><testcase group="all_tests.transactions" name="claim" time="0.021981" timestamp="2018-05-18T08:31:55" log="/home/builder/epoch/_build/test/logs/ct_run.epoch_ct@localhost.2018-05-18_08.26.44/lib.aens.aens_SUITE.logs/run.2018-05-18_08.31.54/aens_suite.claim.html"></testcase><testcase group="all_tests.transactions" name="claim_negative" time="0.042510" timestamp="2018-05-18T08:31:55" log="/home/builder/epoch/_build/test/logs/ct_run.epoch_ct@localhost.2018-05-18_08.26.44/lib.aens.aens_SUITE.logs/run.2018-05-18_08.31.54/aens_suite.claim_negative.html"></testcase><testcase group="all_tests.transactions" name="claim_race_negative" time="0.036938" timestamp="2018-05-18T08:31:55" log="/home/builder/epoch/_build/test/logs/ct_run.epoch_ct@localhost.2018-05-18_08.26.44/lib.aens.aens_SUITE.logs/run.2018-05-18_08.31.54/aens_suite.claim_race_negative.html"></testcase><testcase group="all_tests.transactions" name="update" time="0.032355" timestamp="2018-05-18T08:31:55" log="/home/builder/epoch/_build/test/logs/ct_run.epoch_ct@localhost.2018-05-18_08.26.44/lib.aens.aens_SUITE.logs/run.2018-05-18_08.31.54/aens_suite.update.html"></testcase><testcase group="all_tests.transactions" name="update_negative" time="0.053735" timestamp="2018-05-18T08:31:55" log="/home/builder/epoch/_build/test/logs/ct_run.epoch_ct@localhost.2018-05-18_08.26.44/lib.aens.aens_SUITE.logs/run.2018-05-18_08.31.54/aens_suite.update_negative.html"></testcase><testcase group="all_tests.transactions" name="transfer" time="0.037425" timestamp="2018-05-18T08:31:55" log="/home/builder/epoch/_build/test/logs/ct_run.epoch_ct@localhost.2018-05-18_08.26.44/lib.aens.aens_SUITE.logs/run.2018-05-18_08.31.54/aens_suite.transfer.html"></testcase><testcase group="all_tests.transactions" name="transfer_negative" time="0.050044" timestamp="2018-05-18T08:31:55" log="/home/builder/epoch/_build/test/logs/ct_run.epoch_ct@localhost.2018-05-18_08.26.44/lib.aens.aens_SUITE.logs/run.2018-05-18_08.31.54/aens_suite.transfer_negative.html"></testcase><testcase group="all_tests.transactions" name="revoke" time="0.033344" timestamp="2018-05-18T08:31:55" log="/home/builder/epoch/_build/test/logs/ct_run.epoch_ct@localhost.2018-05-18_08.26.44/lib.aens.aens_SUITE.logs/run.2018-05-18_08.31.54/aens_suite.revoke.html"></testcase><testcase group="all_tests.transactions" name="revoke_negative" time="0.049621" timestamp="2018-05-18T08:31:55" log="/home/builder/epoch/_build/test/logs/ct_run.epoch_ct@localhost.2018-05-18_08.26.44/lib.aens.aens_SUITE.logs/run.2018-05-18_08.31.54/aens_suite.revoke_negative.html"></testcase><testcase group="all_tests.transactions" name="end_per_group" time="0.003328" timestamp="2018-05-18T08:31:55" log="/home/builder/epoch/_build/test/logs/ct_run.epoch_ct@localhost.2018-05-18_08.26.44/lib.aens.aens_SUITE.logs/run.2018-05-18_08.31.54/ct_framework.end_per_group.html"></testcase><testcase group="all_tests" name="end_per_group" time="0.003092" timestamp="2018-05-18T08:31:55" log="/home/builder/epoch/_build/test/logs/ct_run.epoch_ct@localhost.2018-05-18_08.26.44/lib.aens.aens_SUITE.logs/run.2018-05-18_08.31.54/ct_framework.end_per_group.4996.html"></testcase><testcase name="end_per_suite" time="0.003365" timestamp="2018-05-18T08:31:55" log="/home/builder/epoch/_build/test/logs/ct_run.epoch_ct@localhost.2018-05-18_08.26.44/lib.aens.aens_SUITE.logs/run.2018-05-18_08.31.54/ct_framework.end_per_suite.html"></testcase></testsuite><testsuite hostname="e042f38dd898" name="aecuckoo_SUITE" time="1.580841" timestamp="2018-05-18T08:31:53" errors="0" failures="0" skipped="0" tests="2" log="/home/builder/epoch/_build/test/logs/ct_run.epoch_ct@localhost.2018-05-18_08.26.44/lib.aecuckoo.aecuckoo_SUITE.logs/run.2018-05-18_08.31.53/suite.log.html"><testcase name="init_per_suite" time="0.003126" timestamp="2018-05-18T08:31:53" log="/home/builder/epoch/_build/test/logs/ct_run.epoch_ct@localhost.2018-05-18_08.26.44/lib.aecuckoo.aecuckoo_SUITE.logs/run.2018-05-18_08.31.53/ct_framework.init_per_suite.html"></testcase><testcase group="smoke_tests_16" name="init_per_group" time="0.002651" timestamp="2018-05-18T08:31:53" log="/home/builder/epoch/_build/test/logs/ct_run.epoch_ct@localhost.2018-05-18_08.26.44/lib.aecuckoo.aecuckoo_SUITE.logs/run.2018-05-18_08.31.53/aecuckoo_suite.init_per_group.html"></testcase><testcase group="smoke_tests_16.mean16" name="init_per_group" time="0.002380" timestamp="2018-05-18T08:31:53" log="/home/builder/epoch/_build/test/logs/ct_run.epoch_ct@localhost.2018-05-18_08.26.44/lib.aecuckoo.aecuckoo_SUITE.logs/run.2018-05-18_08.31.53/aecuckoo_suite.init_per_group.2564.html"></testcase><testcase group="smoke_tests_16.mean16" name="smoke_test" time="0.019051" timestamp="2018-05-18T08:31:53" log="/home/builder/epoch/_build/test/logs/ct_run.epoch_ct@localhost.2018-05-18_08.26.44/lib.aecuckoo.aecuckoo_SUITE.logs/run.2018-05-18_08.31.53/aecuckoo_suite.smoke_test.html"></testcase><testcase group="smoke_tests_16.mean16" name="end_per_group" time="0.002594" timestamp="2018-05-18T08:31:53" log="/home/builder/epoch/_build/test/logs/ct_run.epoch_ct@localhost.2018-05-18_08.26.44/lib.aecuckoo.aecuckoo_SUITE.logs/run.2018-05-18_08.31.53/aecuckoo_suite.end_per_group.html"></testcase><testcase group="smoke_tests_16.lean16" name="init_per_group" time="0.002375" timestamp="2018-05-18T08:31:53" log="/home/builder/epoch/_build/test/logs/ct_run.epoch_ct@localhost.2018-05-18_08.26.44/lib.aecuckoo.aecuckoo_SUITE.logs/run.2018-05-18_08.31.53/aecuckoo_suite.init_per_group.2692.html"></testcase><testcase group="smoke_tests_16.lean16" name="smoke_test" time="0.016669" timestamp="2018-05-18T08:31:53" log="/home/builder/epoch/_build/test/logs/ct_run.epoch_ct@localhost.2018-05-18_08.26.44/lib.aecuckoo.aecuckoo_SUITE.logs/run.2018-05-18_08.31.53/aecuckoo_suite.smoke_test.2820.html"></testcase><testcase group="smoke_tests_16.lean16" name="end_per_group" time="0.002435" timestamp="2018-05-18T08:31:53" log="/home/builder/epoch/_build/test/logs/ct_run.epoch_ct@localhost.2018-05-18_08.26.44/lib.aecuckoo.aecuckoo_SUITE.logs/run.2018-05-18_08.31.53/aecuckoo_suite.end_per_group.2948.html"></testcase><testcase group="smoke_tests_16" name="end_per_group" time="0.002704" timestamp="2018-05-18T08:31:53" log="/home/builder/epoch/_build/test/logs/ct_run.epoch_ct@localhost.2018-05-18_08.26.44/lib.aecuckoo.aecuckoo_SUITE.logs/run.2018-05-18_08.31.53/aecuckoo_suite.end_per_group.3076.html"></testcase><testcase name="end_per_suite" time="0.002591" timestamp="2018-05-18T08:31:53" log="/home/builder/epoch/_build/test/logs/ct_run.epoch_ct@localhost.2018-05-18_08.26.44/lib.aecuckoo.aecuckoo_SUITE.logs/run.2018-05-18_08.31.53/ct_framework.end_per_suite.html"></testcase></testsuite><testsuite hostname="e042f38dd898" name="aecore_sync_SUITE" time="126.163733" timestamp="2018-05-18T08:29:47" errors="0" failures="0" skipped="0" tests="35" log="/home/builder/epoch/_build/test/logs/ct_run.epoch_ct@localhost.2018-05-18_08.26.44/lib.aecore.aecore_sync_SUITE.logs/run.2018-05-18_08.29.47/suite.log.html"><testcase name="init_per_suite" time="0.120543" timestamp="2018-05-18T08:29:47" log="/home/builder/epoch/_build/test/logs/ct_run.epoch_ct@localhost.2018-05-18_08.26.44/lib.aecore.aecore_sync_SUITE.logs/run.2018-05-18_08.29.47/aecore_sync_suite.init_per_suite.html"></testcase><testcase group="all_nodes" name="init_per_group" time="0.001206" timestamp="2018-05-18T08:29:47" log="/home/builder/epoch/_build/test/logs/ct_run.epoch_ct@localhost.2018-05-18_08.26.44/lib.aecore.aecore_sync_SUITE.logs/run.2018-05-18_08.29.47/aecore_sync_suite.init_per_group.html"></testcase><testcase group="all_nodes.two_nodes" name="init_per_group" time="0.018862" timestamp="2018-05-18T08:29:47" log="/home/builder/epoch/_build/test/logs/ct_run.epoch_ct@localhost.2018-05-18_08.26.44/lib.aecore.aecore_sync_SUITE.logs/run.2018-05-18_08.29.47/aecore_sync_suite.init_per_group.8706.html"></testcase><testcase group="all_nodes.two_nodes" name="start_first_node" time="3.047815" timestamp="2018-05-18T08:29:47" log="/home/builder/epoch/_build/test/logs/ct_run.epoch_ct@localhost.2018-05-18_08.26.44/lib.aecore.aecore_sync_SUITE.logs/run.2018-05-18_08.29.47/aecore_sync_suite.start_first_node.html"></testcase><testcase group="all_nodes.two_nodes" name="mine_on_first_up_to_latest_consensus_protocol" time="0.008696" timestamp="2018-05-18T08:29:50" log="/home/builder/epoch/_build/test/logs/ct_run.epoch_ct@localhost.2018-05-18_08.26.44/lib.aecore.aecore_sync_SUITE.logs/run.2018-05-18_08.29.47/aecore_sync_suite.mine_on_first_up_to_latest_consensus_protocol.html"></testcase><testcase group="all_nodes.two_nodes" name="mine_on_first" time="0.973155" timestamp="2018-05-18T08:29:50" log="/home/builder/epoch/_build/test/logs/ct_run.epoch_ct@localhost.2018-05-18_08.26.44/lib.aecore.aecore_sync_SUITE.logs/run.2018-05-18_08.29.47/aecore_sync_suite.mine_on_first.html"></testcase><testcase group="all_nodes.two_nodes" name="start_second_node" time="3.134635" timestamp="2018-05-18T08:29:51" log="/home/builder/epoch/_build/test/logs/ct_run.epoch_ct@localhost.2018-05-18_08.26.44/lib.aecore.aecore_sync_SUITE.logs/run.2018-05-18_08.29.47/aecore_sync_suite.start_second_node.html"></testcase><testcase group="all_nodes.two_nodes" name="tx_first_pays_second" time="0.310963" timestamp="2018-05-18T08:29:54" log="/home/builder/epoch/_build/test/logs/ct_run.epoch_ct@localhost.2018-05-18_08.26.44/lib.aecore.aecore_sync_SUITE.logs/run.2018-05-18_08.29.47/aecore_sync_suite.tx_first_pays_second.html"></testcase><testcase group="all_nodes.two_nodes" name="mine_again_on_first" time="1.192714" timestamp="2018-05-18T08:29:55" log="/home/builder/epoch/_build/test/logs/ct_run.epoch_ct@localhost.2018-05-18_08.26.44/lib.aecore.aecore_sync_SUITE.logs/run.2018-05-18_08.29.47/aecore_sync_suite.mine_again_on_first.html"></testcase><testcase group="all_nodes.two_nodes" name="ensure_tx_pools_empty" time="0.005792" timestamp="2018-05-18T08:29:56" log="/home/builder/epoch/_build/test/logs/ct_run.epoch_ct@localhost.2018-05-18_08.26.44/lib.aecore.aecore_sync_SUITE.logs/run.2018-05-18_08.29.47/aecore_sync_suite.ensure_tx_pools_empty.html"></testcase><testcase group="all_nodes.two_nodes" name="mine_on_second" time="2.642074" timestamp="2018-05-18T08:29:56" log="/home/builder/epoch/_build/test/logs/ct_run.epoch_ct@localhost.2018-05-18_08.26.44/lib.aecore.aecore_sync_SUITE.logs/run.2018-05-18_08.29.47/aecore_sync_suite.mine_on_second.html"></testcase><testcase group="all_nodes.two_nodes" name="tx_first_pays_second" time="0.065283" timestamp="2018-05-18T08:29:58" log="/home/builder/epoch/_build/test/logs/ct_run.epoch_ct@localhost.2018-05-18_08.26.44/lib.aecore.aecore_sync_SUITE.logs/run.2018-05-18_08.29.47/aecore_sync_suite.tx_first_pays_second.643.html"></testcase><testcase group="all_nodes.two_nodes" name="restart_second" time="6.917802" timestamp="2018-05-18T08:29:59" log="/home/builder/epoch/_build/test/logs/ct_run.epoch_ct@localhost.2018-05-18_08.26.44/lib.aecore.aecore_sync_SUITE.logs/run.2018-05-18_08.29.47/aecore_sync_suite.restart_second.html"></testcase><testcase group="all_nodes.two_nodes" name="restart_first" time="7.091270" timestamp="2018-05-18T08:30:05" log="/home/builder/epoch/_build/test/logs/ct_run.epoch_ct@localhost.2018-05-18_08.26.44/lib.aecore.aecore_sync_SUITE.logs/run.2018-05-18_08.29.47/aecore_sync_suite.restart_first.html"></testcase><testcase group="all_nodes.two_nodes" name="report_metrics" time="1.006467" timestamp="2018-05-18T08:30:13" log="/home/builder/epoch/_build/test/logs/ct_run.epoch_ct@localhost.2018-05-18_08.26.44/lib.aecore.aecore_sync_SUITE.logs/run.2018-05-18_08.29.47/aecore_sync_suite.report_metrics.html"></testcase><testcase group="all_nodes.two_nodes" name="check_metrics_logged" time="0.055077" timestamp="2018-05-18T08:30:14" log="/home/builder/epoch/_build/test/logs/ct_run.epoch_ct@localhost.2018-05-18_08.26.44/lib.aecore.aecore_sync_SUITE.logs/run.2018-05-18_08.29.47/aecore_sync_suite.check_metrics_logged.html"></testcase><testcase group="all_nodes.two_nodes" name="crash_syncing_worker" time="13.668810" timestamp="2018-05-18T08:30:14" log="/home/builder/epoch/_build/test/logs/ct_run.epoch_ct@localhost.2018-05-18_08.26.44/lib.aecore.aecore_sync_SUITE.logs/run.2018-05-18_08.29.47/aecore_sync_suite.crash_syncing_worker.html"></testcase><testcase group="all_nodes.two_nodes" name="end_per_group" time="7.249229" timestamp="2018-05-18T08:30:27" log="/home/builder/epoch/_build/test/logs/ct_run.epoch_ct@localhost.2018-05-18_08.26.44/lib.aecore.aecore_sync_SUITE.logs/run.2018-05-18_08.29.47/aecore_sync_suite.end_per_group.html"></testcase><testcase group="all_nodes.three_nodes" name="init_per_group" time="0.003107" timestamp="2018-05-18T08:30:35" log="/home/builder/epoch/_build/test/logs/ct_run.epoch_ct@localhost.2018-05-18_08.26.44/lib.aecore.aecore_sync_SUITE.logs/run.2018-05-18_08.29.47/aecore_sync_suite.init_per_group.5509.html"></testcase><testcase group="all_nodes.three_nodes" name="start_first_node" time="3.223024" timestamp="2018-05-18T08:30:35" log="/home/builder/epoch/_build/test/logs/ct_run.epoch_ct@localhost.2018-05-18_08.26.44/lib.aecore.aecore_sync_SUITE.logs/run.2018-05-18_08.29.47/aecore_sync_suite.start_first_node.5637.html"></testcase><testcase group="all_nodes.three_nodes" name="mine_on_first" time="2.844698" timestamp="2018-05-18T08:30:38" log="/home/builder/epoch/_build/test/logs/ct_run.epoch_ct@localhost.2018-05-18_08.26.44/lib.aecore.aecore_sync_SUITE.logs/run.2018-05-18_08.29.47/aecore_sync_suite.mine_on_first.1796.html"></testcase><testcase group="all_nodes.three_nodes" name="start_second_node" time="3.637567" timestamp="2018-05-18T08:30:41" log="/home/builder/epoch/_build/test/logs/ct_run.epoch_ct@localhost.2018-05-18_08.26.44/lib.aecore.aecore_sync_SUITE.logs/run.2018-05-18_08.29.47/aecore_sync_suite.start_second_node.5765.html"></testcase><testcase group="all_nodes.three_nodes" name="start_third_node" time="3.461223" timestamp="2018-05-18T08:30:45" log="/home/builder/epoch/_build/test/logs/ct_run.epoch_ct@localhost.2018-05-18_08.26.44/lib.aecore.aecore_sync_SUITE.logs/run.2018-05-18_08.29.47/aecore_sync_suite.start_third_node.html"></testcase><testcase group="all_nodes.three_nodes" name="mine_again_on_first" time="1.595448" timestamp="2018-05-18T08:30:48" log="/home/builder/epoch/_build/test/logs/ct_run.epoch_ct@localhost.2018-05-18_08.26.44/lib.aecore.aecore_sync_SUITE.logs/run.2018-05-18_08.29.47/aecore_sync_suite.mine_again_on_first.9474.html"></testcase><testcase group="all_nodes.three_nodes" name="mine_on_second" time="2.756064" timestamp="2018-05-18T08:30:50" log="/home/builder/epoch/_build/test/logs/ct_run.epoch_ct@localhost.2018-05-18_08.26.44/lib.aecore.aecore_sync_SUITE.logs/run.2018-05-18_08.29.47/aecore_sync_suite.mine_on_second.9602.html"></testcase><testcase group="all_nodes.three_nodes" name="mine_on_third" time="1.662533" timestamp="2018-05-18T08:30:52" log="/home/builder/epoch/_build/test/logs/ct_run.epoch_ct@localhost.2018-05-18_08.26.44/lib.aecore.aecore_sync_SUITE.logs/run.2018-05-18_08.29.47/aecore_sync_suite.mine_on_third.html"></testcase><testcase group="all_nodes.three_nodes" name="restart_third" time="7.113054" timestamp="2018-05-18T08:30:54" log="/home/builder/epoch/_build/test/logs/ct_run.epoch_ct@localhost.2018-05-18_08.26.44/lib.aecore.aecore_sync_SUITE.logs/run.2018-05-18_08.29.47/aecore_sync_suite.restart_third.html"></testcase><testcase group="all_nodes.three_nodes" name="report_metrics" time="1.080482" timestamp="2018-05-18T08:31:01" log="/home/builder/epoch/_build/test/logs/ct_run.epoch_ct@localhost.2018-05-18_08.26.44/lib.aecore.aecore_sync_SUITE.logs/run.2018-05-18_08.29.47/aecore_sync_suite.report_metrics.6021.html"></testcase><testcase group="all_nodes.three_nodes" name="check_metrics_logged" time="0.062811" timestamp="2018-05-18T08:31:02" log="/home/builder/epoch/_build/test/logs/ct_run.epoch_ct@localhost.2018-05-18_08.26.44/lib.aecore.aecore_sync_SUITE.logs/run.2018-05-18_08.29.47/aecore_sync_suite.check_metrics_logged.9730.html"></testcase><testcase group="all_nodes.three_nodes" name="end_per_group" time="10.717352" timestamp="2018-05-18T08:31:02" log="/home/builder/epoch/_build/test/logs/ct_run.epoch_ct@localhost.2018-05-18_08.26.44/lib.aecore.aecore_sync_SUITE.logs/run.2018-05-18_08.29.47/aecore_sync_suite.end_per_group.9858.html"></testcase><testcase group="all_nodes.semantically_invalid_tx" name="init_per_group" time="0.002509" timestamp="2018-05-18T08:31:13" log="/home/builder/epoch/_build/test/logs/ct_run.epoch_ct@localhost.2018-05-18_08.26.44/lib.aecore.aecore_sync_SUITE.logs/run.2018-05-18_08.29.47/aecore_sync_suite.init_per_group.9986.html"></testcase><testcase group="all_nodes.semantically_invalid_tx" name="start_first_node" time="3.348701" timestamp="2018-05-18T08:31:13" log="/home/builder/epoch/_build/test/logs/ct_run.epoch_ct@localhost.2018-05-18_08.26.44/lib.aecore.aecore_sync_SUITE.logs/run.2018-05-18_08.29.47/aecore_sync_suite.start_first_node.10114.html"></testcase><testcase group="all_nodes.semantically_invalid_tx" name="mine_on_first_up_to_latest_consensus_protocol" time="0.012499" timestamp="2018-05-18T08:31:17" log="/home/builder/epoch/_build/test/logs/ct_run.epoch_ct@localhost.2018-05-18_08.26.44/lib.aecore.aecore_sync_SUITE.logs/run.2018-05-18_08.29.47/aecore_sync_suite.mine_on_first_up_to_latest_consensus_protocol.1924.html"></testcase><testcase group="all_nodes.semantically_invalid_tx" name="mine_on_first" time="0.206459" timestamp="2018-05-18T08:31:17" log="/home/builder/epoch/_build/test/logs/ct_run.epoch_ct@localhost.2018-05-18_08.26.44/lib.aecore.aecore_sync_SUITE.logs/run.2018-05-18_08.29.47/aecore_sync_suite.mine_on_first.2052.html"></testcase><testcase group="all_nodes.semantically_invalid_tx" name="start_second_node" time="3.709079" timestamp="2018-05-18T08:31:17" log="/home/builder/epoch/_build/test/logs/ct_run.epoch_ct@localhost.2018-05-18_08.26.44/lib.aecore.aecore_sync_SUITE.logs/run.2018-05-18_08.29.47/aecore_sync_suite.start_second_node.10242.html"></testcase><testcase group="all_nodes.semantically_invalid_tx" name="ensure_tx_pools_empty" time="0.008255" timestamp="2018-05-18T08:31:21" log="/home/builder/epoch/_build/test/logs/ct_run.epoch_ct@localhost.2018-05-18_08.26.44/lib.aecore.aecore_sync_SUITE.logs/run.2018-05-18_08.29.47/aecore_sync_suite.ensure_tx_pools_empty.10498.html"></testcase><testcase group="all_nodes.semantically_invalid_tx" name="tx_first_pays_second_more_it_can_afford" time="0.253356" timestamp="2018-05-18T08:31:21" log="/home/builder/epoch/_build/test/logs/ct_run.epoch_ct@localhost.2018-05-18_08.26.44/lib.aecore.aecore_sync_SUITE.logs/run.2018-05-18_08.29.47/aecore_sync_suite.tx_first_pays_second_more_it_can_afford.html"></testcase><testcase group="all_nodes.semantically_invalid_tx" name="mine_on_second" time="2.355247" timestamp="2018-05-18T08:31:21" log="/home/builder/epoch/_build/test/logs/ct_run.epoch_ct@localhost.2018-05-18_08.26.44/lib.aecore.aecore_sync_SUITE.logs/run.2018-05-18_08.29.47/aecore_sync_suite.mine_on_second.10626.html"></testcase><testcase group="all_nodes.semantically_invalid_tx" name="ensure_tx_pools_one_tx" time="0.006119" timestamp="2018-05-18T08:31:23" log="/home/builder/epoch/_build/test/logs/ct_run.epoch_ct@localhost.2018-05-18_08.26.44/lib.aecore.aecore_sync_SUITE.logs/run.2018-05-18_08.29.47/aecore_sync_suite.ensure_tx_pools_one_tx.html"></testcase><testcase group="all_nodes.semantically_invalid_tx" name="end_per_group" time="7.124967" timestamp="2018-05-18T08:31:23" log="/home/builder/epoch/_build/test/logs/ct_run.epoch_ct@localhost.2018-05-18_08.26.44/lib.aecore.aecore_sync_SUITE.logs/run.2018-05-18_08.29.47/aecore_sync_suite.end_per_group.10754.html"></testcase><testcase group="all_nodes.one_blocked" name="init_per_group" time="0.007140" timestamp="2018-05-18T08:31:31" log="/home/builder/epoch/_build/test/logs/ct_run.epoch_ct@localhost.2018-05-18_08.26.44/lib.aecore.aecore_sync_SUITE.logs/run.2018-05-18_08.29.47/aecore_sync_suite.init_per_group.10882.html"></testcase><testcase group="all_nodes.one_blocked" name="start_first_node" time="3.068466" timestamp="2018-05-18T08:31:31" log="/home/builder/epoch/_build/test/logs/ct_run.epoch_ct@localhost.2018-05-18_08.26.44/lib.aecore.aecore_sync_SUITE.logs/run.2018-05-18_08.29.47/aecore_sync_suite.start_first_node.11010.html"></testcase><testcase group="all_nodes.one_blocked" name="mine_on_first" time="1.202791" timestamp="2018-05-18T08:31:34" log="/home/builder/epoch/_build/test/logs/ct_run.epoch_ct@localhost.2018-05-18_08.26.44/lib.aecore.aecore_sync_SUITE.logs/run.2018-05-18_08.29.47/aecore_sync_suite.mine_on_first.2180.html"></testcase><testcase group="all_nodes.one_blocked" name="start_blocked_second" time="9.428204" timestamp="2018-05-18T08:31:35" log="/home/builder/epoch/_build/test/logs/ct_run.epoch_ct@localhost.2018-05-18_08.26.44/lib.aecore.aecore_sync_SUITE.logs/run.2018-05-18_08.29.47/aecore_sync_suite.start_blocked_second.html"></testcase><testcase group="all_nodes.one_blocked" name="end_per_group" time="7.097963" timestamp="2018-05-18T08:31:44" log="/home/builder/epoch/_build/test/logs/ct_run.epoch_ct@localhost.2018-05-18_08.26.44/lib.aecore.aecore_sync_SUITE.logs/run.2018-05-18_08.29.47/aecore_sync_suite.end_per_group.2308.html"></testcase><testcase group="all_nodes" name="end_per_group" time="0.002681" timestamp="2018-05-18T08:31:51" log="/home/builder/epoch/_build/test/logs/ct_run.epoch_ct@localhost.2018-05-18_08.26.44/lib.aecore.aecore_sync_SUITE.logs/run.2018-05-18_08.29.47/aecore_sync_suite.end_per_group.2436.html"></testcase><testcase name="end_per_suite" time="0.002821" timestamp="2018-05-18T08:31:52" log="/home/builder/epoch/_build/test/logs/ct_run.epoch_ct@localhost.2018-05-18_08.26.44/lib.aecore.aecore_sync_SUITE.logs/run.2018-05-18_08.29.47/aecore_sync_suite.end_per_suite.html"></testcase></testsuite><testsuite hostname="e042f38dd898" name="aecore_forking_SUITE" time="55.533106" timestamp="2018-05-18T08:28:51" errors="0" failures="0" skipped="0" tests="3" log="/home/builder/epoch/_build/test/logs/ct_run.epoch_ct@localhost.2018-05-18_08.26.44/lib.aecore.aecore_forking_SUITE.logs/run.2018-05-18_08.28.51/suite.log.html"><testcase name="init_per_suite" time="0.048046" timestamp="2018-05-18T08:28:51" log="/home/builder/epoch/_build/test/logs/ct_run.epoch_ct@localhost.2018-05-18_08.26.44/lib.aecore.aecore_forking_SUITE.logs/run.2018-05-18_08.28.51/aecore_forking_suite.init_per_suite.html"></testcase><testcase group="all_nodes" name="init_per_group" time="0.000954" timestamp="2018-05-18T08:28:51" log="/home/builder/epoch/_build/test/logs/ct_run.epoch_ct@localhost.2018-05-18_08.26.44/lib.aecore.aecore_forking_SUITE.logs/run.2018-05-18_08.28.51/aecore_forking_suite.init_per_group.html"></testcase><testcase group="all_nodes.two_nodes" name="init_per_group" time="0.001793" timestamp="2018-05-18T08:28:51" log="/home/builder/epoch/_build/test/logs/ct_run.epoch_ct@localhost.2018-05-18_08.26.44/lib.aecore.aecore_forking_SUITE.logs/run.2018-05-18_08.28.51/aecore_forking_suite.init_per_group.8194.html"></testcase><testcase group="all_nodes.two_nodes" name="create_dev1_chain" time="24.449009" timestamp="2018-05-18T08:28:51" log="/home/builder/epoch/_build/test/logs/ct_run.epoch_ct@localhost.2018-05-18_08.26.44/lib.aecore.aecore_forking_SUITE.logs/run.2018-05-18_08.28.51/aecore_forking_suite.create_dev1_chain.html"></testcase><testcase group="all_nodes.two_nodes" name="create_dev2_chain" time="9.671193" timestamp="2018-05-18T08:29:16" log="/home/builder/epoch/_build/test/logs/ct_run.epoch_ct@localhost.2018-05-18_08.26.44/lib.aecore.aecore_forking_SUITE.logs/run.2018-05-18_08.28.51/aecore_forking_suite.create_dev2_chain.html"></testcase><testcase group="all_nodes.two_nodes" name="sync_fork_in_wrong_order" time="12.771530" timestamp="2018-05-18T08:29:25" log="/home/builder/epoch/_build/test/logs/ct_run.epoch_ct@localhost.2018-05-18_08.26.44/lib.aecore.aecore_forking_SUITE.logs/run.2018-05-18_08.28.51/aecore_forking_suite.sync_fork_in_wrong_order.html"></testcase><testcase group="all_nodes.two_nodes" name="end_per_group" time="0.001075" timestamp="2018-05-18T08:29:38" log="/home/builder/epoch/_build/test/logs/ct_run.epoch_ct@localhost.2018-05-18_08.26.44/lib.aecore.aecore_forking_SUITE.logs/run.2018-05-18_08.28.51/aecore_forking_suite.end_per_group.html"></testcase><testcase group="all_nodes" name="end_per_group" time="0.001039" timestamp="2018-05-18T08:29:38" log="/home/builder/epoch/_build/test/logs/ct_run.epoch_ct@localhost.2018-05-18_08.26.44/lib.aecore.aecore_forking_SUITE.logs/run.2018-05-18_08.28.51/aecore_forking_suite.end_per_group.8578.html"></testcase><testcase name="end_per_suite" time="7.080719" timestamp="2018-05-18T08:29:38" log="/home/builder/epoch/_build/test/logs/ct_run.epoch_ct@localhost.2018-05-18_08.26.44/lib.aecore.aecore_forking_SUITE.logs/run.2018-05-18_08.28.51/aecore_forking_suite.end_per_suite.html"></testcase></testsuite><testsuite hostname="e042f38dd898" name="aec_eunit_SUITE" time="4.643654" timestamp="2018-05-18T08:28:46" errors="0" failures="0" skipped="0" tests="1" log="/home/builder/epoch/_build/test/logs/ct_run.epoch_ct@localhost.2018-05-18_08.26.44/lib.aecore.aec_eunit_SUITE.logs/run.2018-05-18_08.28.46/suite.log.html"><testcase name="init_per_suite" time="0.044715" timestamp="2018-05-18T08:28:46" log="/home/builder/epoch/_build/test/logs/ct_run.epoch_ct@localhost.2018-05-18_08.26.44/lib.aecore.aec_eunit_SUITE.logs/run.2018-05-18_08.28.46/aec_eunit_suite.init_per_suite.html"></testcase><testcase name="application_test" time="3.251687" timestamp="2018-05-18T08:28:47" log="/home/builder/epoch/_build/test/logs/ct_run.epoch_ct@localhost.2018-05-18_08.26.44/lib.aecore.aec_eunit_SUITE.logs/run.2018-05-18_08.28.46/aec_eunit_suite.application_test.html"></testcase><testcase name="end_per_suite" time="0.001452" timestamp="2018-05-18T08:28:50" log="/home/builder/epoch/_build/test/logs/ct_run.epoch_ct@localhost.2018-05-18_08.26.44/lib.aecore.aec_eunit_SUITE.logs/run.2018-05-18_08.28.46/aec_eunit_suite.end_per_suite.html"></testcase></testsuite><testsuite hostname="e042f38dd898" name="aecontract_SUITE" time="3.871888" timestamp="2018-05-18T08:28:43" errors="0" failures="0" skipped="0" tests="14" log="/home/builder/epoch/_build/test/logs/ct_run.epoch_ct@localhost.2018-05-18_08.26.44/lib.aecontract.aecontract_SUITE.logs/run.2018-05-18_08.28.43/suite.log.html"><testcase name="init_per_suite" time="0.000590" timestamp="2018-05-18T08:28:43" log="/home/builder/epoch/_build/test/logs/ct_run.epoch_ct@localhost.2018-05-18_08.26.44/lib.aecontract.aecontract_SUITE.logs/run.2018-05-18_08.28.43/ct_framework.init_per_suite.html"></testcase><testcase group="all_tests" name="init_per_group" time="0.000646" timestamp="2018-05-18T08:28:43" log="/home/builder/epoch/_build/test/logs/ct_run.epoch_ct@localhost.2018-05-18_08.26.44/lib.aecontract.aecontract_SUITE.logs/run.2018-05-18_08.28.43/ct_framework.init_per_group.html"></testcase><testcase group="all_tests.transactions" name="init_per_group" time="0.000718" timestamp="2018-05-18T08:28:43" log="/home/builder/epoch/_build/test/logs/ct_run.epoch_ct@localhost.2018-05-18_08.26.44/lib.aecontract.aecontract_SUITE.logs/run.2018-05-18_08.28.43/ct_framework.init_per_group.1282.html"></testcase><testcase group="all_tests.transactions" name="create_contract" time="0.083056" timestamp="2018-05-18T08:28:43" log="/home/builder/epoch/_build/test/logs/ct_run.epoch_ct@localhost.2018-05-18_08.26.44/lib.aecontract.aecontract_SUITE.logs/run.2018-05-18_08.28.43/aecontract_suite.create_contract.html"></testcase><testcase group="all_tests.transactions" name="create_contract_negative" time="0.029405" timestamp="2018-05-18T08:28:43" log="/home/builder/epoch/_build/test/logs/ct_run.epoch_ct@localhost.2018-05-18_08.26.44/lib.aecontract.aecontract_SUITE.logs/run.2018-05-18_08.28.43/aecontract_suite.create_contract_negative.html"></testcase><testcase group="all_tests.transactions" name="call_contract" time="0.127462" timestamp="2018-05-18T08:28:43" log="/home/builder/epoch/_build/test/logs/ct_run.epoch_ct@localhost.2018-05-18_08.26.44/lib.aecontract.aecontract_SUITE.logs/run.2018-05-18_08.28.43/aecontract_suite.call_contract.html"></testcase><testcase group="all_tests.transactions" name="call_contract_negative" time="0.007816" timestamp="2018-05-18T08:28:43" log="/home/builder/epoch/_build/test/logs/ct_run.epoch_ct@localhost.2018-05-18_08.26.44/lib.aecontract.aecontract_SUITE.logs/run.2018-05-18_08.28.43/aecontract_suite.call_contract_negative.html"></testcase><testcase group="all_tests.transactions" name="end_per_group" time="0.000740" timestamp="2018-05-18T08:28:43" log="/home/builder/epoch/_build/test/logs/ct_run.epoch_ct@localhost.2018-05-18_08.26.44/lib.aecontract.aecontract_SUITE.logs/run.2018-05-18_08.28.43/ct_framework.end_per_group.html"></testcase><testcase group="all_tests.state_tree" name="init_per_group" time="0.000702" timestamp="2018-05-18T08:28:43" log="/home/builder/epoch/_build/test/logs/ct_run.epoch_ct@localhost.2018-05-18_08.26.44/lib.aecontract.aecontract_SUITE.logs/run.2018-05-18_08.28.43/ct_framework.init_per_group.1410.html"></testcase><testcase group="all_tests.state_tree" name="state_tree" time="0.033446" timestamp="2018-05-18T08:28:43" log="/home/builder/epoch/_build/test/logs/ct_run.epoch_ct@localhost.2018-05-18_08.26.44/lib.aecontract.aecontract_SUITE.logs/run.2018-05-18_08.28.43/aecontract_suite.state_tree.html"></testcase><testcase group="all_tests.state_tree" name="end_per_group" time="0.000773" timestamp="2018-05-18T08:28:43" log="/home/builder/epoch/_build/test/logs/ct_run.epoch_ct@localhost.2018-05-18_08.26.44/lib.aecontract.aecontract_SUITE.logs/run.2018-05-18_08.28.43/ct_framework.end_per_group.1538.html"></testcase><testcase group="all_tests.sophia" name="init_per_group" time="0.001040" timestamp="2018-05-18T08:28:43" log="/home/builder/epoch/_build/test/logs/ct_run.epoch_ct@localhost.2018-05-18_08.26.44/lib.aecontract.aecontract_SUITE.logs/run.2018-05-18_08.28.43/ct_framework.init_per_group.1666.html"></testcase><testcase group="all_tests.sophia" name="sophia_identity" time="0.097622" timestamp="2018-05-18T08:28:43" log="/home/builder/epoch/_build/test/logs/ct_run.epoch_ct@localhost.2018-05-18_08.26.44/lib.aecontract.aecontract_SUITE.logs/run.2018-05-18_08.28.43/aecontract_suite.sophia_identity.html"></testcase><testcase group="all_tests.sophia" name="sophia_state" time="0.100302" timestamp="2018-05-18T08:28:43" log="/home/builder/epoch/_build/test/logs/ct_run.epoch_ct@localhost.2018-05-18_08.26.44/lib.aecontract.aecontract_SUITE.logs/run.2018-05-18_08.28.43/aecontract_suite.sophia_state.html"></testcase><testcase group="all_tests.sophia" name="sophia_spend" time="0.135035" timestamp="2018-05-18T08:28:43" log="/home/builder/epoch/_build/test/logs/ct_run.epoch_ct@localhost.2018-05-18_08.26.44/lib.aecontract.aecontract_SUITE.logs/run.2018-05-18_08.28.43/aecontract_suite.sophia_spend.html"></testcase><testcase group="all_tests.sophia" name="end_per_group" time="0.000813" timestamp="2018-05-18T08:28:44" log="/home/builder/epoch/_build/test/logs/ct_run.epoch_ct@localhost.2018-05-18_08.26.44/lib.aecontract.aecontract_SUITE.logs/run.2018-05-18_08.28.43/ct_framework.end_per_group.1794.html"></testcase><testcase group="all_tests.store" name="init_per_group" time="0.000821" timestamp="2018-05-18T08:28:44" log="/home/builder/epoch/_build/test/logs/ct_run.epoch_ct@localhost.2018-05-18_08.26.44/lib.aecontract.aecontract_SUITE.logs/run.2018-05-18_08.28.43/ct_framework.init_per_group.1922.html"></testcase><testcase group="all_tests.store" name="create_store" time="0.009733" timestamp="2018-05-18T08:28:44" log="/home/builder/epoch/_build/test/logs/ct_run.epoch_ct@localhost.2018-05-18_08.26.44/lib.aecontract.aecontract_SUITE.logs/run.2018-05-18_08.28.43/aecontract_suite.create_store.html"></testcase><testcase group="all_tests.store" name="update_store" time="0.014813" timestamp="2018-05-18T08:28:44" log="/home/builder/epoch/_build/test/logs/ct_run.epoch_ct@localhost.2018-05-18_08.26.44/lib.aecontract.aecontract_SUITE.logs/run.2018-05-18_08.28.43/aecontract_suite.update_store.html"></testcase><testcase group="all_tests.store" name="read_store" time="0.015879" timestamp="2018-05-18T08:28:44" log="/home/builder/epoch/_build/test/logs/ct_run.epoch_ct@localhost.2018-05-18_08.26.44/lib.aecontract.aecontract_SUITE.logs/run.2018-05-18_08.28.43/aecontract_suite.read_store.html"></testcase><testcase group="all_tests.store" name="store_zero_value" time="0.015757" timestamp="2018-05-18T08:28:44" log="/home/builder/epoch/_build/test/logs/ct_run.epoch_ct@localhost.2018-05-18_08.26.44/lib.aecontract.aecontract_SUITE.logs/run.2018-05-18_08.28.43/aecontract_suite.store_zero_value.html"></testcase><testcase group="all_tests.store" name="merge_new_zero_value" time="0.028768" timestamp="2018-05-18T08:28:44" log="/home/builder/epoch/_build/test/logs/ct_run.epoch_ct@localhost.2018-05-18_08.26.44/lib.aecontract.aecontract_SUITE.logs/run.2018-05-18_08.28.43/aecontract_suite.merge_new_zero_value.html"></testcase><testcase group="all_tests.store" name="merge_missing_keys" time="0.023312" timestamp="2018-05-18T08:28:44" log="/home/builder/epoch/_build/test/logs/ct_run.epoch_ct@localhost.2018-05-18_08.26.44/lib.aecontract.aecontract_SUITE.logs/run.2018-05-18_08.28.43/aecontract_suite.merge_missing_keys.html"></testcase><testcase group="all_tests.store" name="end_per_group" time="0.001193" timestamp="2018-05-18T08:28:44" log="/home/builder/epoch/_build/test/logs/ct_run.epoch_ct@localhost.2018-05-18_08.26.44/lib.aecontract.aecontract_SUITE.logs/run.2018-05-18_08.28.43/ct_framework.end_per_group.2050.html"></testcase><testcase group="all_tests" name="end_per_group" time="0.001070" timestamp="2018-05-18T08:28:44" log="/home/builder/epoch/_build/test/logs/ct_run.epoch_ct@localhost.2018-05-18_08.26.44/lib.aecontract.aecontract_SUITE.logs/run.2018-05-18_08.28.43/ct_framework.end_per_group.2178.html"></testcase><testcase name="end_per_suite" time="0.000933" timestamp="2018-05-18T08:28:44" log="/home/builder/epoch/_build/test/logs/ct_run.epoch_ct@localhost.2018-05-18_08.26.44/lib.aecontract.aecontract_SUITE.logs/run.2018-05-18_08.28.43/ct_framework.end_per_suite.html"></testcase></testsuite><testsuite hostname="e042f38dd898" name="aesc_txs_SUITE" time="2.340648" timestamp="2018-05-18T08:28:40" errors="0" failures="0" skipped="0" tests="13" log="/home/builder/epoch/_build/test/logs/ct_run.epoch_ct@localhost.2018-05-18_08.26.44/lib.aechannel.aesc_txs_SUITE.logs/run.2018-05-18_08.28.40/suite.log.html"><testcase name="init_per_suite" time="0.000303" timestamp="2018-05-18T08:28:40" log="/home/builder/epoch/_build/test/logs/ct_run.epoch_ct@localhost.2018-05-18_08.26.44/lib.aechannel.aesc_txs_SUITE.logs/run.2018-05-18_08.28.40/ct_framework.init_per_suite.html"></testcase><testcase group="all_tests" name="init_per_group" time="0.000471" timestamp="2018-05-18T08:28:40" log="/home/builder/epoch/_build/test/logs/ct_run.epoch_ct@localhost.2018-05-18_08.26.44/lib.aechannel.aesc_txs_SUITE.logs/run.2018-05-18_08.28.40/ct_framework.init_per_group.html"></testcase><testcase group="all_tests.transactions" name="init_per_group" time="0.000454" timestamp="2018-05-18T08:28:40" log="/home/builder/epoch/_build/test/logs/ct_run.epoch_ct@localhost.2018-05-18_08.26.44/lib.aechannel.aesc_txs_SUITE.logs/run.2018-05-18_08.28.40/ct_framework.init_per_group.514.html"></testcase><testcase group="all_tests.transactions" name="create" time="0.086787" timestamp="2018-05-18T08:28:40" log="/home/builder/epoch/_build/test/logs/ct_run.epoch_ct@localhost.2018-05-18_08.26.44/lib.aechannel.aesc_txs_SUITE.logs/run.2018-05-18_08.28.40/aesc_txs_suite.create.html"></testcase><testcase group="all_tests.transactions" name="create_negative" time="0.041692" timestamp="2018-05-18T08:28:40" log="/home/builder/epoch/_build/test/logs/ct_run.epoch_ct@localhost.2018-05-18_08.26.44/lib.aechannel.aesc_txs_SUITE.logs/run.2018-05-18_08.28.40/aesc_txs_suite.create_negative.html"></testcase><testcase group="all_tests.transactions" name="close_solo" time="0.031585" timestamp="2018-05-18T08:28:41" log="/home/builder/epoch/_build/test/logs/ct_run.epoch_ct@localhost.2018-05-18_08.26.44/lib.aechannel.aesc_txs_SUITE.logs/run.2018-05-18_08.28.40/aesc_txs_suite.close_solo.html"></testcase><testcase group="all_tests.transactions" name="close_solo_negative" time="0.057986" timestamp="2018-05-18T08:28:41" log="/home/builder/epoch/_build/test/logs/ct_run.epoch_ct@localhost.2018-05-18_08.26.44/lib.aechannel.aesc_txs_SUITE.logs/run.2018-05-18_08.28.40/aesc_txs_suite.close_solo_negative.html"></testcase><testcase group="all_tests.transactions" name="close_mutual" time="0.086017" timestamp="2018-05-18T08:28:41" log="/home/builder/epoch/_build/test/logs/ct_run.epoch_ct@localhost.2018-05-18_08.26.44/lib.aechannel.aesc_txs_SUITE.logs/run.2018-05-18_08.28.40/aesc_txs_suite.close_mutual.html"></testcase><testcase group="all_tests.transactions" name="close_mutual_negative" time="0.023046" timestamp="2018-05-18T08:28:41" log="/home/builder/epoch/_build/test/logs/ct_run.epoch_ct@localhost.2018-05-18_08.26.44/lib.aechannel.aesc_txs_SUITE.logs/run.2018-05-18_08.28.40/aesc_txs_suite.close_mutual_negative.html"></testcase><testcase group="all_tests.transactions" name="slash" time="0.030681" timestamp="2018-05-18T08:28:41" log="/home/builder/epoch/_build/test/logs/ct_run.epoch_ct@localhost.2018-05-18_08.26.44/lib.aechannel.aesc_txs_SUITE.logs/run.2018-05-18_08.28.40/aesc_txs_suite.slash.html"></testcase><testcase group="all_tests.transactions" name="slash_negative" time="0.059494" timestamp="2018-05-18T08:28:41" log="/home/builder/epoch/_build/test/logs/ct_run.epoch_ct@localhost.2018-05-18_08.26.44/lib.aechannel.aesc_txs_SUITE.logs/run.2018-05-18_08.28.40/aesc_txs_suite.slash_negative.html"></testcase><testcase group="all_tests.transactions" name="deposit" time="0.018344" timestamp="2018-05-18T08:28:41" log="/home/builder/epoch/_build/test/logs/ct_run.epoch_ct@localhost.2018-05-18_08.26.44/lib.aechannel.aesc_txs_SUITE.logs/run.2018-05-18_08.28.40/aesc_txs_suite.deposit.html"></testcase><testcase group="all_tests.transactions" name="deposit_negative" time="0.038288" timestamp="2018-05-18T08:28:41" log="/home/builder/epoch/_build/test/logs/ct_run.epoch_ct@localhost.2018-05-18_08.26.44/lib.aechannel.aesc_txs_SUITE.logs/run.2018-05-18_08.28.40/aesc_txs_suite.deposit_negative.html"></testcase><testcase group="all_tests.transactions" name="withdraw" time="0.024444" timestamp="2018-05-18T08:28:41" log="/home/builder/epoch/_build/test/logs/ct_run.epoch_ct@localhost.2018-05-18_08.26.44/lib.aechannel.aesc_txs_SUITE.logs/run.2018-05-18_08.28.40/aesc_txs_suite.withdraw.html"></testcase><testcase group="all_tests.transactions" name="settle" time="0.052622" timestamp="2018-05-18T08:28:41" log="/home/builder/epoch/_build/test/logs/ct_run.epoch_ct@localhost.2018-05-18_08.26.44/lib.aechannel.aesc_txs_SUITE.logs/run.2018-05-18_08.28.40/aesc_txs_suite.settle.html"></testcase><testcase group="all_tests.transactions" name="settle_negative" time="0.024858" timestamp="2018-05-18T08:28:41" log="/home/builder/epoch/_build/test/logs/ct_run.epoch_ct@localhost.2018-05-18_08.26.44/lib.aechannel.aesc_txs_SUITE.logs/run.2018-05-18_08.28.40/aesc_txs_suite.settle_negative.html"></testcase><testcase group="all_tests.transactions" name="end_per_group" time="0.000652" timestamp="2018-05-18T08:28:41" log="/home/builder/epoch/_build/test/logs/ct_run.epoch_ct@localhost.2018-05-18_08.26.44/lib.aechannel.aesc_txs_SUITE.logs/run.2018-05-18_08.28.40/ct_framework.end_per_group.html"></testcase><testcase group="all_tests" name="end_per_group" time="0.000602" timestamp="2018-05-18T08:28:41" log="/home/builder/epoch/_build/test/logs/ct_run.epoch_ct@localhost.2018-05-18_08.26.44/lib.aechannel.aesc_txs_SUITE.logs/run.2018-05-18_08.28.40/ct_framework.end_per_group.1154.html"></testcase><testcase name="end_per_suite" time="0.000486" timestamp="2018-05-18T08:28:41" log="/home/builder/epoch/_build/test/logs/ct_run.epoch_ct@localhost.2018-05-18_08.26.44/lib.aechannel.aesc_txs_SUITE.logs/run.2018-05-18_08.28.40/ct_framework.end_per_suite.html"></testcase></testsuite><testsuite hostname="e042f38dd898" name="aesc_fsm_SUITE" time="115.199173" timestamp="2018-05-18T08:26:45" errors="0" failures="0" skipped="0" tests="3" log="/home/builder/epoch/_build/test/logs/ct_run.epoch_ct@localhost.2018-05-18_08.26.44/lib.aechannel.aesc_fsm_SUITE.logs/run.2018-05-18_08.26.45/suite.log.html"><testcase name="init_per_suite" time="0.227789" timestamp="2018-05-18T08:26:45" log="/home/builder/epoch/_build/test/logs/ct_run.epoch_ct@localhost.2018-05-18_08.26.44/lib.aechannel.aesc_fsm_SUITE.logs/run.2018-05-18_08.26.45/aesc_fsm_suite.init_per_suite.html"></testcase><testcase group="all_tests" name="init_per_group" time="28.456258" timestamp="2018-05-18T08:26:45" log="/home/builder/epoch/_build/test/logs/ct_run.epoch_ct@localhost.2018-05-18_08.26.44/lib.aechannel.aesc_fsm_SUITE.logs/run.2018-05-18_08.26.45/aesc_fsm_suite.init_per_group.html"></testcase><testcase group="all_tests.transactions" name="init_per_group" time="46.873612" timestamp="2018-05-18T08:27:14" log="/home/builder/epoch/_build/test/logs/ct_run.epoch_ct@localhost.2018-05-18_08.26.44/lib.aechannel.aesc_fsm_SUITE.logs/run.2018-05-18_08.26.45/aesc_fsm_suite.init_per_group.258.html"></testcase><testcase group="all_tests.transactions" name="create_channel" time="4.095026" timestamp="2018-05-18T08:28:01" log="/home/builder/epoch/_build/test/logs/ct_run.epoch_ct@localhost.2018-05-18_08.26.44/lib.aechannel.aesc_fsm_SUITE.logs/run.2018-05-18_08.26.45/aesc_fsm_suite.create_channel.html"></testcase><testcase group="all_tests.transactions" name="inband_msgs" time="18.165881" timestamp="2018-05-18T08:28:05" log="/home/builder/epoch/_build/test/logs/ct_run.epoch_ct@localhost.2018-05-18_08.26.44/lib.aechannel.aesc_fsm_SUITE.logs/run.2018-05-18_08.26.45/aesc_fsm_suite.inband_msgs.html"></testcase><testcase group="all_tests.transactions" name="upd_transfer" time="7.979404" timestamp="2018-05-18T08:28:23" log="/home/builder/epoch/_build/test/logs/ct_run.epoch_ct@localhost.2018-05-18_08.26.44/lib.aechannel.aesc_fsm_SUITE.logs/run.2018-05-18_08.26.45/aesc_fsm_suite.upd_transfer.html"></testcase><testcase group="all_tests.transactions" name="end_per_group" time="7.194812" timestamp="2018-05-18T08:28:31" log="/home/builder/epoch/_build/test/logs/ct_run.epoch_ct@localhost.2018-05-18_08.26.44/lib.aechannel.aesc_fsm_SUITE.logs/run.2018-05-18_08.26.45/aesc_fsm_suite.end_per_group.html"></testcase><testcase group="all_tests" name="end_per_group" time="0.694911" timestamp="2018-05-18T08:28:38" log="/home/builder/epoch/_build/test/logs/ct_run.epoch_ct@localhost.2018-05-18_08.26.44/lib.aechannel.aesc_fsm_SUITE.logs/run.2018-05-18_08.26.45/aesc_fsm_suite.end_per_group.386.html"></testcase><testcase name="end_per_suite" time="0.000334" timestamp="2018-05-18T08:28:39" log="/home/builder/epoch/_build/test/logs/ct_run.epoch_ct@localhost.2018-05-18_08.26.44/lib.aechannel.aesc_fsm_SUITE.logs/run.2018-05-18_08.26.45/aesc_fsm_suite.end_per_suite.html"></testcase></testsuite></testsuites>