<?xml version="1.0" encoding= "UTF-8" ?><testsuites><testsuite hostname="7e2181804961" name="contract_sophia_bytecode_aevm_SUITE" time="2.845530" timestamp="2018-05-21T10:09:26" errors="0" failures="0" skipped="0" tests="12" log="/home/builder/epoch/_build/test/logs/ct_run.epoch_ct@localhost.2018-05-21_09.53.04/test.extras.contract_sophia_bytecode_aevm_SUITE.logs/run.2018-05-21_10.09.26/suite.log.html"><testcase name="init_per_suite" time="0.005954" timestamp="2018-05-21T10:09:26" log="/home/builder/epoch/_build/test/logs/ct_run.epoch_ct@localhost.2018-05-21_09.53.04/test.extras.contract_sophia_bytecode_aevm_SUITE.logs/run.2018-05-21_10.09.26/ct_framework.init_per_suite.html"></testcase><testcase name="execute_identity_fun_from_sophia_file" time="0.032512" timestamp="2018-05-21T10:09:26" log="/home/builder/epoch/_build/test/logs/ct_run.epoch_ct@localhost.2018-05-21_09.53.04/test.extras.contract_sophia_bytecode_aevm_SUITE.logs/run.2018-05-21_10.09.26/contract_sophia_bytecode_aevm_suite.execute_identity_fun_from_sophia_file.html"></testcase><testcase name="sophia_remote_call" time="0.048596" timestamp="2018-05-21T10:09:26" log="/home/builder/epoch/_build/test/logs/ct_run.epoch_ct@localhost.2018-05-21_09.53.04/test.extras.contract_sophia_bytecode_aevm_SUITE.logs/run.2018-05-21_10.09.26/contract_sophia_bytecode_aevm_suite.sophia_remote_call.html"></testcase><testcase name="sophia_factorial" time="0.041692" timestamp="2018-05-21T10:09:26" log="/home/builder/epoch/_build/test/logs/ct_run.epoch_ct@localhost.2018-05-21_09.53.04/test.extras.contract_sophia_bytecode_aevm_SUITE.logs/run.2018-05-21_10.09.26/contract_sophia_bytecode_aevm_suite.sophia_factorial.html"></testcase><testcase name="simple_multi_argument_call" time="0.029661" timestamp="2018-05-21T10:09:26" log="/home/builder/epoch/_build/test/logs/ct_run.epoch_ct@localhost.2018-05-21_09.53.04/test.extras.contract_sophia_bytecode_aevm_SUITE.logs/run.2018-05-21_10.09.26/contract_sophia_bytecode_aevm_suite.simple_multi_argument_call.html"></testcase><testcase name="remote_multi_argument_call" time="0.032849" timestamp="2018-05-21T10:09:26" log="/home/builder/epoch/_build/test/logs/ct_run.epoch_ct@localhost.2018-05-21_09.53.04/test.extras.contract_sophia_bytecode_aevm_SUITE.logs/run.2018-05-21_10.09.26/contract_sophia_bytecode_aevm_suite.remote_multi_argument_call.html"></testcase><testcase name="spend_tests" time="0.042351" timestamp="2018-05-21T10:09:26" log="/home/builder/epoch/_build/test/logs/ct_run.epoch_ct@localhost.2018-05-21_09.53.04/test.extras.contract_sophia_bytecode_aevm_SUITE.logs/run.2018-05-21_10.09.26/contract_sophia_bytecode_aevm_suite.spend_tests.html"></testcase><testcase name="complex_types" time="0.099383" timestamp="2018-05-21T10:09:26" log="/home/builder/epoch/_build/test/logs/ct_run.epoch_ct@localhost.2018-05-21_09.53.04/test.extras.contract_sophia_bytecode_aevm_SUITE.logs/run.2018-05-21_10.09.26/contract_sophia_bytecode_aevm_suite.complex_types.html"></testcase><testcase name="environment" time="0.072661" timestamp="2018-05-21T10:09:27" log="/home/builder/epoch/_build/test/logs/ct_run.epoch_ct@localhost.2018-05-21_09.53.04/test.extras.contract_sophia_bytecode_aevm_SUITE.logs/run.2018-05-21_10.09.26/contract_sophia_bytecode_aevm_suite.environment.html"></testcase><testcase name="counter" time="0.027819" timestamp="2018-05-21T10:09:27" log="/home/builder/epoch/_build/test/logs/ct_run.epoch_ct@localhost.2018-05-21_09.53.04/test.extras.contract_sophia_bytecode_aevm_SUITE.logs/run.2018-05-21_10.09.26/contract_sophia_bytecode_aevm_suite.counter.html"></testcase><testcase name="stack" time="0.040876" timestamp="2018-05-21T10:09:27" log="/home/builder/epoch/_build/test/logs/ct_run.epoch_ct@localhost.2018-05-21_09.53.04/test.extras.contract_sophia_bytecode_aevm_SUITE.logs/run.2018-05-21_10.09.26/contract_sophia_bytecode_aevm_suite.stack.html"></testcase><testcase name="simple_storage" time="0.027986" timestamp="2018-05-21T10:09:27" log="/home/builder/epoch/_build/test/logs/ct_run.epoch_ct@localhost.2018-05-21_09.53.04/test.extras.contract_sophia_bytecode_aevm_SUITE.logs/run.2018-05-21_10.09.26/contract_sophia_bytecode_aevm_suite.simple_storage.html"></testcase><testcase name="dutch_auction" time="0.624697" timestamp="2018-05-21T10:09:27" log="/home/builder/epoch/_build/test/logs/ct_run.epoch_ct@localhost.2018-05-21_09.53.04/test.extras.contract_sophia_bytecode_aevm_SUITE.logs/run.2018-05-21_10.09.26/contract_sophia_bytecode_aevm_suite.dutch_auction.html"></testcase><testcase name="end_per_suite" time="0.005955" timestamp="2018-05-21T10:09:28" log="/home/builder/epoch/_build/test/logs/ct_run.epoch_ct@localhost.2018-05-21_09.53.04/test.extras.contract_sophia_bytecode_aevm_SUITE.logs/run.2018-05-21_10.09.26/ct_framework.end_per_suite.html"></testcase></testsuite><testsuite hostname="7e2181804961" name="aevm_chain_SUITE" time="1.859663" timestamp="2018-05-21T10:09:24" errors="0" failures="0" skipped="0" tests="2" log="/home/builder/epoch/_build/test/logs/ct_run.epoch_ct@localhost.2018-05-21_09.53.04/test.extras.aevm_chain_SUITE.logs/run.2018-05-21_10.09.24/suite.log.html"><testcase name="init_per_suite" time="0.006033" timestamp="2018-05-21T10:09:24" log="/home/builder/epoch/_build/test/logs/ct_run.epoch_ct@localhost.2018-05-21_09.53.04/test.extras.aevm_chain_SUITE.logs/run.2018-05-21_10.09.24/ct_framework.init_per_suite.html"></testcase><testcase group="all_tests" name="init_per_group" time="0.005483" timestamp="2018-05-21T10:09:24" log="/home/builder/epoch/_build/test/logs/ct_run.epoch_ct@localhost.2018-05-21_09.53.04/test.extras.aevm_chain_SUITE.logs/run.2018-05-21_10.09.24/ct_framework.init_per_group.html"></testcase><testcase group="all_tests.spend" name="init_per_group" time="0.005584" timestamp="2018-05-21T10:09:24" log="/home/builder/epoch/_build/test/logs/ct_run.epoch_ct@localhost.2018-05-21_09.53.04/test.extras.aevm_chain_SUITE.logs/run.2018-05-21_10.09.24/ct_framework.init_per_group.16130.html"></testcase><testcase group="all_tests.spend" name="spend" time="0.164781" timestamp="2018-05-21T10:09:24" log="/home/builder/epoch/_build/test/logs/ct_run.epoch_ct@localhost.2018-05-21_09.53.04/test.extras.aevm_chain_SUITE.logs/run.2018-05-21_10.09.24/aevm_chain_suite.spend.html"></testcase><testcase group="all_tests.spend" name="end_per_group" time="0.005705" timestamp="2018-05-21T10:09:24" log="/home/builder/epoch/_build/test/logs/ct_run.epoch_ct@localhost.2018-05-21_09.53.04/test.extras.aevm_chain_SUITE.logs/run.2018-05-21_10.09.24/ct_framework.end_per_group.html"></testcase><testcase group="all_tests.contracts" name="init_per_group" time="0.005601" timestamp="2018-05-21T10:09:24" log="/home/builder/epoch/_build/test/logs/ct_run.epoch_ct@localhost.2018-05-21_09.53.04/test.extras.aevm_chain_SUITE.logs/run.2018-05-21_10.09.24/ct_framework.init_per_group.16258.html"></testcase><testcase group="all_tests.contracts" name="contracts" time="0.060255" timestamp="2018-05-21T10:09:25" log="/home/builder/epoch/_build/test/logs/ct_run.epoch_ct@localhost.2018-05-21_09.53.04/test.extras.aevm_chain_SUITE.logs/run.2018-05-21_10.09.24/aevm_chain_suite.contracts.html"></testcase><testcase group="all_tests.contracts" name="end_per_group" time="0.007111" timestamp="2018-05-21T10:09:25" log="/home/builder/epoch/_build/test/logs/ct_run.epoch_ct@localhost.2018-05-21_09.53.04/test.extras.aevm_chain_SUITE.logs/run.2018-05-21_10.09.24/ct_framework.end_per_group.16386.html"></testcase><testcase group="all_tests" name="end_per_group" time="0.007113" timestamp="2018-05-21T10:09:25" log="/home/builder/epoch/_build/test/logs/ct_run.epoch_ct@localhost.2018-05-21_09.53.04/test.extras.aevm_chain_SUITE.logs/run.2018-05-21_10.09.24/ct_framework.end_per_group.16514.html"></testcase><testcase name="end_per_suite" time="0.006825" timestamp="2018-05-21T10:09:25" log="/home/builder/epoch/_build/test/logs/ct_run.epoch_ct@localhost.2018-05-21_09.53.04/test.extras.aevm_chain_SUITE.logs/run.2018-05-21_10.09.24/ct_framework.end_per_suite.html"></testcase></testsuite><testsuite hostname="7e2181804961" name="aeoracle_SUITE" time="3.680392" timestamp="2018-05-21T10:09:20" errors="0" failures="0" skipped="0" tests="13" log="/home/builder/epoch/_build/test/logs/ct_run.epoch_ct@localhost.2018-05-21_09.53.04/lib.aeoracle.aeoracle_SUITE.logs/run.2018-05-21_10.09.20/suite.log.html"><testcase name="init_per_suite" time="0.004826" timestamp="2018-05-21T10:09:20" log="/home/builder/epoch/_build/test/logs/ct_run.epoch_ct@localhost.2018-05-21_09.53.04/lib.aeoracle.aeoracle_SUITE.logs/run.2018-05-21_10.09.20/ct_framework.init_per_suite.html"></testcase><testcase group="all_tests" name="init_per_group" time="0.006051" timestamp="2018-05-21T10:09:21" log="/home/builder/epoch/_build/test/logs/ct_run.epoch_ct@localhost.2018-05-21_09.53.04/lib.aeoracle.aeoracle_SUITE.logs/run.2018-05-21_10.09.20/ct_framework.init_per_group.html"></testcase><testcase group="all_tests.transactions" name="init_per_group" time="0.006016" timestamp="2018-05-21T10:09:21" log="/home/builder/epoch/_build/test/logs/ct_run.epoch_ct@localhost.2018-05-21_09.53.04/lib.aeoracle.aeoracle_SUITE.logs/run.2018-05-21_10.09.20/ct_framework.init_per_group.15618.html"></testcase><testcase group="all_tests.transactions" name="register_oracle" time="0.049656" timestamp="2018-05-21T10:09:21" log="/home/builder/epoch/_build/test/logs/ct_run.epoch_ct@localhost.2018-05-21_09.53.04/lib.aeoracle.aeoracle_SUITE.logs/run.2018-05-21_10.09.20/aeoracle_suite.register_oracle.html"></testcase><testcase group="all_tests.transactions" name="register_oracle_negative" time="0.032714" timestamp="2018-05-21T10:09:21" log="/home/builder/epoch/_build/test/logs/ct_run.epoch_ct@localhost.2018-05-21_09.53.04/lib.aeoracle.aeoracle_SUITE.logs/run.2018-05-21_10.09.20/aeoracle_suite.register_oracle_negative.html"></testcase><testcase group="all_tests.transactions" name="extend_oracle" time="0.046433" timestamp="2018-05-21T10:09:21" log="/home/builder/epoch/_build/test/logs/ct_run.epoch_ct@localhost.2018-05-21_09.53.04/lib.aeoracle.aeoracle_SUITE.logs/run.2018-05-21_10.09.20/aeoracle_suite.extend_oracle.html"></testcase><testcase group="all_tests.transactions" name="extend_oracle_negative" time="0.047555" timestamp="2018-05-21T10:09:21" log="/home/builder/epoch/_build/test/logs/ct_run.epoch_ct@localhost.2018-05-21_09.53.04/lib.aeoracle.aeoracle_SUITE.logs/run.2018-05-21_10.09.20/aeoracle_suite.extend_oracle_negative.html"></testcase><testcase group="all_tests.transactions" name="query_oracle" time="0.029150" timestamp="2018-05-21T10:09:21" log="/home/builder/epoch/_build/test/logs/ct_run.epoch_ct@localhost.2018-05-21_09.53.04/lib.aeoracle.aeoracle_SUITE.logs/run.2018-05-21_10.09.20/aeoracle_suite.query_oracle.html"></testcase><testcase group="all_tests.transactions" name="query_oracle_negative" time="0.045620" timestamp="2018-05-21T10:09:21" log="/home/builder/epoch/_build/test/logs/ct_run.epoch_ct@localhost.2018-05-21_09.53.04/lib.aeoracle.aeoracle_SUITE.logs/run.2018-05-21_10.09.20/aeoracle_suite.query_oracle_negative.html"></testcase><testcase group="all_tests.transactions" name="query_response" time="0.033632" timestamp="2018-05-21T10:09:21" log="/home/builder/epoch/_build/test/logs/ct_run.epoch_ct@localhost.2018-05-21_09.53.04/lib.aeoracle.aeoracle_SUITE.logs/run.2018-05-21_10.09.20/aeoracle_suite.query_response.html"></testcase><testcase group="all_tests.transactions" name="query_response_negative" time="0.037953" timestamp="2018-05-21T10:09:21" log="/home/builder/epoch/_build/test/logs/ct_run.epoch_ct@localhost.2018-05-21_09.53.04/lib.aeoracle.aeoracle_SUITE.logs/run.2018-05-21_10.09.20/aeoracle_suite.query_response_negative.html"></testcase><testcase group="all_tests.transactions" name="end_per_group" time="0.005717" timestamp="2018-05-21T10:09:21" log="/home/builder/epoch/_build/test/logs/ct_run.epoch_ct@localhost.2018-05-21_09.53.04/lib.aeoracle.aeoracle_SUITE.logs/run.2018-05-21_10.09.20/ct_framework.end_per_group.html"></testcase><testcase group="all_tests.state_tree" name="init_per_group" time="0.005513" timestamp="2018-05-21T10:09:21" log="/home/builder/epoch/_build/test/logs/ct_run.epoch_ct@localhost.2018-05-21_09.53.04/lib.aeoracle.aeoracle_SUITE.logs/run.2018-05-21_10.09.20/ct_framework.init_per_group.15746.html"></testcase><testcase group="all_tests.state_tree" name="prune_oracle" time="0.030137" timestamp="2018-05-21T10:09:21" log="/home/builder/epoch/_build/test/logs/ct_run.epoch_ct@localhost.2018-05-21_09.53.04/lib.aeoracle.aeoracle_SUITE.logs/run.2018-05-21_10.09.20/aeoracle_suite.prune_oracle.html"></testcase><testcase group="all_tests.state_tree" name="prune_oracle_extend" time="0.040295" timestamp="2018-05-21T10:09:21" log="/home/builder/epoch/_build/test/logs/ct_run.epoch_ct@localhost.2018-05-21_09.53.04/lib.aeoracle.aeoracle_SUITE.logs/run.2018-05-21_10.09.20/aeoracle_suite.prune_oracle_extend.html"></testcase><testcase group="all_tests.state_tree" name="prune_query" time="0.033506" timestamp="2018-05-21T10:09:21" log="/home/builder/epoch/_build/test/logs/ct_run.epoch_ct@localhost.2018-05-21_09.53.04/lib.aeoracle.aeoracle_SUITE.logs/run.2018-05-21_10.09.20/aeoracle_suite.prune_query.html"></testcase><testcase group="all_tests.state_tree" name="prune_response_short" time="0.036960" timestamp="2018-05-21T10:09:21" log="/home/builder/epoch/_build/test/logs/ct_run.epoch_ct@localhost.2018-05-21_09.53.04/lib.aeoracle.aeoracle_SUITE.logs/run.2018-05-21_10.09.20/aeoracle_suite.prune_response_short.html"></testcase><testcase group="all_tests.state_tree" name="prune_response_long" time="0.039614" timestamp="2018-05-21T10:09:22" log="/home/builder/epoch/_build/test/logs/ct_run.epoch_ct@localhost.2018-05-21_09.53.04/lib.aeoracle.aeoracle_SUITE.logs/run.2018-05-21_10.09.20/aeoracle_suite.prune_response_long.html"></testcase><testcase group="all_tests.state_tree" name="end_per_group" time="0.006948" timestamp="2018-05-21T10:09:22" log="/home/builder/epoch/_build/test/logs/ct_run.epoch_ct@localhost.2018-05-21_09.53.04/lib.aeoracle.aeoracle_SUITE.logs/run.2018-05-21_10.09.20/ct_framework.end_per_group.15874.html"></testcase><testcase group="all_tests" name="end_per_group" time="0.006402" timestamp="2018-05-21T10:09:22" log="/home/builder/epoch/_build/test/logs/ct_run.epoch_ct@localhost.2018-05-21_09.53.04/lib.aeoracle.aeoracle_SUITE.logs/run.2018-05-21_10.09.20/ct_framework.end_per_group.16002.html"></testcase><testcase name="end_per_suite" time="0.006118" timestamp="2018-05-21T10:09:22" log="/home/builder/epoch/_build/test/logs/ct_run.epoch_ct@localhost.2018-05-21_09.53.04/lib.aeoracle.aeoracle_SUITE.logs/run.2018-05-21_10.09.20/ct_framework.end_per_suite.html"></testcase></testsuite><testsuite hostname="7e2181804961" name="aehttp_integration_SUITE" time="835.546256" timestamp="2018-05-21T09:55:25" errors="0" failures="0" skipped="0" tests="138" log="/home/builder/epoch/_build/test/logs/ct_run.epoch_ct@localhost.2018-05-21_09.53.04/lib.aehttp.aehttp_integration_SUITE.logs/run.2018-05-21_09.55.25/suite.log.html"><testcase name="init_per_suite" time="0.033570" timestamp="2018-05-21T09:55:25" log="/home/builder/epoch/_build/test/logs/ct_run.epoch_ct@localhost.2018-05-21_09.53.04/lib.aehttp.aehttp_integration_SUITE.logs/run.2018-05-21_09.55.25/aehttp_integration_suite.init_per_suite.html"></testcase><testcase group="all_endpoints" name="init_per_group" time="0.001375" timestamp="2018-05-21T09:55:25" log="/home/builder/epoch/_build/test/logs/ct_run.epoch_ct@localhost.2018-05-21_09.53.04/lib.aehttp.aehttp_integration_SUITE.logs/run.2018-05-21_09.55.25/aehttp_integration_suite.init_per_group.html"></testcase><testcase group="all_endpoints.external_endpoints" name="init_per_group" time="2.860052" timestamp="2018-05-21T09:55:25" log="/home/builder/epoch/_build/test/logs/ct_run.epoch_ct@localhost.2018-05-21_09.53.04/lib.aehttp.aehttp_integration_SUITE.logs/run.2018-05-21_09.55.25/aehttp_integration_suite.init_per_group.9858.html"></testcase><testcase group="all_endpoints.external_endpoints" name="get_top_empty_chain" time="0.338013" timestamp="2018-05-21T09:55:28" log="/home/builder/epoch/_build/test/logs/ct_run.epoch_ct@localhost.2018-05-21_09.53.04/lib.aehttp.aehttp_integration_SUITE.logs/run.2018-05-21_09.55.25/aehttp_integration_suite.get_top_empty_chain.html"></testcase><testcase group="all_endpoints.external_endpoints" name="get_top_non_empty_chain" time="0.539077" timestamp="2018-05-21T09:55:28" log="/home/builder/epoch/_build/test/logs/ct_run.epoch_ct@localhost.2018-05-21_09.53.04/lib.aehttp.aehttp_integration_SUITE.logs/run.2018-05-21_09.55.25/aehttp_integration_suite.get_top_non_empty_chain.html"></testcase><testcase group="all_endpoints.external_endpoints" name="block_genesis" time="14.192625" timestamp="2018-05-21T09:55:29" log="/home/builder/epoch/_build/test/logs/ct_run.epoch_ct@localhost.2018-05-21_09.53.04/lib.aehttp.aehttp_integration_SUITE.logs/run.2018-05-21_09.55.25/aehttp_integration_suite.block_genesis.html"></testcase><testcase group="all_endpoints.external_endpoints" name="block_pending" time="15.273939" timestamp="2018-05-21T09:55:43" log="/home/builder/epoch/_build/test/logs/ct_run.epoch_ct@localhost.2018-05-21_09.53.04/lib.aehttp.aehttp_integration_SUITE.logs/run.2018-05-21_09.55.25/aehttp_integration_suite.block_pending.html"></testcase><testcase group="all_endpoints.external_endpoints" name="block_latest" time="4.824194" timestamp="2018-05-21T09:55:58" log="/home/builder/epoch/_build/test/logs/ct_run.epoch_ct@localhost.2018-05-21_09.53.04/lib.aehttp.aehttp_integration_SUITE.logs/run.2018-05-21_09.55.25/aehttp_integration_suite.block_latest.html"></testcase><testcase group="all_endpoints.external_endpoints" name="block_by_height" time="13.547718" timestamp="2018-05-21T09:56:03" log="/home/builder/epoch/_build/test/logs/ct_run.epoch_ct@localhost.2018-05-21_09.53.04/lib.aehttp.aehttp_integration_SUITE.logs/run.2018-05-21_09.55.25/aehttp_integration_suite.block_by_height.html"></testcase><testcase group="all_endpoints.external_endpoints" name="block_not_found_by_height" time="0.947683" timestamp="2018-05-21T09:56:17" log="/home/builder/epoch/_build/test/logs/ct_run.epoch_ct@localhost.2018-05-21_09.53.04/lib.aehttp.aehttp_integration_SUITE.logs/run.2018-05-21_09.55.25/aehttp_integration_suite.block_not_found_by_height.html"></testcase><testcase group="all_endpoints.external_endpoints" name="block_by_hash" time="8.431434" timestamp="2018-05-21T09:56:18" log="/home/builder/epoch/_build/test/logs/ct_run.epoch_ct@localhost.2018-05-21_09.53.04/lib.aehttp.aehttp_integration_SUITE.logs/run.2018-05-21_09.55.25/aehttp_integration_suite.block_by_hash.html"></testcase><testcase group="all_endpoints.external_endpoints" name="block_not_found_by_hash" time="0.796594" timestamp="2018-05-21T09:56:26" log="/home/builder/epoch/_build/test/logs/ct_run.epoch_ct@localhost.2018-05-21_09.53.04/lib.aehttp.aehttp_integration_SUITE.logs/run.2018-05-21_09.55.25/aehttp_integration_suite.block_not_found_by_hash.html"></testcase><testcase group="all_endpoints.external_endpoints" name="contract_transactions" time="23.287501" timestamp="2018-05-21T09:56:27" log="/home/builder/epoch/_build/test/logs/ct_run.epoch_ct@localhost.2018-05-21_09.53.04/lib.aehttp.aehttp_integration_SUITE.logs/run.2018-05-21_09.55.25/aehttp_integration_suite.contract_transactions.html"></testcase><testcase group="all_endpoints.external_endpoints" name="oracle_transactions" time="21.881548" timestamp="2018-05-21T09:56:50" log="/home/builder/epoch/_build/test/logs/ct_run.epoch_ct@localhost.2018-05-21_09.53.04/lib.aehttp.aehttp_integration_SUITE.logs/run.2018-05-21_09.55.25/aehttp_integration_suite.oracle_transactions.html"></testcase><testcase group="all_endpoints.external_endpoints" name="nameservice_transactions" time="2.390370" timestamp="2018-05-21T09:57:12" log="/home/builder/epoch/_build/test/logs/ct_run.epoch_ct@localhost.2018-05-21_09.53.04/lib.aehttp.aehttp_integration_SUITE.logs/run.2018-05-21_09.55.25/aehttp_integration_suite.nameservice_transactions.html"></testcase><testcase group="all_endpoints.external_endpoints" name="spend_transaction" time="0.475229" timestamp="2018-05-21T09:57:15" log="/home/builder/epoch/_build/test/logs/ct_run.epoch_ct@localhost.2018-05-21_09.53.04/lib.aehttp.aehttp_integration_SUITE.logs/run.2018-05-21_09.55.25/aehttp_integration_suite.spend_transaction.html"></testcase><testcase group="all_endpoints.external_endpoints" name="state_channels_onchain_transactions" time="7.464642" timestamp="2018-05-21T09:57:15" log="/home/builder/epoch/_build/test/logs/ct_run.epoch_ct@localhost.2018-05-21_09.53.04/lib.aehttp.aehttp_integration_SUITE.logs/run.2018-05-21_09.55.25/aehttp_integration_suite.state_channels_onchain_transactions.html"></testcase><testcase group="all_endpoints.external_endpoints" name="unknown_atom_in_spend_tx" time="0.178535" timestamp="2018-05-21T09:57:23" log="/home/builder/epoch/_build/test/logs/ct_run.epoch_ct@localhost.2018-05-21_09.53.04/lib.aehttp.aehttp_integration_SUITE.logs/run.2018-05-21_09.55.25/aehttp_integration_suite.unknown_atom_in_spend_tx.html"></testcase><testcase group="all_endpoints.external_endpoints" name="get_transaction" time="5.368179" timestamp="2018-05-21T09:57:23" log="/home/builder/epoch/_build/test/logs/ct_run.epoch_ct@localhost.2018-05-21_09.53.04/lib.aehttp.aehttp_integration_SUITE.logs/run.2018-05-21_09.55.25/aehttp_integration_suite.get_transaction.html"></testcase><testcase group="all_endpoints.external_endpoints" name="pending_transactions" time="4.122933" timestamp="2018-05-21T09:57:28" log="/home/builder/epoch/_build/test/logs/ct_run.epoch_ct@localhost.2018-05-21_09.53.04/lib.aehttp.aehttp_integration_SUITE.logs/run.2018-05-21_09.55.25/aehttp_integration_suite.pending_transactions.html"></testcase><testcase group="all_endpoints.external_endpoints" name="post_correct_blocks" time="6.050669" timestamp="2018-05-21T09:57:32" log="/home/builder/epoch/_build/test/logs/ct_run.epoch_ct@localhost.2018-05-21_09.53.04/lib.aehttp.aehttp_integration_SUITE.logs/run.2018-05-21_09.55.25/aehttp_integration_suite.post_correct_blocks.html"></testcase><testcase group="all_endpoints.external_endpoints" name="post_broken_blocks" time="7.488978" timestamp="2018-05-21T09:57:39" log="/home/builder/epoch/_build/test/logs/ct_run.epoch_ct@localhost.2018-05-21_09.53.04/lib.aehttp.aehttp_integration_SUITE.logs/run.2018-05-21_09.55.25/aehttp_integration_suite.post_broken_blocks.html"></testcase><testcase group="all_endpoints.external_endpoints" name="post_correct_tx" time="1.862327" timestamp="2018-05-21T09:57:46" log="/home/builder/epoch/_build/test/logs/ct_run.epoch_ct@localhost.2018-05-21_09.53.04/lib.aehttp.aehttp_integration_SUITE.logs/run.2018-05-21_09.55.25/aehttp_integration_suite.post_correct_tx.html"></testcase><testcase group="all_endpoints.external_endpoints" name="post_broken_tx" time="2.004826" timestamp="2018-05-21T09:57:48" log="/home/builder/epoch/_build/test/logs/ct_run.epoch_ct@localhost.2018-05-21_09.53.04/lib.aehttp.aehttp_integration_SUITE.logs/run.2018-05-21_09.55.25/aehttp_integration_suite.post_broken_tx.html"></testcase><testcase group="all_endpoints.external_endpoints" name="post_broken_base58_tx" time="0.489282" timestamp="2018-05-21T09:57:50" log="/home/builder/epoch/_build/test/logs/ct_run.epoch_ct@localhost.2018-05-21_09.53.04/lib.aehttp.aehttp_integration_SUITE.logs/run.2018-05-21_09.55.25/aehttp_integration_suite.post_broken_base58_tx.html"></testcase><testcase group="all_endpoints.external_endpoints" name="all_accounts_balances" time="3.624138" timestamp="2018-05-21T09:57:50" log="/home/builder/epoch/_build/test/logs/ct_run.epoch_ct@localhost.2018-05-21_09.53.04/lib.aehttp.aehttp_integration_SUITE.logs/run.2018-05-21_09.55.25/aehttp_integration_suite.all_accounts_balances.html"></testcase><testcase group="all_endpoints.external_endpoints" name="all_accounts_balances_empty" time="0.078893" timestamp="2018-05-21T09:57:54" log="/home/builder/epoch/_build/test/logs/ct_run.epoch_ct@localhost.2018-05-21_09.53.04/lib.aehttp.aehttp_integration_SUITE.logs/run.2018-05-21_09.55.25/aehttp_integration_suite.all_accounts_balances_empty.html"></testcase><testcase group="all_endpoints.external_endpoints" name="all_accounts_balances_disabled" time="0.065558" timestamp="2018-05-21T09:57:54" log="/home/builder/epoch/_build/test/logs/ct_run.epoch_ct@localhost.2018-05-21_09.53.04/lib.aehttp.aehttp_integration_SUITE.logs/run.2018-05-21_09.55.25/aehttp_integration_suite.all_accounts_balances_disabled.html"></testcase><testcase group="all_endpoints.external_endpoints" name="balance" time="10.302526" timestamp="2018-05-21T09:57:54" log="/home/builder/epoch/_build/test/logs/ct_run.epoch_ct@localhost.2018-05-21_09.53.04/lib.aehttp.aehttp_integration_SUITE.logs/run.2018-05-21_09.55.25/aehttp_integration_suite.balance.html"></testcase><testcase group="all_endpoints.external_endpoints" name="balance_negative_cases" time="0.781897" timestamp="2018-05-21T09:58:05" log="/home/builder/epoch/_build/test/logs/ct_run.epoch_ct@localhost.2018-05-21_09.53.04/lib.aehttp.aehttp_integration_SUITE.logs/run.2018-05-21_09.55.25/aehttp_integration_suite.balance_negative_cases.html"></testcase><testcase group="all_endpoints.external_endpoints" name="account_transactions" time="32.785781" timestamp="2018-05-21T09:58:05" log="/home/builder/epoch/_build/test/logs/ct_run.epoch_ct@localhost.2018-05-21_09.53.04/lib.aehttp.aehttp_integration_SUITE.logs/run.2018-05-21_09.55.25/aehttp_integration_suite.account_transactions.html"></testcase><testcase group="all_endpoints.external_endpoints" name="version" time="0.073694" timestamp="2018-05-21T09:58:38" log="/home/builder/epoch/_build/test/logs/ct_run.epoch_ct@localhost.2018-05-21_09.53.04/lib.aehttp.aehttp_integration_SUITE.logs/run.2018-05-21_09.55.25/aehttp_integration_suite.version.html"></testcase><testcase group="all_endpoints.external_endpoints" name="info_disabled" time="0.066029" timestamp="2018-05-21T09:58:38" log="/home/builder/epoch/_build/test/logs/ct_run.epoch_ct@localhost.2018-05-21_09.53.04/lib.aehttp.aehttp_integration_SUITE.logs/run.2018-05-21_09.55.25/aehttp_integration_suite.info_disabled.html"></testcase><testcase group="all_endpoints.external_endpoints" name="info_empty" time="0.088442" timestamp="2018-05-21T09:58:38" log="/home/builder/epoch/_build/test/logs/ct_run.epoch_ct@localhost.2018-05-21_09.53.04/lib.aehttp.aehttp_integration_SUITE.logs/run.2018-05-21_09.55.25/aehttp_integration_suite.info_empty.html"></testcase><testcase group="all_endpoints.external_endpoints" name="info_more_than_30" time="70.708509" timestamp="2018-05-21T09:58:39" log="/home/builder/epoch/_build/test/logs/ct_run.epoch_ct@localhost.2018-05-21_09.53.04/lib.aehttp.aehttp_integration_SUITE.logs/run.2018-05-21_09.55.25/aehttp_integration_suite.info_more_than_30.html"></testcase><testcase group="all_endpoints.external_endpoints" name="info_less_than_30" time="24.292882" timestamp="2018-05-21T09:59:49" log="/home/builder/epoch/_build/test/logs/ct_run.epoch_ct@localhost.2018-05-21_09.53.04/lib.aehttp.aehttp_integration_SUITE.logs/run.2018-05-21_09.55.25/aehttp_integration_suite.info_less_than_30.html"></testcase><testcase group="all_endpoints.external_endpoints" name="peer_pub_key" time="0.061370" timestamp="2018-05-21T10:00:14" log="/home/builder/epoch/_build/test/logs/ct_run.epoch_ct@localhost.2018-05-21_09.53.04/lib.aehttp.aehttp_integration_SUITE.logs/run.2018-05-21_09.55.25/aehttp_integration_suite.peer_pub_key.html"></testcase><testcase group="all_endpoints.external_endpoints" name="end_per_group" time="3.627093" timestamp="2018-05-21T10:00:14" log="/home/builder/epoch/_build/test/logs/ct_run.epoch_ct@localhost.2018-05-21_09.53.04/lib.aehttp.aehttp_integration_SUITE.logs/run.2018-05-21_09.55.25/aehttp_integration_suite.end_per_group.html"></testcase><testcase group="all_endpoints.internal_endpoints" name="init_per_group" time="3.104156" timestamp="2018-05-21T10:00:17" log="/home/builder/epoch/_build/test/logs/ct_run.epoch_ct@localhost.2018-05-21_09.53.04/lib.aehttp.aehttp_integration_SUITE.logs/run.2018-05-21_09.55.25/aehttp_integration_suite.init_per_group.899.html"></testcase><testcase group="all_endpoints.internal_endpoints" name="broken_spend_tx" time="0.433488" timestamp="2018-05-21T10:00:21" log="/home/builder/epoch/_build/test/logs/ct_run.epoch_ct@localhost.2018-05-21_09.53.04/lib.aehttp.aehttp_integration_SUITE.logs/run.2018-05-21_09.55.25/aehttp_integration_suite.broken_spend_tx.html"></testcase><testcase group="all_endpoints.internal_endpoints" name="naming_system_broken_txs" time="0.405478" timestamp="2018-05-21T10:00:21" log="/home/builder/epoch/_build/test/logs/ct_run.epoch_ct@localhost.2018-05-21_09.53.04/lib.aehttp.aehttp_integration_SUITE.logs/run.2018-05-21_09.55.25/aehttp_integration_suite.naming_system_broken_txs.html"></testcase><testcase group="all_endpoints.internal_endpoints" name="miner_pub_key" time="0.039088" timestamp="2018-05-21T10:00:21" log="/home/builder/epoch/_build/test/logs/ct_run.epoch_ct@localhost.2018-05-21_09.53.04/lib.aehttp.aehttp_integration_SUITE.logs/run.2018-05-21_09.55.25/aehttp_integration_suite.miner_pub_key.html"></testcase><testcase group="all_endpoints.internal_endpoints" name="block_number" time="10.972855" timestamp="2018-05-21T10:00:22" log="/home/builder/epoch/_build/test/logs/ct_run.epoch_ct@localhost.2018-05-21_09.53.04/lib.aehttp.aehttp_integration_SUITE.logs/run.2018-05-21_09.55.25/aehttp_integration_suite.block_number.html"></testcase><testcase group="all_endpoints.internal_endpoints" name="block_txs_count_by_height" time="15.629173" timestamp="2018-05-21T10:00:33" log="/home/builder/epoch/_build/test/logs/ct_run.epoch_ct@localhost.2018-05-21_09.53.04/lib.aehttp.aehttp_integration_SUITE.logs/run.2018-05-21_09.55.25/aehttp_integration_suite.block_txs_count_by_height.html"></testcase><testcase group="all_endpoints.internal_endpoints" name="block_txs_count_by_hash" time="16.238770" timestamp="2018-05-21T10:00:48" log="/home/builder/epoch/_build/test/logs/ct_run.epoch_ct@localhost.2018-05-21_09.53.04/lib.aehttp.aehttp_integration_SUITE.logs/run.2018-05-21_09.55.25/aehttp_integration_suite.block_txs_count_by_hash.html"></testcase><testcase group="all_endpoints.internal_endpoints" name="block_txs_count_genesis" time="11.593667" timestamp="2018-05-21T10:01:05" log="/home/builder/epoch/_build/test/logs/ct_run.epoch_ct@localhost.2018-05-21_09.53.04/lib.aehttp.aehttp_integration_SUITE.logs/run.2018-05-21_09.55.25/aehttp_integration_suite.block_txs_count_genesis.html"></testcase><testcase group="all_endpoints.internal_endpoints" name="block_txs_count_latest" time="29.933150" timestamp="2018-05-21T10:01:16" log="/home/builder/epoch/_build/test/logs/ct_run.epoch_ct@localhost.2018-05-21_09.53.04/lib.aehttp.aehttp_integration_SUITE.logs/run.2018-05-21_09.55.25/aehttp_integration_suite.block_txs_count_latest.html"></testcase><testcase group="all_endpoints.internal_endpoints" name="block_txs_count_pending" time="10.296167" timestamp="2018-05-21T10:01:46" log="/home/builder/epoch/_build/test/logs/ct_run.epoch_ct@localhost.2018-05-21_09.53.04/lib.aehttp.aehttp_integration_SUITE.logs/run.2018-05-21_09.55.25/aehttp_integration_suite.block_txs_count_pending.html"></testcase><testcase group="all_endpoints.internal_endpoints" name="block_txs_count_by_height_not_found" time="0.185577" timestamp="2018-05-21T10:01:56" log="/home/builder/epoch/_build/test/logs/ct_run.epoch_ct@localhost.2018-05-21_09.53.04/lib.aehttp.aehttp_integration_SUITE.logs/run.2018-05-21_09.55.25/aehttp_integration_suite.block_txs_count_by_height_not_found.html"></testcase><testcase group="all_endpoints.internal_endpoints" name="block_txs_count_by_hash_not_found" time="0.172534" timestamp="2018-05-21T10:01:57" log="/home/builder/epoch/_build/test/logs/ct_run.epoch_ct@localhost.2018-05-21_09.53.04/lib.aehttp.aehttp_integration_SUITE.logs/run.2018-05-21_09.55.25/aehttp_integration_suite.block_txs_count_by_hash_not_found.html"></testcase><testcase group="all_endpoints.internal_endpoints" name="block_txs_count_by_broken_hash" time="0.174696" timestamp="2018-05-21T10:01:57" log="/home/builder/epoch/_build/test/logs/ct_run.epoch_ct@localhost.2018-05-21_09.53.04/lib.aehttp.aehttp_integration_SUITE.logs/run.2018-05-21_09.55.25/aehttp_integration_suite.block_txs_count_by_broken_hash.html"></testcase><testcase group="all_endpoints.internal_endpoints" name="block_tx_index_by_height" time="26.135940" timestamp="2018-05-21T10:01:57" log="/home/builder/epoch/_build/test/logs/ct_run.epoch_ct@localhost.2018-05-21_09.53.04/lib.aehttp.aehttp_integration_SUITE.logs/run.2018-05-21_09.55.25/aehttp_integration_suite.block_tx_index_by_height.html"></testcase><testcase group="all_endpoints.internal_endpoints" name="block_tx_index_by_hash" time="35.781843" timestamp="2018-05-21T10:02:23" log="/home/builder/epoch/_build/test/logs/ct_run.epoch_ct@localhost.2018-05-21_09.53.04/lib.aehttp.aehttp_integration_SUITE.logs/run.2018-05-21_09.55.25/aehttp_integration_suite.block_tx_index_by_hash.html"></testcase><testcase group="all_endpoints.internal_endpoints" name="block_tx_index_latest" time="27.739488" timestamp="2018-05-21T10:02:59" log="/home/builder/epoch/_build/test/logs/ct_run.epoch_ct@localhost.2018-05-21_09.53.04/lib.aehttp.aehttp_integration_SUITE.logs/run.2018-05-21_09.55.25/aehttp_integration_suite.block_tx_index_latest.html"></testcase><testcase group="all_endpoints.internal_endpoints" name="block_tx_index_not_founds" time="17.025763" timestamp="2018-05-21T10:03:27" log="/home/builder/epoch/_build/test/logs/ct_run.epoch_ct@localhost.2018-05-21_09.53.04/lib.aehttp.aehttp_integration_SUITE.logs/run.2018-05-21_09.55.25/aehttp_integration_suite.block_tx_index_not_founds.html"></testcase><testcase group="all_endpoints.internal_endpoints" name="block_txs_list_by_height" time="63.625457" timestamp="2018-05-21T10:03:44" log="/home/builder/epoch/_build/test/logs/ct_run.epoch_ct@localhost.2018-05-21_09.53.04/lib.aehttp.aehttp_integration_SUITE.logs/run.2018-05-21_09.55.25/aehttp_integration_suite.block_txs_list_by_height.html"></testcase><testcase group="all_endpoints.internal_endpoints" name="block_txs_list_by_hash" time="46.275591" timestamp="2018-05-21T10:04:48" log="/home/builder/epoch/_build/test/logs/ct_run.epoch_ct@localhost.2018-05-21_09.53.04/lib.aehttp.aehttp_integration_SUITE.logs/run.2018-05-21_09.55.25/aehttp_integration_suite.block_txs_list_by_hash.html"></testcase><testcase group="all_endpoints.internal_endpoints" name="block_txs_list_by_height_invalid_range" time="0.611798" timestamp="2018-05-21T10:05:34" log="/home/builder/epoch/_build/test/logs/ct_run.epoch_ct@localhost.2018-05-21_09.53.04/lib.aehttp.aehttp_integration_SUITE.logs/run.2018-05-21_09.55.25/aehttp_integration_suite.block_txs_list_by_height_invalid_range.html"></testcase><testcase group="all_endpoints.internal_endpoints" name="block_txs_list_by_hash_invalid_range" time="37.636430" timestamp="2018-05-21T10:05:35" log="/home/builder/epoch/_build/test/logs/ct_run.epoch_ct@localhost.2018-05-21_09.53.04/lib.aehttp.aehttp_integration_SUITE.logs/run.2018-05-21_09.55.25/aehttp_integration_suite.block_txs_list_by_hash_invalid_range.html"></testcase><testcase group="all_endpoints.internal_endpoints" name="list_oracles" time="11.717940" timestamp="2018-05-21T10:06:12" log="/home/builder/epoch/_build/test/logs/ct_run.epoch_ct@localhost.2018-05-21_09.53.04/lib.aehttp.aehttp_integration_SUITE.logs/run.2018-05-21_09.55.25/aehttp_integration_suite.list_oracles.html"></testcase><testcase group="all_endpoints.internal_endpoints" name="list_oracle_queries" time="26.946493" timestamp="2018-05-21T10:06:24" log="/home/builder/epoch/_build/test/logs/ct_run.epoch_ct@localhost.2018-05-21_09.53.04/lib.aehttp.aehttp_integration_SUITE.logs/run.2018-05-21_09.55.25/aehttp_integration_suite.list_oracle_queries.html"></testcase><testcase group="all_endpoints.internal_endpoints" name="peers" time="0.091494" timestamp="2018-05-21T10:06:51" log="/home/builder/epoch/_build/test/logs/ct_run.epoch_ct@localhost.2018-05-21_09.53.04/lib.aehttp.aehttp_integration_SUITE.logs/run.2018-05-21_09.55.25/aehttp_integration_suite.peers.html"></testcase><testcase group="all_endpoints.internal_endpoints" name="end_per_group" time="3.508772" timestamp="2018-05-21T10:06:51" log="/home/builder/epoch/_build/test/logs/ct_run.epoch_ct@localhost.2018-05-21_09.53.04/lib.aehttp.aehttp_integration_SUITE.logs/run.2018-05-21_09.55.25/aehttp_integration_suite.end_per_group.2179.html"></testcase><testcase group="all_endpoints.swagger_validation" name="init_per_group" time="2.500293" timestamp="2018-05-21T10:06:55" log="/home/builder/epoch/_build/test/logs/ct_run.epoch_ct@localhost.2018-05-21_09.53.04/lib.aehttp.aehttp_integration_SUITE.logs/run.2018-05-21_09.55.25/aehttp_integration_suite.init_per_group.12930.html"></testcase><testcase group="all_endpoints.swagger_validation" name="swagger_validation_body" time="0.153264" timestamp="2018-05-21T10:06:57" log="/home/builder/epoch/_build/test/logs/ct_run.epoch_ct@localhost.2018-05-21_09.53.04/lib.aehttp.aehttp_integration_SUITE.logs/run.2018-05-21_09.55.25/aehttp_integration_suite.swagger_validation_body.html"></testcase><testcase group="all_endpoints.swagger_validation" name="swagger_validation_enum" time="0.103860" timestamp="2018-05-21T10:06:57" log="/home/builder/epoch/_build/test/logs/ct_run.epoch_ct@localhost.2018-05-21_09.53.04/lib.aehttp.aehttp_integration_SUITE.logs/run.2018-05-21_09.55.25/aehttp_integration_suite.swagger_validation_enum.html"></testcase><testcase group="all_endpoints.swagger_validation" name="swagger_validation_max_min" time="0.164878" timestamp="2018-05-21T10:06:57" log="/home/builder/epoch/_build/test/logs/ct_run.epoch_ct@localhost.2018-05-21_09.53.04/lib.aehttp.aehttp_integration_SUITE.logs/run.2018-05-21_09.55.25/aehttp_integration_suite.swagger_validation_max_min.html"></testcase><testcase group="all_endpoints.swagger_validation" name="swagger_validation_required" time="0.063483" timestamp="2018-05-21T10:06:58" log="/home/builder/epoch/_build/test/logs/ct_run.epoch_ct@localhost.2018-05-21_09.53.04/lib.aehttp.aehttp_integration_SUITE.logs/run.2018-05-21_09.55.25/aehttp_integration_suite.swagger_validation_required.html"></testcase><testcase group="all_endpoints.swagger_validation" name="swagger_validation_schema" time="0.100810" timestamp="2018-05-21T10:06:58" log="/home/builder/epoch/_build/test/logs/ct_run.epoch_ct@localhost.2018-05-21_09.53.04/lib.aehttp.aehttp_integration_SUITE.logs/run.2018-05-21_09.55.25/aehttp_integration_suite.swagger_validation_schema.html"></testcase><testcase group="all_endpoints.swagger_validation" name="swagger_validation_types" time="0.037208" timestamp="2018-05-21T10:06:58" log="/home/builder/epoch/_build/test/logs/ct_run.epoch_ct@localhost.2018-05-21_09.53.04/lib.aehttp.aehttp_integration_SUITE.logs/run.2018-05-21_09.55.25/aehttp_integration_suite.swagger_validation_types.html"></testcase><testcase group="all_endpoints.swagger_validation" name="end_per_group" time="3.490538" timestamp="2018-05-21T10:06:58" log="/home/builder/epoch/_build/test/logs/ct_run.epoch_ct@localhost.2018-05-21_09.53.04/lib.aehttp.aehttp_integration_SUITE.logs/run.2018-05-21_09.55.25/aehttp_integration_suite.end_per_group.13186.html"></testcase><testcase group="all_endpoints.wrong_http_method_endpoints" name="init_per_group" time="2.289831" timestamp="2018-05-21T10:07:02" log="/home/builder/epoch/_build/test/logs/ct_run.epoch_ct@localhost.2018-05-21_09.53.04/lib.aehttp.aehttp_integration_SUITE.logs/run.2018-05-21_09.55.25/aehttp_integration_suite.init_per_group.13314.html"></testcase><testcase group="all_endpoints.wrong_http_method_endpoints" name="wrong_http_method_top" time="0.149690" timestamp="2018-05-21T10:07:04" log="/home/builder/epoch/_build/test/logs/ct_run.epoch_ct@localhost.2018-05-21_09.53.04/lib.aehttp.aehttp_integration_SUITE.logs/run.2018-05-21_09.55.25/aehttp_integration_suite.wrong_http_method_top.html"></testcase><testcase group="all_endpoints.wrong_http_method_endpoints" name="wrong_http_method_contract_create" time="0.054522" timestamp="2018-05-21T10:07:04" log="/home/builder/epoch/_build/test/logs/ct_run.epoch_ct@localhost.2018-05-21_09.53.04/lib.aehttp.aehttp_integration_SUITE.logs/run.2018-05-21_09.55.25/aehttp_integration_suite.wrong_http_method_contract_create.html"></testcase><testcase group="all_endpoints.wrong_http_method_endpoints" name="wrong_http_method_contract_call" time="0.053506" timestamp="2018-05-21T10:07:04" log="/home/builder/epoch/_build/test/logs/ct_run.epoch_ct@localhost.2018-05-21_09.53.04/lib.aehttp.aehttp_integration_SUITE.logs/run.2018-05-21_09.55.25/aehttp_integration_suite.wrong_http_method_contract_call.html"></testcase><testcase group="all_endpoints.wrong_http_method_endpoints" name="wrong_http_method_contract_call_compute" time="0.055892" timestamp="2018-05-21T10:07:04" log="/home/builder/epoch/_build/test/logs/ct_run.epoch_ct@localhost.2018-05-21_09.53.04/lib.aehttp.aehttp_integration_SUITE.logs/run.2018-05-21_09.55.25/aehttp_integration_suite.wrong_http_method_contract_call_compute.html"></testcase><testcase group="all_endpoints.wrong_http_method_endpoints" name="wrong_http_method_spend" time="0.054177" timestamp="2018-05-21T10:07:04" log="/home/builder/epoch/_build/test/logs/ct_run.epoch_ct@localhost.2018-05-21_09.53.04/lib.aehttp.aehttp_integration_SUITE.logs/run.2018-05-21_09.55.25/aehttp_integration_suite.wrong_http_method_spend.html"></testcase><testcase group="all_endpoints.wrong_http_method_endpoints" name="wrong_http_method_oracle_register" time="0.073543" timestamp="2018-05-21T10:07:04" log="/home/builder/epoch/_build/test/logs/ct_run.epoch_ct@localhost.2018-05-21_09.53.04/lib.aehttp.aehttp_integration_SUITE.logs/run.2018-05-21_09.55.25/aehttp_integration_suite.wrong_http_method_oracle_register.html"></testcase><testcase group="all_endpoints.wrong_http_method_endpoints" name="wrong_http_method_oracle_extend" time="0.055449" timestamp="2018-05-21T10:07:04" log="/home/builder/epoch/_build/test/logs/ct_run.epoch_ct@localhost.2018-05-21_09.53.04/lib.aehttp.aehttp_integration_SUITE.logs/run.2018-05-21_09.55.25/aehttp_integration_suite.wrong_http_method_oracle_extend.html"></testcase><testcase group="all_endpoints.wrong_http_method_endpoints" name="wrong_http_method_oracle_query" time="0.054245" timestamp="2018-05-21T10:07:05" log="/home/builder/epoch/_build/test/logs/ct_run.epoch_ct@localhost.2018-05-21_09.53.04/lib.aehttp.aehttp_integration_SUITE.logs/run.2018-05-21_09.55.25/aehttp_integration_suite.wrong_http_method_oracle_query.html"></testcase><testcase group="all_endpoints.wrong_http_method_endpoints" name="wrong_http_method_oracle_response" time="0.057071" timestamp="2018-05-21T10:07:05" log="/home/builder/epoch/_build/test/logs/ct_run.epoch_ct@localhost.2018-05-21_09.53.04/lib.aehttp.aehttp_integration_SUITE.logs/run.2018-05-21_09.55.25/aehttp_integration_suite.wrong_http_method_oracle_response.html"></testcase><testcase group="all_endpoints.wrong_http_method_endpoints" name="wrong_http_method_name_preclaim" time="0.061657" timestamp="2018-05-21T10:07:05" log="/home/builder/epoch/_build/test/logs/ct_run.epoch_ct@localhost.2018-05-21_09.53.04/lib.aehttp.aehttp_integration_SUITE.logs/run.2018-05-21_09.55.25/aehttp_integration_suite.wrong_http_method_name_preclaim.html"></testcase><testcase group="all_endpoints.wrong_http_method_endpoints" name="wrong_http_method_name_claim" time="0.058895" timestamp="2018-05-21T10:07:05" log="/home/builder/epoch/_build/test/logs/ct_run.epoch_ct@localhost.2018-05-21_09.53.04/lib.aehttp.aehttp_integration_SUITE.logs/run.2018-05-21_09.55.25/aehttp_integration_suite.wrong_http_method_name_claim.html"></testcase><testcase group="all_endpoints.wrong_http_method_endpoints" name="wrong_http_method_name_update" time="0.056628" timestamp="2018-05-21T10:07:05" log="/home/builder/epoch/_build/test/logs/ct_run.epoch_ct@localhost.2018-05-21_09.53.04/lib.aehttp.aehttp_integration_SUITE.logs/run.2018-05-21_09.55.25/aehttp_integration_suite.wrong_http_method_name_update.html"></testcase><testcase group="all_endpoints.wrong_http_method_endpoints" name="wrong_http_method_name_transfer" time="0.057978" timestamp="2018-05-21T10:07:05" log="/home/builder/epoch/_build/test/logs/ct_run.epoch_ct@localhost.2018-05-21_09.53.04/lib.aehttp.aehttp_integration_SUITE.logs/run.2018-05-21_09.55.25/aehttp_integration_suite.wrong_http_method_name_transfer.html"></testcase><testcase group="all_endpoints.wrong_http_method_endpoints" name="wrong_http_method_name_revoke" time="0.055759" timestamp="2018-05-21T10:07:05" log="/home/builder/epoch/_build/test/logs/ct_run.epoch_ct@localhost.2018-05-21_09.53.04/lib.aehttp.aehttp_integration_SUITE.logs/run.2018-05-21_09.55.25/aehttp_integration_suite.wrong_http_method_name_revoke.html"></testcase><testcase group="all_endpoints.wrong_http_method_endpoints" name="wrong_http_method_block_by_height" time="0.057538" timestamp="2018-05-21T10:07:05" log="/home/builder/epoch/_build/test/logs/ct_run.epoch_ct@localhost.2018-05-21_09.53.04/lib.aehttp.aehttp_integration_SUITE.logs/run.2018-05-21_09.55.25/aehttp_integration_suite.wrong_http_method_block_by_height.html"></testcase><testcase group="all_endpoints.wrong_http_method_endpoints" name="wrong_http_method_block_by_hash" time="0.066254" timestamp="2018-05-21T10:07:05" log="/home/builder/epoch/_build/test/logs/ct_run.epoch_ct@localhost.2018-05-21_09.53.04/lib.aehttp.aehttp_integration_SUITE.logs/run.2018-05-21_09.55.25/aehttp_integration_suite.wrong_http_method_block_by_hash.html"></testcase><testcase group="all_endpoints.wrong_http_method_endpoints" name="wrong_http_method_header_by_hash" time="0.059827" timestamp="2018-05-21T10:07:05" log="/home/builder/epoch/_build/test/logs/ct_run.epoch_ct@localhost.2018-05-21_09.53.04/lib.aehttp.aehttp_integration_SUITE.logs/run.2018-05-21_09.55.25/aehttp_integration_suite.wrong_http_method_header_by_hash.html"></testcase><testcase group="all_endpoints.wrong_http_method_endpoints" name="wrong_http_method_transactions" time="0.059038" timestamp="2018-05-21T10:07:05" log="/home/builder/epoch/_build/test/logs/ct_run.epoch_ct@localhost.2018-05-21_09.53.04/lib.aehttp.aehttp_integration_SUITE.logs/run.2018-05-21_09.55.25/aehttp_integration_suite.wrong_http_method_transactions.html"></testcase><testcase group="all_endpoints.wrong_http_method_endpoints" name="wrong_http_method_tx_id" time="0.056635" timestamp="2018-05-21T10:07:05" log="/home/builder/epoch/_build/test/logs/ct_run.epoch_ct@localhost.2018-05-21_09.53.04/lib.aehttp.aehttp_integration_SUITE.logs/run.2018-05-21_09.55.25/aehttp_integration_suite.wrong_http_method_tx_id.html"></testcase><testcase group="all_endpoints.wrong_http_method_endpoints" name="wrong_http_method_spend_tx" time="0.039243" timestamp="2018-05-21T10:07:06" log="/home/builder/epoch/_build/test/logs/ct_run.epoch_ct@localhost.2018-05-21_09.53.04/lib.aehttp.aehttp_integration_SUITE.logs/run.2018-05-21_09.55.25/aehttp_integration_suite.wrong_http_method_spend_tx.html"></testcase><testcase group="all_endpoints.wrong_http_method_endpoints" name="wrong_http_method_name_preclaim_tx" time="0.035047" timestamp="2018-05-21T10:07:06" log="/home/builder/epoch/_build/test/logs/ct_run.epoch_ct@localhost.2018-05-21_09.53.04/lib.aehttp.aehttp_integration_SUITE.logs/run.2018-05-21_09.55.25/aehttp_integration_suite.wrong_http_method_name_preclaim_tx.html"></testcase><testcase group="all_endpoints.wrong_http_method_endpoints" name="wrong_http_method_name_claim_tx" time="0.035272" timestamp="2018-05-21T10:07:06" log="/home/builder/epoch/_build/test/logs/ct_run.epoch_ct@localhost.2018-05-21_09.53.04/lib.aehttp.aehttp_integration_SUITE.logs/run.2018-05-21_09.55.25/aehttp_integration_suite.wrong_http_method_name_claim_tx.html"></testcase><testcase group="all_endpoints.wrong_http_method_endpoints" name="wrong_http_method_name_update_tx" time="0.035601" timestamp="2018-05-21T10:07:06" log="/home/builder/epoch/_build/test/logs/ct_run.epoch_ct@localhost.2018-05-21_09.53.04/lib.aehttp.aehttp_integration_SUITE.logs/run.2018-05-21_09.55.25/aehttp_integration_suite.wrong_http_method_name_update_tx.html"></testcase><testcase group="all_endpoints.wrong_http_method_endpoints" name="wrong_http_method_name_transfer_tx" time="0.036265" timestamp="2018-05-21T10:07:06" log="/home/builder/epoch/_build/test/logs/ct_run.epoch_ct@localhost.2018-05-21_09.53.04/lib.aehttp.aehttp_integration_SUITE.logs/run.2018-05-21_09.55.25/aehttp_integration_suite.wrong_http_method_name_transfer_tx.html"></testcase><testcase group="all_endpoints.wrong_http_method_endpoints" name="wrong_http_method_name_revoke_tx" time="0.034833" timestamp="2018-05-21T10:07:06" log="/home/builder/epoch/_build/test/logs/ct_run.epoch_ct@localhost.2018-05-21_09.53.04/lib.aehttp.aehttp_integration_SUITE.logs/run.2018-05-21_09.55.25/aehttp_integration_suite.wrong_http_method_name_revoke_tx.html"></testcase><testcase group="all_endpoints.wrong_http_method_endpoints" name="wrong_http_method_commitment_hash" time="0.078014" timestamp="2018-05-21T10:07:06" log="/home/builder/epoch/_build/test/logs/ct_run.epoch_ct@localhost.2018-05-21_09.53.04/lib.aehttp.aehttp_integration_SUITE.logs/run.2018-05-21_09.55.25/aehttp_integration_suite.wrong_http_method_commitment_hash.html"></testcase><testcase group="all_endpoints.wrong_http_method_endpoints" name="wrong_http_method_name" time="0.062985" timestamp="2018-05-21T10:07:06" log="/home/builder/epoch/_build/test/logs/ct_run.epoch_ct@localhost.2018-05-21_09.53.04/lib.aehttp.aehttp_integration_SUITE.logs/run.2018-05-21_09.55.25/aehttp_integration_suite.wrong_http_method_name.html"></testcase><testcase group="all_endpoints.wrong_http_method_endpoints" name="wrong_http_method_balance" time="0.061970" timestamp="2018-05-21T10:07:06" log="/home/builder/epoch/_build/test/logs/ct_run.epoch_ct@localhost.2018-05-21_09.53.04/lib.aehttp.aehttp_integration_SUITE.logs/run.2018-05-21_09.55.25/aehttp_integration_suite.wrong_http_method_balance.html"></testcase><testcase group="all_endpoints.wrong_http_method_endpoints" name="wrong_http_method_account_transactions" time="0.066710" timestamp="2018-05-21T10:07:06" log="/home/builder/epoch/_build/test/logs/ct_run.epoch_ct@localhost.2018-05-21_09.53.04/lib.aehttp.aehttp_integration_SUITE.logs/run.2018-05-21_09.55.25/aehttp_integration_suite.wrong_http_method_account_transactions.html"></testcase><testcase group="all_endpoints.wrong_http_method_endpoints" name="wrong_http_method_block" time="0.056614" timestamp="2018-05-21T10:07:06" log="/home/builder/epoch/_build/test/logs/ct_run.epoch_ct@localhost.2018-05-21_09.53.04/lib.aehttp.aehttp_integration_SUITE.logs/run.2018-05-21_09.55.25/aehttp_integration_suite.wrong_http_method_block.html"></testcase><testcase group="all_endpoints.wrong_http_method_endpoints" name="wrong_http_method_tx" time="0.056624" timestamp="2018-05-21T10:07:06" log="/home/builder/epoch/_build/test/logs/ct_run.epoch_ct@localhost.2018-05-21_09.53.04/lib.aehttp.aehttp_integration_SUITE.logs/run.2018-05-21_09.55.25/aehttp_integration_suite.wrong_http_method_tx.html"></testcase><testcase group="all_endpoints.wrong_http_method_endpoints" name="wrong_http_method_all_accounts_balances" time="0.060609" timestamp="2018-05-21T10:07:07" log="/home/builder/epoch/_build/test/logs/ct_run.epoch_ct@localhost.2018-05-21_09.53.04/lib.aehttp.aehttp_integration_SUITE.logs/run.2018-05-21_09.55.25/aehttp_integration_suite.wrong_http_method_all_accounts_balances.html"></testcase><testcase group="all_endpoints.wrong_http_method_endpoints" name="wrong_http_method_miner_pub_key" time="0.035698" timestamp="2018-05-21T10:07:07" log="/home/builder/epoch/_build/test/logs/ct_run.epoch_ct@localhost.2018-05-21_09.53.04/lib.aehttp.aehttp_integration_SUITE.logs/run.2018-05-21_09.55.25/aehttp_integration_suite.wrong_http_method_miner_pub_key.html"></testcase><testcase group="all_endpoints.wrong_http_method_endpoints" name="wrong_http_method_version" time="0.055699" timestamp="2018-05-21T10:07:07" log="/home/builder/epoch/_build/test/logs/ct_run.epoch_ct@localhost.2018-05-21_09.53.04/lib.aehttp.aehttp_integration_SUITE.logs/run.2018-05-21_09.55.25/aehttp_integration_suite.wrong_http_method_version.html"></testcase><testcase group="all_endpoints.wrong_http_method_endpoints" name="wrong_http_method_info" time="0.057613" timestamp="2018-05-21T10:07:07" log="/home/builder/epoch/_build/test/logs/ct_run.epoch_ct@localhost.2018-05-21_09.53.04/lib.aehttp.aehttp_integration_SUITE.logs/run.2018-05-21_09.55.25/aehttp_integration_suite.wrong_http_method_info.html"></testcase><testcase group="all_endpoints.wrong_http_method_endpoints" name="wrong_http_method_block_number" time="0.035595" timestamp="2018-05-21T10:07:07" log="/home/builder/epoch/_build/test/logs/ct_run.epoch_ct@localhost.2018-05-21_09.53.04/lib.aehttp.aehttp_integration_SUITE.logs/run.2018-05-21_09.55.25/aehttp_integration_suite.wrong_http_method_block_number.html"></testcase><testcase group="all_endpoints.wrong_http_method_endpoints" name="wrong_http_method_block_latest" time="0.058773" timestamp="2018-05-21T10:07:07" log="/home/builder/epoch/_build/test/logs/ct_run.epoch_ct@localhost.2018-05-21_09.53.04/lib.aehttp.aehttp_integration_SUITE.logs/run.2018-05-21_09.55.25/aehttp_integration_suite.wrong_http_method_block_latest.html"></testcase><testcase group="all_endpoints.wrong_http_method_endpoints" name="wrong_http_method_block_genesis" time="0.059168" timestamp="2018-05-21T10:07:07" log="/home/builder/epoch/_build/test/logs/ct_run.epoch_ct@localhost.2018-05-21_09.53.04/lib.aehttp.aehttp_integration_SUITE.logs/run.2018-05-21_09.55.25/aehttp_integration_suite.wrong_http_method_block_genesis.html"></testcase><testcase group="all_endpoints.wrong_http_method_endpoints" name="wrong_http_method_block_pending" time="0.061572" timestamp="2018-05-21T10:07:07" log="/home/builder/epoch/_build/test/logs/ct_run.epoch_ct@localhost.2018-05-21_09.53.04/lib.aehttp.aehttp_integration_SUITE.logs/run.2018-05-21_09.55.25/aehttp_integration_suite.wrong_http_method_block_pending.html"></testcase><testcase group="all_endpoints.wrong_http_method_endpoints" name="wrong_http_method_block_txs_count_by_height" time="0.035755" timestamp="2018-05-21T10:07:07" log="/home/builder/epoch/_build/test/logs/ct_run.epoch_ct@localhost.2018-05-21_09.53.04/lib.aehttp.aehttp_integration_SUITE.logs/run.2018-05-21_09.55.25/aehttp_integration_suite.wrong_http_method_block_txs_count_by_height.html"></testcase><testcase group="all_endpoints.wrong_http_method_endpoints" name="wrong_http_method_block_txs_count_by_hash" time="0.036642" timestamp="2018-05-21T10:07:07" log="/home/builder/epoch/_build/test/logs/ct_run.epoch_ct@localhost.2018-05-21_09.53.04/lib.aehttp.aehttp_integration_SUITE.logs/run.2018-05-21_09.55.25/aehttp_integration_suite.wrong_http_method_block_txs_count_by_hash.html"></testcase><testcase group="all_endpoints.wrong_http_method_endpoints" name="wrong_http_method_block_txs_count_latest" time="0.038321" timestamp="2018-05-21T10:07:07" log="/home/builder/epoch/_build/test/logs/ct_run.epoch_ct@localhost.2018-05-21_09.53.04/lib.aehttp.aehttp_integration_SUITE.logs/run.2018-05-21_09.55.25/aehttp_integration_suite.wrong_http_method_block_txs_count_latest.html"></testcase><testcase group="all_endpoints.wrong_http_method_endpoints" name="wrong_http_method_block_txs_count_genesis" time="0.038046" timestamp="2018-05-21T10:07:07" log="/home/builder/epoch/_build/test/logs/ct_run.epoch_ct@localhost.2018-05-21_09.53.04/lib.aehttp.aehttp_integration_SUITE.logs/run.2018-05-21_09.55.25/aehttp_integration_suite.wrong_http_method_block_txs_count_genesis.html"></testcase><testcase group="all_endpoints.wrong_http_method_endpoints" name="wrong_http_method_block_txs_count_pending" time="0.037973" timestamp="2018-05-21T10:07:07" log="/home/builder/epoch/_build/test/logs/ct_run.epoch_ct@localhost.2018-05-21_09.53.04/lib.aehttp.aehttp_integration_SUITE.logs/run.2018-05-21_09.55.25/aehttp_integration_suite.wrong_http_method_block_txs_count_pending.html"></testcase><testcase group="all_endpoints.wrong_http_method_endpoints" name="wrong_http_method_block_tx_by_index_height" time="0.038502" timestamp="2018-05-21T10:07:08" log="/home/builder/epoch/_build/test/logs/ct_run.epoch_ct@localhost.2018-05-21_09.53.04/lib.aehttp.aehttp_integration_SUITE.logs/run.2018-05-21_09.55.25/aehttp_integration_suite.wrong_http_method_block_tx_by_index_height.html"></testcase><testcase group="all_endpoints.wrong_http_method_endpoints" name="wrong_http_method_block_tx_by_index_hash" time="0.037352" timestamp="2018-05-21T10:07:08" log="/home/builder/epoch/_build/test/logs/ct_run.epoch_ct@localhost.2018-05-21_09.53.04/lib.aehttp.aehttp_integration_SUITE.logs/run.2018-05-21_09.55.25/aehttp_integration_suite.wrong_http_method_block_tx_by_index_hash.html"></testcase><testcase group="all_endpoints.wrong_http_method_endpoints" name="wrong_http_method_block_tx_by_index_latest" time="0.038166" timestamp="2018-05-21T10:07:08" log="/home/builder/epoch/_build/test/logs/ct_run.epoch_ct@localhost.2018-05-21_09.53.04/lib.aehttp.aehttp_integration_SUITE.logs/run.2018-05-21_09.55.25/aehttp_integration_suite.wrong_http_method_block_tx_by_index_latest.html"></testcase><testcase group="all_endpoints.wrong_http_method_endpoints" name="wrong_http_method_block_txs_list_by_height" time="0.037608" timestamp="2018-05-21T10:07:08" log="/home/builder/epoch/_build/test/logs/ct_run.epoch_ct@localhost.2018-05-21_09.53.04/lib.aehttp.aehttp_integration_SUITE.logs/run.2018-05-21_09.55.25/aehttp_integration_suite.wrong_http_method_block_txs_list_by_height.html"></testcase><testcase group="all_endpoints.wrong_http_method_endpoints" name="wrong_http_method_block_txs_list_by_hash" time="0.036315" timestamp="2018-05-21T10:07:08" log="/home/builder/epoch/_build/test/logs/ct_run.epoch_ct@localhost.2018-05-21_09.53.04/lib.aehttp.aehttp_integration_SUITE.logs/run.2018-05-21_09.55.25/aehttp_integration_suite.wrong_http_method_block_txs_list_by_hash.html"></testcase><testcase group="all_endpoints.wrong_http_method_endpoints" name="wrong_http_method_list_oracles" time="0.036032" timestamp="2018-05-21T10:07:08" log="/home/builder/epoch/_build/test/logs/ct_run.epoch_ct@localhost.2018-05-21_09.53.04/lib.aehttp.aehttp_integration_SUITE.logs/run.2018-05-21_09.55.25/aehttp_integration_suite.wrong_http_method_list_oracles.html"></testcase><testcase group="all_endpoints.wrong_http_method_endpoints" name="wrong_http_method_list_oracle_queries" time="0.035903" timestamp="2018-05-21T10:07:08" log="/home/builder/epoch/_build/test/logs/ct_run.epoch_ct@localhost.2018-05-21_09.53.04/lib.aehttp.aehttp_integration_SUITE.logs/run.2018-05-21_09.55.25/aehttp_integration_suite.wrong_http_method_list_oracle_queries.html"></testcase><testcase group="all_endpoints.wrong_http_method_endpoints" name="wrong_http_method_peers" time="0.037908" timestamp="2018-05-21T10:07:08" log="/home/builder/epoch/_build/test/logs/ct_run.epoch_ct@localhost.2018-05-21_09.53.04/lib.aehttp.aehttp_integration_SUITE.logs/run.2018-05-21_09.55.25/aehttp_integration_suite.wrong_http_method_peers.html"></testcase><testcase group="all_endpoints.wrong_http_method_endpoints" name="end_per_group" time="3.501118" timestamp="2018-05-21T10:07:08" log="/home/builder/epoch/_build/test/logs/ct_run.epoch_ct@localhost.2018-05-21_09.53.04/lib.aehttp.aehttp_integration_SUITE.logs/run.2018-05-21_09.55.25/aehttp_integration_suite.end_per_group.13570.html"></testcase><testcase group="all_endpoints.websocket" name="init_per_group" time="2.367451" timestamp="2018-05-21T10:07:12" log="/home/builder/epoch/_build/test/logs/ct_run.epoch_ct@localhost.2018-05-21_09.53.04/lib.aehttp.aehttp_integration_SUITE.logs/run.2018-05-21_09.55.25/aehttp_integration_suite.init_per_group.13698.html"></testcase><testcase group="all_endpoints.websocket" name="ws_get_genesis" time="0.299549" timestamp="2018-05-21T10:07:14" log="/home/builder/epoch/_build/test/logs/ct_run.epoch_ct@localhost.2018-05-21_09.53.04/lib.aehttp.aehttp_integration_SUITE.logs/run.2018-05-21_09.55.25/aehttp_integration_suite.ws_get_genesis.html"></testcase><testcase group="all_endpoints.websocket" name="ws_request_tag" time="0.014752" timestamp="2018-05-21T10:07:14" log="/home/builder/epoch/_build/test/logs/ct_run.epoch_ct@localhost.2018-05-21_09.53.04/lib.aehttp.aehttp_integration_SUITE.logs/run.2018-05-21_09.55.25/aehttp_integration_suite.ws_request_tag.html"></testcase><testcase group="all_endpoints.websocket" name="ws_block_mined" time="0.969837" timestamp="2018-05-21T10:07:14" log="/home/builder/epoch/_build/test/logs/ct_run.epoch_ct@localhost.2018-05-21_09.53.04/lib.aehttp.aehttp_integration_SUITE.logs/run.2018-05-21_09.55.25/aehttp_integration_suite.ws_block_mined.html"></testcase><testcase group="all_endpoints.websocket" name="ws_refused_on_limit_reached" time="6.249502" timestamp="2018-05-21T10:07:15" log="/home/builder/epoch/_build/test/logs/ct_run.epoch_ct@localhost.2018-05-21_09.53.04/lib.aehttp.aehttp_integration_SUITE.logs/run.2018-05-21_09.55.25/aehttp_integration_suite.ws_refused_on_limit_reached.html"></testcase><testcase group="all_endpoints.websocket" name="ws_tx_on_chain" time="3.406054" timestamp="2018-05-21T10:07:22" log="/home/builder/epoch/_build/test/logs/ct_run.epoch_ct@localhost.2018-05-21_09.53.04/lib.aehttp.aehttp_integration_SUITE.logs/run.2018-05-21_09.55.25/aehttp_integration_suite.ws_tx_on_chain.html"></testcase><testcase group="all_endpoints.websocket" name="ws_oracles" time="6.397005" timestamp="2018-05-21T10:07:25" log="/home/builder/epoch/_build/test/logs/ct_run.epoch_ct@localhost.2018-05-21_09.53.04/lib.aehttp.aehttp_integration_SUITE.logs/run.2018-05-21_09.55.25/aehttp_integration_suite.ws_oracles.html"></testcase><testcase group="all_endpoints.websocket" name="end_per_group" time="3.480819" timestamp="2018-05-21T10:07:32" log="/home/builder/epoch/_build/test/logs/ct_run.epoch_ct@localhost.2018-05-21_09.53.04/lib.aehttp.aehttp_integration_SUITE.logs/run.2018-05-21_09.55.25/aehttp_integration_suite.end_per_group.13954.html"></testcase><testcase group="all_endpoints.naming" name="init_per_group" time="2.608511" timestamp="2018-05-21T10:07:35" log="/home/builder/epoch/_build/test/logs/ct_run.epoch_ct@localhost.2018-05-21_09.53.04/lib.aehttp.aehttp_integration_SUITE.logs/run.2018-05-21_09.55.25/aehttp_integration_suite.init_per_group.14082.html"></testcase><testcase group="all_endpoints.naming" name="naming_system_manage_name" time="18.977187" timestamp="2018-05-21T10:07:38" log="/home/builder/epoch/_build/test/logs/ct_run.epoch_ct@localhost.2018-05-21_09.53.04/lib.aehttp.aehttp_integration_SUITE.logs/run.2018-05-21_09.55.25/aehttp_integration_suite.naming_system_manage_name.html"></testcase><testcase group="all_endpoints.naming" name="end_per_group" time="3.498104" timestamp="2018-05-21T10:07:57" log="/home/builder/epoch/_build/test/logs/ct_run.epoch_ct@localhost.2018-05-21_09.53.04/lib.aehttp.aehttp_integration_SUITE.logs/run.2018-05-21_09.55.25/aehttp_integration_suite.end_per_group.14338.html"></testcase><testcase group="all_endpoints.channel_websocket" name="init_per_group" time="20.456040" timestamp="2018-05-21T10:08:00" log="/home/builder/epoch/_build/test/logs/ct_run.epoch_ct@localhost.2018-05-21_09.53.04/lib.aehttp.aehttp_integration_SUITE.logs/run.2018-05-21_09.55.25/aehttp_integration_suite.init_per_group.14466.html"></testcase><testcase group="all_endpoints.channel_websocket" name="sc_ws_timeout_open" time="0.152817" timestamp="2018-05-21T10:08:21" log="/home/builder/epoch/_build/test/logs/ct_run.epoch_ct@localhost.2018-05-21_09.53.04/lib.aehttp.aehttp_integration_SUITE.logs/run.2018-05-21_09.55.25/aehttp_integration_suite.sc_ws_timeout_open.html"></testcase><testcase group="all_endpoints.channel_websocket" name="sc_ws_open" time="5.868651" timestamp="2018-05-21T10:08:21" log="/home/builder/epoch/_build/test/logs/ct_run.epoch_ct@localhost.2018-05-21_09.53.04/lib.aehttp.aehttp_integration_SUITE.logs/run.2018-05-21_09.55.25/aehttp_integration_suite.sc_ws_open.html"></testcase><testcase group="all_endpoints.channel_websocket" name="sc_ws_update" time="0.134185" timestamp="2018-05-21T10:08:27" log="/home/builder/epoch/_build/test/logs/ct_run.epoch_ct@localhost.2018-05-21_09.53.04/lib.aehttp.aehttp_integration_SUITE.logs/run.2018-05-21_09.55.25/aehttp_integration_suite.sc_ws_update.html"></testcase><testcase group="all_endpoints.channel_websocket" name="sc_ws_close" time="0.014145" timestamp="2018-05-21T10:08:27" log="/home/builder/epoch/_build/test/logs/ct_run.epoch_ct@localhost.2018-05-21_09.53.04/lib.aehttp.aehttp_integration_SUITE.logs/run.2018-05-21_09.55.25/aehttp_integration_suite.sc_ws_close.html"></testcase><testcase group="all_endpoints.channel_websocket" name="sc_ws_open" time="11.535596" timestamp="2018-05-21T10:08:27" log="/home/builder/epoch/_build/test/logs/ct_run.epoch_ct@localhost.2018-05-21_09.53.04/lib.aehttp.aehttp_integration_SUITE.logs/run.2018-05-21_09.55.25/aehttp_integration_suite.sc_ws_open.14722.html"></testcase><testcase group="all_endpoints.channel_websocket" name="sc_ws_update_fails_and_close" time="0.020380" timestamp="2018-05-21T10:08:39" log="/home/builder/epoch/_build/test/logs/ct_run.epoch_ct@localhost.2018-05-21_09.53.04/lib.aehttp.aehttp_integration_SUITE.logs/run.2018-05-21_09.55.25/aehttp_integration_suite.sc_ws_update_fails_and_close.html"></testcase><testcase group="all_endpoints.channel_websocket" name="sc_ws_open" time="3.774017" timestamp="2018-05-21T10:08:39" log="/home/builder/epoch/_build/test/logs/ct_run.epoch_ct@localhost.2018-05-21_09.53.04/lib.aehttp.aehttp_integration_SUITE.logs/run.2018-05-21_09.55.25/aehttp_integration_suite.sc_ws_open.14850.html"></testcase><testcase group="all_endpoints.channel_websocket" name="sc_ws_send_messages_and_close" time="0.101309" timestamp="2018-05-21T10:08:42" log="/home/builder/epoch/_build/test/logs/ct_run.epoch_ct@localhost.2018-05-21_09.53.04/lib.aehttp.aehttp_integration_SUITE.logs/run.2018-05-21_09.55.25/aehttp_integration_suite.sc_ws_send_messages_and_close.html"></testcase><testcase group="all_endpoints.channel_websocket" name="sc_ws_open" time="6.656134" timestamp="2018-05-21T10:08:43" log="/home/builder/epoch/_build/test/logs/ct_run.epoch_ct@localhost.2018-05-21_09.53.04/lib.aehttp.aehttp_integration_SUITE.logs/run.2018-05-21_09.55.25/aehttp_integration_suite.sc_ws_open.14978.html"></testcase><testcase group="all_endpoints.channel_websocket" name="sc_ws_conflict_and_close" time="0.061884" timestamp="2018-05-21T10:08:49" log="/home/builder/epoch/_build/test/logs/ct_run.epoch_ct@localhost.2018-05-21_09.53.04/lib.aehttp.aehttp_integration_SUITE.logs/run.2018-05-21_09.55.25/aehttp_integration_suite.sc_ws_conflict_and_close.html"></testcase><testcase group="all_endpoints.channel_websocket" name="sc_ws_open" time="6.920126" timestamp="2018-05-21T10:08:49" log="/home/builder/epoch/_build/test/logs/ct_run.epoch_ct@localhost.2018-05-21_09.53.04/lib.aehttp.aehttp_integration_SUITE.logs/run.2018-05-21_09.55.25/aehttp_integration_suite.sc_ws_open.15106.html"></testcase><testcase group="all_endpoints.channel_websocket" name="sc_ws_update" time="0.128096" timestamp="2018-05-21T10:08:56" log="/home/builder/epoch/_build/test/logs/ct_run.epoch_ct@localhost.2018-05-21_09.53.04/lib.aehttp.aehttp_integration_SUITE.logs/run.2018-05-21_09.55.25/aehttp_integration_suite.sc_ws_update.2307.html"></testcase><testcase group="all_endpoints.channel_websocket" name="sc_ws_close_mutual_inititator" time="2.367845" timestamp="2018-05-21T10:08:56" log="/home/builder/epoch/_build/test/logs/ct_run.epoch_ct@localhost.2018-05-21_09.53.04/lib.aehttp.aehttp_integration_SUITE.logs/run.2018-05-21_09.55.25/aehttp_integration_suite.sc_ws_close_mutual_inititator.html"></testcase><testcase group="all_endpoints.channel_websocket" name="sc_ws_open" time="10.517855" timestamp="2018-05-21T10:08:59" log="/home/builder/epoch/_build/test/logs/ct_run.epoch_ct@localhost.2018-05-21_09.53.04/lib.aehttp.aehttp_integration_SUITE.logs/run.2018-05-21_09.55.25/aehttp_integration_suite.sc_ws_open.2435.html"></testcase><testcase group="all_endpoints.channel_websocket" name="sc_ws_update" time="0.130423" timestamp="2018-05-21T10:09:09" log="/home/builder/epoch/_build/test/logs/ct_run.epoch_ct@localhost.2018-05-21_09.53.04/lib.aehttp.aehttp_integration_SUITE.logs/run.2018-05-21_09.55.25/aehttp_integration_suite.sc_ws_update.15234.html"></testcase><testcase group="all_endpoints.channel_websocket" name="sc_ws_close_mutual_responder" time="0.938785" timestamp="2018-05-21T10:09:10" log="/home/builder/epoch/_build/test/logs/ct_run.epoch_ct@localhost.2018-05-21_09.53.04/lib.aehttp.aehttp_integration_SUITE.logs/run.2018-05-21_09.55.25/aehttp_integration_suite.sc_ws_close_mutual_responder.html"></testcase><testcase group="all_endpoints.channel_websocket" name="end_per_group" time="8.558090" timestamp="2018-05-21T10:09:11" log="/home/builder/epoch/_build/test/logs/ct_run.epoch_ct@localhost.2018-05-21_09.53.04/lib.aehttp.aehttp_integration_SUITE.logs/run.2018-05-21_09.55.25/aehttp_integration_suite.end_per_group.15362.html"></testcase><testcase group="all_endpoints" name="end_per_group" time="0.005828" timestamp="2018-05-21T10:09:19" log="/home/builder/epoch/_build/test/logs/ct_run.epoch_ct@localhost.2018-05-21_09.53.04/lib.aehttp.aehttp_integration_SUITE.logs/run.2018-05-21_09.55.25/aehttp_integration_suite.end_per_group.15490.html"></testcase><testcase name="end_per_suite" time="0.005930" timestamp="2018-05-21T10:09:19" log="/home/builder/epoch/_build/test/logs/ct_run.epoch_ct@localhost.2018-05-21_09.53.04/lib.aehttp.aehttp_integration_SUITE.logs/run.2018-05-21_09.55.25/aehttp_integration_suite.end_per_suite.html"></testcase></testsuite><testsuite hostname="7e2181804961" name="aecore_sync_SUITE" time="131.878342" timestamp="2018-05-21T09:53:13" errors="0" failures="0" skipped="0" tests="35" log="/home/builder/epoch/_build/test/logs/ct_run.epoch_ct@localhost.2018-05-21_09.53.04/lib.aecore.aecore_sync_SUITE.logs/run.2018-05-21_09.53.13/suite.log.html"><testcase name="init_per_suite" time="0.275413" timestamp="2018-05-21T09:53:13" log="/home/builder/epoch/_build/test/logs/ct_run.epoch_ct@localhost.2018-05-21_09.53.04/lib.aecore.aecore_sync_SUITE.logs/run.2018-05-21_09.53.13/aecore_sync_suite.init_per_suite.html"></testcase><testcase group="all_nodes" name="init_per_group" time="0.000455" timestamp="2018-05-21T09:53:13" log="/home/builder/epoch/_build/test/logs/ct_run.epoch_ct@localhost.2018-05-21_09.53.04/lib.aecore.aecore_sync_SUITE.logs/run.2018-05-21_09.53.13/aecore_sync_suite.init_per_group.html"></testcase><testcase group="all_nodes.two_nodes" name="init_per_group" time="0.017652" timestamp="2018-05-21T09:53:13" log="/home/builder/epoch/_build/test/logs/ct_run.epoch_ct@localhost.2018-05-21_09.53.04/lib.aecore.aecore_sync_SUITE.logs/run.2018-05-21_09.53.13/aecore_sync_suite.init_per_group.5.html"></testcase><testcase group="all_nodes.two_nodes" name="start_first_node" time="2.941864" timestamp="2018-05-21T09:53:13" log="/home/builder/epoch/_build/test/logs/ct_run.epoch_ct@localhost.2018-05-21_09.53.04/lib.aecore.aecore_sync_SUITE.logs/run.2018-05-21_09.53.13/aecore_sync_suite.start_first_node.html"></testcase><testcase group="all_nodes.two_nodes" name="mine_on_first_up_to_latest_consensus_protocol" time="0.007044" timestamp="2018-05-21T09:53:16" log="/home/builder/epoch/_build/test/logs/ct_run.epoch_ct@localhost.2018-05-21_09.53.04/lib.aecore.aecore_sync_SUITE.logs/run.2018-05-21_09.53.13/aecore_sync_suite.mine_on_first_up_to_latest_consensus_protocol.html"></testcase><testcase group="all_nodes.two_nodes" name="mine_on_first" time="1.604764" timestamp="2018-05-21T09:53:16" log="/home/builder/epoch/_build/test/logs/ct_run.epoch_ct@localhost.2018-05-21_09.53.04/lib.aecore.aecore_sync_SUITE.logs/run.2018-05-21_09.53.13/aecore_sync_suite.mine_on_first.html"></testcase><testcase group="all_nodes.two_nodes" name="start_second_node" time="3.189603" timestamp="2018-05-21T09:53:18" log="/home/builder/epoch/_build/test/logs/ct_run.epoch_ct@localhost.2018-05-21_09.53.04/lib.aecore.aecore_sync_SUITE.logs/run.2018-05-21_09.53.13/aecore_sync_suite.start_second_node.html"></testcase><testcase group="all_nodes.two_nodes" name="tx_first_pays_second" time="0.279522" timestamp="2018-05-21T09:53:21" log="/home/builder/epoch/_build/test/logs/ct_run.epoch_ct@localhost.2018-05-21_09.53.04/lib.aecore.aecore_sync_SUITE.logs/run.2018-05-21_09.53.13/aecore_sync_suite.tx_first_pays_second.html"></testcase><testcase group="all_nodes.two_nodes" name="mine_again_on_first" time="4.024217" timestamp="2018-05-21T09:53:22" log="/home/builder/epoch/_build/test/logs/ct_run.epoch_ct@localhost.2018-05-21_09.53.04/lib.aecore.aecore_sync_SUITE.logs/run.2018-05-21_09.53.13/aecore_sync_suite.mine_again_on_first.html"></testcase><testcase group="all_nodes.two_nodes" name="ensure_tx_pools_empty" time="0.003172" timestamp="2018-05-21T09:53:26" log="/home/builder/epoch/_build/test/logs/ct_run.epoch_ct@localhost.2018-05-21_09.53.04/lib.aecore.aecore_sync_SUITE.logs/run.2018-05-21_09.53.13/aecore_sync_suite.ensure_tx_pools_empty.html"></testcase><testcase group="all_nodes.two_nodes" name="mine_on_second" time="4.649395" timestamp="2018-05-21T09:53:26" log="/home/builder/epoch/_build/test/logs/ct_run.epoch_ct@localhost.2018-05-21_09.53.04/lib.aecore.aecore_sync_SUITE.logs/run.2018-05-21_09.53.13/aecore_sync_suite.mine_on_second.html"></testcase><testcase group="all_nodes.two_nodes" name="tx_first_pays_second" time="0.060595" timestamp="2018-05-21T09:53:30" log="/home/builder/epoch/_build/test/logs/ct_run.epoch_ct@localhost.2018-05-21_09.53.04/lib.aecore.aecore_sync_SUITE.logs/run.2018-05-21_09.53.13/aecore_sync_suite.tx_first_pays_second.7170.html"></testcase><testcase group="all_nodes.two_nodes" name="restart_second" time="6.667950" timestamp="2018-05-21T09:53:30" log="/home/builder/epoch/_build/test/logs/ct_run.epoch_ct@localhost.2018-05-21_09.53.04/lib.aecore.aecore_sync_SUITE.logs/run.2018-05-21_09.53.13/aecore_sync_suite.restart_second.html"></testcase><testcase group="all_nodes.two_nodes" name="restart_first" time="6.787216" timestamp="2018-05-21T09:53:37" log="/home/builder/epoch/_build/test/logs/ct_run.epoch_ct@localhost.2018-05-21_09.53.04/lib.aecore.aecore_sync_SUITE.logs/run.2018-05-21_09.53.13/aecore_sync_suite.restart_first.html"></testcase><testcase group="all_nodes.two_nodes" name="report_metrics" time="1.004563" timestamp="2018-05-21T09:53:44" log="/home/builder/epoch/_build/test/logs/ct_run.epoch_ct@localhost.2018-05-21_09.53.04/lib.aecore.aecore_sync_SUITE.logs/run.2018-05-21_09.53.13/aecore_sync_suite.report_metrics.html"></testcase><testcase group="all_nodes.two_nodes" name="check_metrics_logged" time="0.055876" timestamp="2018-05-21T09:53:45" log="/home/builder/epoch/_build/test/logs/ct_run.epoch_ct@localhost.2018-05-21_09.53.04/lib.aecore.aecore_sync_SUITE.logs/run.2018-05-21_09.53.13/aecore_sync_suite.check_metrics_logged.html"></testcase><testcase group="all_nodes.two_nodes" name="crash_syncing_worker" time="14.267019" timestamp="2018-05-21T09:53:45" log="/home/builder/epoch/_build/test/logs/ct_run.epoch_ct@localhost.2018-05-21_09.53.04/lib.aecore.aecore_sync_SUITE.logs/run.2018-05-21_09.53.13/aecore_sync_suite.crash_syncing_worker.html"></testcase><testcase group="all_nodes.two_nodes" name="end_per_group" time="7.073673" timestamp="2018-05-21T09:53:59" log="/home/builder/epoch/_build/test/logs/ct_run.epoch_ct@localhost.2018-05-21_09.53.04/lib.aecore.aecore_sync_SUITE.logs/run.2018-05-21_09.53.13/aecore_sync_suite.end_per_group.html"></testcase><testcase group="all_nodes.three_nodes" name="init_per_group" time="0.001917" timestamp="2018-05-21T09:54:07" log="/home/builder/epoch/_build/test/logs/ct_run.epoch_ct@localhost.2018-05-21_09.53.04/lib.aecore.aecore_sync_SUITE.logs/run.2018-05-21_09.53.13/aecore_sync_suite.init_per_group.5125.html"></testcase><testcase group="all_nodes.three_nodes" name="start_first_node" time="2.890625" timestamp="2018-05-21T09:54:07" log="/home/builder/epoch/_build/test/logs/ct_run.epoch_ct@localhost.2018-05-21_09.53.04/lib.aecore.aecore_sync_SUITE.logs/run.2018-05-21_09.53.13/aecore_sync_suite.start_first_node.5253.html"></testcase><testcase group="all_nodes.three_nodes" name="mine_on_first" time="0.976608" timestamp="2018-05-21T09:54:09" log="/home/builder/epoch/_build/test/logs/ct_run.epoch_ct@localhost.2018-05-21_09.53.04/lib.aecore.aecore_sync_SUITE.logs/run.2018-05-21_09.53.13/aecore_sync_suite.mine_on_first.5381.html"></testcase><testcase group="all_nodes.three_nodes" name="start_second_node" time="3.031131" timestamp="2018-05-21T09:54:10" log="/home/builder/epoch/_build/test/logs/ct_run.epoch_ct@localhost.2018-05-21_09.53.04/lib.aecore.aecore_sync_SUITE.logs/run.2018-05-21_09.53.13/aecore_sync_suite.start_second_node.5509.html"></testcase><testcase group="all_nodes.three_nodes" name="start_third_node" time="3.049849" timestamp="2018-05-21T09:54:14" log="/home/builder/epoch/_build/test/logs/ct_run.epoch_ct@localhost.2018-05-21_09.53.04/lib.aecore.aecore_sync_SUITE.logs/run.2018-05-21_09.53.13/aecore_sync_suite.start_third_node.html"></testcase><testcase group="all_nodes.three_nodes" name="mine_again_on_first" time="1.286759" timestamp="2018-05-21T09:54:17" log="/home/builder/epoch/_build/test/logs/ct_run.epoch_ct@localhost.2018-05-21_09.53.04/lib.aecore.aecore_sync_SUITE.logs/run.2018-05-21_09.53.13/aecore_sync_suite.mine_again_on_first.5637.html"></testcase><testcase group="all_nodes.three_nodes" name="mine_on_second" time="2.567193" timestamp="2018-05-21T09:54:18" log="/home/builder/epoch/_build/test/logs/ct_run.epoch_ct@localhost.2018-05-21_09.53.04/lib.aecore.aecore_sync_SUITE.logs/run.2018-05-21_09.53.13/aecore_sync_suite.mine_on_second.1540.html"></testcase><testcase group="all_nodes.three_nodes" name="mine_on_third" time="5.271717" timestamp="2018-05-21T09:54:20" log="/home/builder/epoch/_build/test/logs/ct_run.epoch_ct@localhost.2018-05-21_09.53.04/lib.aecore.aecore_sync_SUITE.logs/run.2018-05-21_09.53.13/aecore_sync_suite.mine_on_third.html"></testcase><testcase group="all_nodes.three_nodes" name="restart_third" time="6.591780" timestamp="2018-05-21T09:54:26" log="/home/builder/epoch/_build/test/logs/ct_run.epoch_ct@localhost.2018-05-21_09.53.04/lib.aecore.aecore_sync_SUITE.logs/run.2018-05-21_09.53.13/aecore_sync_suite.restart_third.html"></testcase><testcase group="all_nodes.three_nodes" name="report_metrics" time="1.006858" timestamp="2018-05-21T09:54:32" log="/home/builder/epoch/_build/test/logs/ct_run.epoch_ct@localhost.2018-05-21_09.53.04/lib.aecore.aecore_sync_SUITE.logs/run.2018-05-21_09.53.13/aecore_sync_suite.report_metrics.1668.html"></testcase><testcase group="all_nodes.three_nodes" name="check_metrics_logged" time="0.056875" timestamp="2018-05-21T09:54:33" log="/home/builder/epoch/_build/test/logs/ct_run.epoch_ct@localhost.2018-05-21_09.53.04/lib.aecore.aecore_sync_SUITE.logs/run.2018-05-21_09.53.13/aecore_sync_suite.check_metrics_logged.1796.html"></testcase><testcase group="all_nodes.three_nodes" name="end_per_group" time="10.621048" timestamp="2018-05-21T09:54:34" log="/home/builder/epoch/_build/test/logs/ct_run.epoch_ct@localhost.2018-05-21_09.53.04/lib.aecore.aecore_sync_SUITE.logs/run.2018-05-21_09.53.13/aecore_sync_suite.end_per_group.8194.html"></testcase><testcase group="all_nodes.semantically_invalid_tx" name="init_per_group" time="0.001494" timestamp="2018-05-21T09:54:44" log="/home/builder/epoch/_build/test/logs/ct_run.epoch_ct@localhost.2018-05-21_09.53.04/lib.aecore.aecore_sync_SUITE.logs/run.2018-05-21_09.53.13/aecore_sync_suite.init_per_group.8322.html"></testcase><testcase group="all_nodes.semantically_invalid_tx" name="start_first_node" time="2.863482" timestamp="2018-05-21T09:54:44" log="/home/builder/epoch/_build/test/logs/ct_run.epoch_ct@localhost.2018-05-21_09.53.04/lib.aecore.aecore_sync_SUITE.logs/run.2018-05-21_09.53.13/aecore_sync_suite.start_first_node.8450.html"></testcase><testcase group="all_nodes.semantically_invalid_tx" name="mine_on_first_up_to_latest_consensus_protocol" time="0.008058" timestamp="2018-05-21T09:54:47" log="/home/builder/epoch/_build/test/logs/ct_run.epoch_ct@localhost.2018-05-21_09.53.04/lib.aecore.aecore_sync_SUITE.logs/run.2018-05-21_09.53.13/aecore_sync_suite.mine_on_first_up_to_latest_consensus_protocol.8706.html"></testcase><testcase group="all_nodes.semantically_invalid_tx" name="mine_on_first" time="0.279169" timestamp="2018-05-21T09:54:47" log="/home/builder/epoch/_build/test/logs/ct_run.epoch_ct@localhost.2018-05-21_09.53.04/lib.aecore.aecore_sync_SUITE.logs/run.2018-05-21_09.53.13/aecore_sync_suite.mine_on_first.8834.html"></testcase><testcase group="all_nodes.semantically_invalid_tx" name="start_second_node" time="2.997849" timestamp="2018-05-21T09:54:47" log="/home/builder/epoch/_build/test/logs/ct_run.epoch_ct@localhost.2018-05-21_09.53.04/lib.aecore.aecore_sync_SUITE.logs/run.2018-05-21_09.53.13/aecore_sync_suite.start_second_node.8962.html"></testcase><testcase group="all_nodes.semantically_invalid_tx" name="ensure_tx_pools_empty" time="0.004486" timestamp="2018-05-21T09:54:50" log="/home/builder/epoch/_build/test/logs/ct_run.epoch_ct@localhost.2018-05-21_09.53.04/lib.aecore.aecore_sync_SUITE.logs/run.2018-05-21_09.53.13/aecore_sync_suite.ensure_tx_pools_empty.262.html"></testcase><testcase group="all_nodes.semantically_invalid_tx" name="tx_first_pays_second_more_it_can_afford" time="0.218803" timestamp="2018-05-21T09:54:50" log="/home/builder/epoch/_build/test/logs/ct_run.epoch_ct@localhost.2018-05-21_09.53.04/lib.aecore.aecore_sync_SUITE.logs/run.2018-05-21_09.53.13/aecore_sync_suite.tx_first_pays_second_more_it_can_afford.html"></testcase><testcase group="all_nodes.semantically_invalid_tx" name="mine_on_second" time="2.886047" timestamp="2018-05-21T09:54:51" log="/home/builder/epoch/_build/test/logs/ct_run.epoch_ct@localhost.2018-05-21_09.53.04/lib.aecore.aecore_sync_SUITE.logs/run.2018-05-21_09.53.13/aecore_sync_suite.mine_on_second.9218.html"></testcase><testcase group="all_nodes.semantically_invalid_tx" name="ensure_tx_pools_one_tx" time="0.005077" timestamp="2018-05-21T09:54:54" log="/home/builder/epoch/_build/test/logs/ct_run.epoch_ct@localhost.2018-05-21_09.53.04/lib.aecore.aecore_sync_SUITE.logs/run.2018-05-21_09.53.13/aecore_sync_suite.ensure_tx_pools_one_tx.html"></testcase><testcase group="all_nodes.semantically_invalid_tx" name="end_per_group" time="7.144263" timestamp="2018-05-21T09:54:54" log="/home/builder/epoch/_build/test/logs/ct_run.epoch_ct@localhost.2018-05-21_09.53.04/lib.aecore.aecore_sync_SUITE.logs/run.2018-05-21_09.53.13/aecore_sync_suite.end_per_group.390.html"></testcase><testcase group="all_nodes.one_blocked" name="init_per_group" time="0.006124" timestamp="2018-05-21T09:55:01" log="/home/builder/epoch/_build/test/logs/ct_run.epoch_ct@localhost.2018-05-21_09.53.04/lib.aecore.aecore_sync_SUITE.logs/run.2018-05-21_09.53.13/aecore_sync_suite.init_per_group.518.html"></testcase><testcase group="all_nodes.one_blocked" name="start_first_node" time="3.079321" timestamp="2018-05-21T09:55:01" log="/home/builder/epoch/_build/test/logs/ct_run.epoch_ct@localhost.2018-05-21_09.53.04/lib.aecore.aecore_sync_SUITE.logs/run.2018-05-21_09.53.13/aecore_sync_suite.start_first_node.646.html"></testcase><testcase group="all_nodes.one_blocked" name="mine_on_first" time="2.911060" timestamp="2018-05-21T09:55:04" log="/home/builder/epoch/_build/test/logs/ct_run.epoch_ct@localhost.2018-05-21_09.53.04/lib.aecore.aecore_sync_SUITE.logs/run.2018-05-21_09.53.13/aecore_sync_suite.mine_on_first.774.html"></testcase><testcase group="all_nodes.one_blocked" name="start_blocked_second" time="9.190979" timestamp="2018-05-21T09:55:07" log="/home/builder/epoch/_build/test/logs/ct_run.epoch_ct@localhost.2018-05-21_09.53.04/lib.aecore.aecore_sync_SUITE.logs/run.2018-05-21_09.53.13/aecore_sync_suite.start_blocked_second.html"></testcase><testcase group="all_nodes.one_blocked" name="end_per_group" time="7.114041" timestamp="2018-05-21T09:55:16" log="/home/builder/epoch/_build/test/logs/ct_run.epoch_ct@localhost.2018-05-21_09.53.04/lib.aecore.aecore_sync_SUITE.logs/run.2018-05-21_09.53.13/aecore_sync_suite.end_per_group.9602.html"></testcase><testcase group="all_nodes" name="end_per_group" time="0.001512" timestamp="2018-05-21T09:55:23" log="/home/builder/epoch/_build/test/logs/ct_run.epoch_ct@localhost.2018-05-21_09.53.04/lib.aecore.aecore_sync_SUITE.logs/run.2018-05-21_09.53.13/aecore_sync_suite.end_per_group.9730.html"></testcase><testcase name="end_per_suite" time="0.025200" timestamp="2018-05-21T09:55:23" log="/home/builder/epoch/_build/test/logs/ct_run.epoch_ct@localhost.2018-05-21_09.53.04/lib.aecore.aecore_sync_SUITE.logs/run.2018-05-21_09.53.13/aecore_sync_suite.end_per_suite.html"></testcase></testsuite><testsuite hostname="7e2181804961" name="aec_eunit_SUITE" time="5.037030" timestamp="2018-05-21T09:53:08" errors="0" failures="0" skipped="0" tests="1" log="/home/builder/epoch/_build/test/logs/ct_run.epoch_ct@localhost.2018-05-21_09.53.04/lib.aecore.aec_eunit_SUITE.logs/run.2018-05-21_09.53.08/suite.log.html"><testcase name="init_per_suite" time="0.051401" timestamp="2018-05-21T09:53:08" log="/home/builder/epoch/_build/test/logs/ct_run.epoch_ct@localhost.2018-05-21_09.53.04/lib.aecore.aec_eunit_SUITE.logs/run.2018-05-21_09.53.08/aec_eunit_suite.init_per_suite.html"></testcase><testcase name="application_test" time="3.642665" timestamp="2018-05-21T09:53:08" log="/home/builder/epoch/_build/test/logs/ct_run.epoch_ct@localhost.2018-05-21_09.53.04/lib.aecore.aec_eunit_SUITE.logs/run.2018-05-21_09.53.08/aec_eunit_suite.application_test.html"></testcase><testcase name="end_per_suite" time="0.000560" timestamp="2018-05-21T09:53:12" log="/home/builder/epoch/_build/test/logs/ct_run.epoch_ct@localhost.2018-05-21_09.53.04/lib.aecore.aec_eunit_SUITE.logs/run.2018-05-21_09.53.08/aec_eunit_suite.end_per_suite.html"></testcase></testsuite><testsuite hostname="7e2181804961" name="aesc_txs_SUITE" time="3.518651" timestamp="2018-05-21T09:53:04" errors="0" failures="0" skipped="0" tests="13" log="/home/builder/epoch/_build/test/logs/ct_run.epoch_ct@localhost.2018-05-21_09.53.04/lib.aechannel.aesc_txs_SUITE.logs/run.2018-05-21_09.53.04/suite.log.html"><testcase name="init_per_suite" time="0.000219" timestamp="2018-05-21T09:53:04" log="/home/builder/epoch/_build/test/logs/ct_run.epoch_ct@localhost.2018-05-21_09.53.04/lib.aechannel.aesc_txs_SUITE.logs/run.2018-05-21_09.53.04/ct_framework.init_per_suite.html"></testcase><testcase group="all_tests" name="init_per_group" time="0.000297" timestamp="2018-05-21T09:53:05" log="/home/builder/epoch/_build/test/logs/ct_run.epoch_ct@localhost.2018-05-21_09.53.04/lib.aechannel.aesc_txs_SUITE.logs/run.2018-05-21_09.53.04/ct_framework.init_per_group.html"></testcase><testcase group="all_tests.transactions" name="init_per_group" time="0.000305" timestamp="2018-05-21T09:53:05" log="/home/builder/epoch/_build/test/logs/ct_run.epoch_ct@localhost.2018-05-21_09.53.04/lib.aechannel.aesc_txs_SUITE.logs/run.2018-05-21_09.53.04/ct_framework.init_per_group.130.html"></testcase><testcase group="all_tests.transactions" name="create" time="0.141197" timestamp="2018-05-21T09:53:05" log="/home/builder/epoch/_build/test/logs/ct_run.epoch_ct@localhost.2018-05-21_09.53.04/lib.aechannel.aesc_txs_SUITE.logs/run.2018-05-21_09.53.04/aesc_txs_suite.create.html"></testcase><testcase group="all_tests.transactions" name="create_negative" time="0.041968" timestamp="2018-05-21T09:53:05" log="/home/builder/epoch/_build/test/logs/ct_run.epoch_ct@localhost.2018-05-21_09.53.04/lib.aechannel.aesc_txs_SUITE.logs/run.2018-05-21_09.53.04/aesc_txs_suite.create_negative.html"></testcase><testcase group="all_tests.transactions" name="close_solo" time="0.034724" timestamp="2018-05-21T09:53:05" log="/home/builder/epoch/_build/test/logs/ct_run.epoch_ct@localhost.2018-05-21_09.53.04/lib.aechannel.aesc_txs_SUITE.logs/run.2018-05-21_09.53.04/aesc_txs_suite.close_solo.html"></testcase><testcase group="all_tests.transactions" name="close_solo_negative" time="0.051636" timestamp="2018-05-21T09:53:05" log="/home/builder/epoch/_build/test/logs/ct_run.epoch_ct@localhost.2018-05-21_09.53.04/lib.aechannel.aesc_txs_SUITE.logs/run.2018-05-21_09.53.04/aesc_txs_suite.close_solo_negative.html"></testcase><testcase group="all_tests.transactions" name="close_mutual" time="0.082936" timestamp="2018-05-21T09:53:05" log="/home/builder/epoch/_build/test/logs/ct_run.epoch_ct@localhost.2018-05-21_09.53.04/lib.aechannel.aesc_txs_SUITE.logs/run.2018-05-21_09.53.04/aesc_txs_suite.close_mutual.html"></testcase><testcase group="all_tests.transactions" name="close_mutual_negative" time="0.021107" timestamp="2018-05-21T09:53:05" log="/home/builder/epoch/_build/test/logs/ct_run.epoch_ct@localhost.2018-05-21_09.53.04/lib.aechannel.aesc_txs_SUITE.logs/run.2018-05-21_09.53.04/aesc_txs_suite.close_mutual_negative.html"></testcase><testcase group="all_tests.transactions" name="slash" time="0.031504" timestamp="2018-05-21T09:53:05" log="/home/builder/epoch/_build/test/logs/ct_run.epoch_ct@localhost.2018-05-21_09.53.04/lib.aechannel.aesc_txs_SUITE.logs/run.2018-05-21_09.53.04/aesc_txs_suite.slash.html"></testcase><testcase group="all_tests.transactions" name="slash_negative" time="0.050636" timestamp="2018-05-21T09:53:05" log="/home/builder/epoch/_build/test/logs/ct_run.epoch_ct@localhost.2018-05-21_09.53.04/lib.aechannel.aesc_txs_SUITE.logs/run.2018-05-21_09.53.04/aesc_txs_suite.slash_negative.html"></testcase><testcase group="all_tests.transactions" name="deposit" time="0.016332" timestamp="2018-05-21T09:53:05" log="/home/builder/epoch/_build/test/logs/ct_run.epoch_ct@localhost.2018-05-21_09.53.04/lib.aechannel.aesc_txs_SUITE.logs/run.2018-05-21_09.53.04/aesc_txs_suite.deposit.html"></testcase><testcase group="all_tests.transactions" name="deposit_negative" time="0.028112" timestamp="2018-05-21T09:53:05" log="/home/builder/epoch/_build/test/logs/ct_run.epoch_ct@localhost.2018-05-21_09.53.04/lib.aechannel.aesc_txs_SUITE.logs/run.2018-05-21_09.53.04/aesc_txs_suite.deposit_negative.html"></testcase><testcase group="all_tests.transactions" name="withdraw" time="0.014155" timestamp="2018-05-21T09:53:05" log="/home/builder/epoch/_build/test/logs/ct_run.epoch_ct@localhost.2018-05-21_09.53.04/lib.aechannel.aesc_txs_SUITE.logs/run.2018-05-21_09.53.04/aesc_txs_suite.withdraw.html"></testcase><testcase group="all_tests.transactions" name="settle" time="0.047442" timestamp="2018-05-21T09:53:05" log="/home/builder/epoch/_build/test/logs/ct_run.epoch_ct@localhost.2018-05-21_09.53.04/lib.aechannel.aesc_txs_SUITE.logs/run.2018-05-21_09.53.04/aesc_txs_suite.settle.html"></testcase><testcase group="all_tests.transactions" name="settle_negative" time="0.022852" timestamp="2018-05-21T09:53:05" log="/home/builder/epoch/_build/test/logs/ct_run.epoch_ct@localhost.2018-05-21_09.53.04/lib.aechannel.aesc_txs_SUITE.logs/run.2018-05-21_09.53.04/aesc_txs_suite.settle_negative.html"></testcase><testcase group="all_tests.transactions" name="end_per_group" time="0.000484" timestamp="2018-05-21T09:53:05" log="/home/builder/epoch/_build/test/logs/ct_run.epoch_ct@localhost.2018-05-21_09.53.04/lib.aechannel.aesc_txs_SUITE.logs/run.2018-05-21_09.53.04/ct_framework.end_per_group.html"></testcase><testcase group="all_tests" name="end_per_group" time="0.000545" timestamp="2018-05-21T09:53:06" log="/home/builder/epoch/_build/test/logs/ct_run.epoch_ct@localhost.2018-05-21_09.53.04/lib.aechannel.aesc_txs_SUITE.logs/run.2018-05-21_09.53.04/ct_framework.end_per_group.770.html"></testcase><testcase name="end_per_suite" time="0.000417" timestamp="2018-05-21T09:53:06" log="/home/builder/epoch/_build/test/logs/ct_run.epoch_ct@localhost.2018-05-21_09.53.04/lib.aechannel.aesc_txs_SUITE.logs/run.2018-05-21_09.53.04/ct_framework.end_per_suite.html"></testcase></testsuite></testsuites>