<?xml version="1.0" encoding= "UTF-8" ?><testsuites><testsuite hostname="48b812ee334a" name="aehttp_integration_SUITE" time="756.203237" timestamp="2018-05-18T08:26:40" errors="0" failures="0" skipped="0" tests="137" log="/home/builder/epoch/_build/test/logs/ct_run.epoch_ct@localhost.2018-05-18_08.26.39/lib.aehttp.aehttp_integration_SUITE.logs/run.2018-05-18_08.26.40/suite.log.html"><testcase name="init_per_suite" time="0.346618" timestamp="2018-05-18T08:26:40" log="/home/builder/epoch/_build/test/logs/ct_run.epoch_ct@localhost.2018-05-18_08.26.39/lib.aehttp.aehttp_integration_SUITE.logs/run.2018-05-18_08.26.40/aehttp_integration_suite.init_per_suite.html"></testcase><testcase group="all_endpoints" name="init_per_group" time="0.000196" timestamp="2018-05-18T08:26:40" log="/home/builder/epoch/_build/test/logs/ct_run.epoch_ct@localhost.2018-05-18_08.26.39/lib.aehttp.aehttp_integration_SUITE.logs/run.2018-05-18_08.26.40/aehttp_integration_suite.init_per_group.html"></testcase><testcase group="all_endpoints.external_endpoints" name="init_per_group" time="2.971009" timestamp="2018-05-18T08:26:40" log="/home/builder/epoch/_build/test/logs/ct_run.epoch_ct@localhost.2018-05-18_08.26.39/lib.aehttp.aehttp_integration_SUITE.logs/run.2018-05-18_08.26.40/aehttp_integration_suite.init_per_group.130.html"></testcase><testcase group="all_endpoints.external_endpoints" name="get_top_empty_chain" time="0.414214" timestamp="2018-05-18T08:26:43" log="/home/builder/epoch/_build/test/logs/ct_run.epoch_ct@localhost.2018-05-18_08.26.39/lib.aehttp.aehttp_integration_SUITE.logs/run.2018-05-18_08.26.40/aehttp_integration_suite.get_top_empty_chain.html"></testcase><testcase group="all_endpoints.external_endpoints" name="get_top_non_empty_chain" time="4.621922" timestamp="2018-05-18T08:26:44" log="/home/builder/epoch/_build/test/logs/ct_run.epoch_ct@localhost.2018-05-18_08.26.39/lib.aehttp.aehttp_integration_SUITE.logs/run.2018-05-18_08.26.40/aehttp_integration_suite.get_top_non_empty_chain.html"></testcase><testcase group="all_endpoints.external_endpoints" name="block_genesis" time="5.778163" timestamp="2018-05-18T08:26:48" log="/home/builder/epoch/_build/test/logs/ct_run.epoch_ct@localhost.2018-05-18_08.26.39/lib.aehttp.aehttp_integration_SUITE.logs/run.2018-05-18_08.26.40/aehttp_integration_suite.block_genesis.html"></testcase><testcase group="all_endpoints.external_endpoints" name="block_pending" time="11.401443" timestamp="2018-05-18T08:26:54" log="/home/builder/epoch/_build/test/logs/ct_run.epoch_ct@localhost.2018-05-18_08.26.39/lib.aehttp.aehttp_integration_SUITE.logs/run.2018-05-18_08.26.40/aehttp_integration_suite.block_pending.html"></testcase><testcase group="all_endpoints.external_endpoints" name="block_latest" time="11.536517" timestamp="2018-05-18T08:27:06" log="/home/builder/epoch/_build/test/logs/ct_run.epoch_ct@localhost.2018-05-18_08.26.39/lib.aehttp.aehttp_integration_SUITE.logs/run.2018-05-18_08.26.40/aehttp_integration_suite.block_latest.html"></testcase><testcase group="all_endpoints.external_endpoints" name="block_by_height" time="7.718675" timestamp="2018-05-18T08:27:17" log="/home/builder/epoch/_build/test/logs/ct_run.epoch_ct@localhost.2018-05-18_08.26.39/lib.aehttp.aehttp_integration_SUITE.logs/run.2018-05-18_08.26.40/aehttp_integration_suite.block_by_height.html"></testcase><testcase group="all_endpoints.external_endpoints" name="block_not_found_by_height" time="0.934629" timestamp="2018-05-18T08:27:25" log="/home/builder/epoch/_build/test/logs/ct_run.epoch_ct@localhost.2018-05-18_08.26.39/lib.aehttp.aehttp_integration_SUITE.logs/run.2018-05-18_08.26.40/aehttp_integration_suite.block_not_found_by_height.html"></testcase><testcase group="all_endpoints.external_endpoints" name="block_by_hash" time="9.624009" timestamp="2018-05-18T08:27:26" log="/home/builder/epoch/_build/test/logs/ct_run.epoch_ct@localhost.2018-05-18_08.26.39/lib.aehttp.aehttp_integration_SUITE.logs/run.2018-05-18_08.26.40/aehttp_integration_suite.block_by_hash.html"></testcase><testcase group="all_endpoints.external_endpoints" name="block_not_found_by_hash" time="1.042241" timestamp="2018-05-18T08:27:36" log="/home/builder/epoch/_build/test/logs/ct_run.epoch_ct@localhost.2018-05-18_08.26.39/lib.aehttp.aehttp_integration_SUITE.logs/run.2018-05-18_08.26.40/aehttp_integration_suite.block_not_found_by_hash.html"></testcase><testcase group="all_endpoints.external_endpoints" name="contract_transactions" time="16.428831" timestamp="2018-05-18T08:27:37" log="/home/builder/epoch/_build/test/logs/ct_run.epoch_ct@localhost.2018-05-18_08.26.39/lib.aehttp.aehttp_integration_SUITE.logs/run.2018-05-18_08.26.40/aehttp_integration_suite.contract_transactions.html"></testcase><testcase group="all_endpoints.external_endpoints" name="oracle_transactions" time="17.093049" timestamp="2018-05-18T08:27:53" log="/home/builder/epoch/_build/test/logs/ct_run.epoch_ct@localhost.2018-05-18_08.26.39/lib.aehttp.aehttp_integration_SUITE.logs/run.2018-05-18_08.26.40/aehttp_integration_suite.oracle_transactions.html"></testcase><testcase group="all_endpoints.external_endpoints" name="nameservice_transactions" time="5.524486" timestamp="2018-05-18T08:28:10" log="/home/builder/epoch/_build/test/logs/ct_run.epoch_ct@localhost.2018-05-18_08.26.39/lib.aehttp.aehttp_integration_SUITE.logs/run.2018-05-18_08.26.40/aehttp_integration_suite.nameservice_transactions.html"></testcase><testcase group="all_endpoints.external_endpoints" name="spend_transaction" time="0.449426" timestamp="2018-05-18T08:28:16" log="/home/builder/epoch/_build/test/logs/ct_run.epoch_ct@localhost.2018-05-18_08.26.39/lib.aehttp.aehttp_integration_SUITE.logs/run.2018-05-18_08.26.40/aehttp_integration_suite.spend_transaction.html"></testcase><testcase group="all_endpoints.external_endpoints" name="state_channels_onchain_transactions" time="12.492857" timestamp="2018-05-18T08:28:16" log="/home/builder/epoch/_build/test/logs/ct_run.epoch_ct@localhost.2018-05-18_08.26.39/lib.aehttp.aehttp_integration_SUITE.logs/run.2018-05-18_08.26.40/aehttp_integration_suite.state_channels_onchain_transactions.html"></testcase><testcase group="all_endpoints.external_endpoints" name="get_transaction" time="5.165778" timestamp="2018-05-18T08:28:29" log="/home/builder/epoch/_build/test/logs/ct_run.epoch_ct@localhost.2018-05-18_08.26.39/lib.aehttp.aehttp_integration_SUITE.logs/run.2018-05-18_08.26.40/aehttp_integration_suite.get_transaction.html"></testcase><testcase group="all_endpoints.external_endpoints" name="pending_transactions" time="5.006118" timestamp="2018-05-18T08:28:34" log="/home/builder/epoch/_build/test/logs/ct_run.epoch_ct@localhost.2018-05-18_08.26.39/lib.aehttp.aehttp_integration_SUITE.logs/run.2018-05-18_08.26.40/aehttp_integration_suite.pending_transactions.html"></testcase><testcase group="all_endpoints.external_endpoints" name="post_correct_blocks" time="9.052786" timestamp="2018-05-18T08:28:39" log="/home/builder/epoch/_build/test/logs/ct_run.epoch_ct@localhost.2018-05-18_08.26.39/lib.aehttp.aehttp_integration_SUITE.logs/run.2018-05-18_08.26.40/aehttp_integration_suite.post_correct_blocks.html"></testcase><testcase group="all_endpoints.external_endpoints" name="post_broken_blocks" time="7.525535" timestamp="2018-05-18T08:28:48" log="/home/builder/epoch/_build/test/logs/ct_run.epoch_ct@localhost.2018-05-18_08.26.39/lib.aehttp.aehttp_integration_SUITE.logs/run.2018-05-18_08.26.40/aehttp_integration_suite.post_broken_blocks.html"></testcase><testcase group="all_endpoints.external_endpoints" name="post_correct_tx" time="2.603974" timestamp="2018-05-18T08:28:56" log="/home/builder/epoch/_build/test/logs/ct_run.epoch_ct@localhost.2018-05-18_08.26.39/lib.aehttp.aehttp_integration_SUITE.logs/run.2018-05-18_08.26.40/aehttp_integration_suite.post_correct_tx.html"></testcase><testcase group="all_endpoints.external_endpoints" name="post_broken_tx" time="0.362237" timestamp="2018-05-18T08:28:58" log="/home/builder/epoch/_build/test/logs/ct_run.epoch_ct@localhost.2018-05-18_08.26.39/lib.aehttp.aehttp_integration_SUITE.logs/run.2018-05-18_08.26.40/aehttp_integration_suite.post_broken_tx.html"></testcase><testcase group="all_endpoints.external_endpoints" name="post_broken_base58_tx" time="1.811526" timestamp="2018-05-18T08:28:59" log="/home/builder/epoch/_build/test/logs/ct_run.epoch_ct@localhost.2018-05-18_08.26.39/lib.aehttp.aehttp_integration_SUITE.logs/run.2018-05-18_08.26.40/aehttp_integration_suite.post_broken_base58_tx.html"></testcase><testcase group="all_endpoints.external_endpoints" name="all_accounts_balances" time="1.666312" timestamp="2018-05-18T08:29:00" log="/home/builder/epoch/_build/test/logs/ct_run.epoch_ct@localhost.2018-05-18_08.26.39/lib.aehttp.aehttp_integration_SUITE.logs/run.2018-05-18_08.26.40/aehttp_integration_suite.all_accounts_balances.html"></testcase><testcase group="all_endpoints.external_endpoints" name="all_accounts_balances_empty" time="0.073989" timestamp="2018-05-18T08:29:02" log="/home/builder/epoch/_build/test/logs/ct_run.epoch_ct@localhost.2018-05-18_08.26.39/lib.aehttp.aehttp_integration_SUITE.logs/run.2018-05-18_08.26.40/aehttp_integration_suite.all_accounts_balances_empty.html"></testcase><testcase group="all_endpoints.external_endpoints" name="all_accounts_balances_disabled" time="0.057090" timestamp="2018-05-18T08:29:02" log="/home/builder/epoch/_build/test/logs/ct_run.epoch_ct@localhost.2018-05-18_08.26.39/lib.aehttp.aehttp_integration_SUITE.logs/run.2018-05-18_08.26.40/aehttp_integration_suite.all_accounts_balances_disabled.html"></testcase><testcase group="all_endpoints.external_endpoints" name="balance" time="16.154284" timestamp="2018-05-18T08:29:02" log="/home/builder/epoch/_build/test/logs/ct_run.epoch_ct@localhost.2018-05-18_08.26.39/lib.aehttp.aehttp_integration_SUITE.logs/run.2018-05-18_08.26.40/aehttp_integration_suite.balance.html"></testcase><testcase group="all_endpoints.external_endpoints" name="balance_negative_cases" time="1.060957" timestamp="2018-05-18T08:29:19" log="/home/builder/epoch/_build/test/logs/ct_run.epoch_ct@localhost.2018-05-18_08.26.39/lib.aehttp.aehttp_integration_SUITE.logs/run.2018-05-18_08.26.40/aehttp_integration_suite.balance_negative_cases.html"></testcase><testcase group="all_endpoints.external_endpoints" name="account_transactions" time="38.494865" timestamp="2018-05-18T08:29:20" log="/home/builder/epoch/_build/test/logs/ct_run.epoch_ct@localhost.2018-05-18_08.26.39/lib.aehttp.aehttp_integration_SUITE.logs/run.2018-05-18_08.26.40/aehttp_integration_suite.account_transactions.html"></testcase><testcase group="all_endpoints.external_endpoints" name="version" time="0.115568" timestamp="2018-05-18T08:29:58" log="/home/builder/epoch/_build/test/logs/ct_run.epoch_ct@localhost.2018-05-18_08.26.39/lib.aehttp.aehttp_integration_SUITE.logs/run.2018-05-18_08.26.40/aehttp_integration_suite.version.html"></testcase><testcase group="all_endpoints.external_endpoints" name="info_disabled" time="0.100068" timestamp="2018-05-18T08:29:58" log="/home/builder/epoch/_build/test/logs/ct_run.epoch_ct@localhost.2018-05-18_08.26.39/lib.aehttp.aehttp_integration_SUITE.logs/run.2018-05-18_08.26.40/aehttp_integration_suite.info_disabled.html"></testcase><testcase group="all_endpoints.external_endpoints" name="info_empty" time="0.117360" timestamp="2018-05-18T08:29:58" log="/home/builder/epoch/_build/test/logs/ct_run.epoch_ct@localhost.2018-05-18_08.26.39/lib.aehttp.aehttp_integration_SUITE.logs/run.2018-05-18_08.26.40/aehttp_integration_suite.info_empty.html"></testcase><testcase group="all_endpoints.external_endpoints" name="info_more_than_30" time="58.602175" timestamp="2018-05-18T08:29:59" log="/home/builder/epoch/_build/test/logs/ct_run.epoch_ct@localhost.2018-05-18_08.26.39/lib.aehttp.aehttp_integration_SUITE.logs/run.2018-05-18_08.26.40/aehttp_integration_suite.info_more_than_30.html"></testcase><testcase group="all_endpoints.external_endpoints" name="info_less_than_30" time="34.219875" timestamp="2018-05-18T08:30:57" log="/home/builder/epoch/_build/test/logs/ct_run.epoch_ct@localhost.2018-05-18_08.26.39/lib.aehttp.aehttp_integration_SUITE.logs/run.2018-05-18_08.26.40/aehttp_integration_suite.info_less_than_30.html"></testcase><testcase group="all_endpoints.external_endpoints" name="peer_pub_key" time="0.058208" timestamp="2018-05-18T08:31:31" log="/home/builder/epoch/_build/test/logs/ct_run.epoch_ct@localhost.2018-05-18_08.26.39/lib.aehttp.aehttp_integration_SUITE.logs/run.2018-05-18_08.26.40/aehttp_integration_suite.peer_pub_key.html"></testcase><testcase group="all_endpoints.external_endpoints" name="end_per_group" time="3.517024" timestamp="2018-05-18T08:31:32" log="/home/builder/epoch/_build/test/logs/ct_run.epoch_ct@localhost.2018-05-18_08.26.39/lib.aehttp.aehttp_integration_SUITE.logs/run.2018-05-18_08.26.40/aehttp_integration_suite.end_per_group.html"></testcase><testcase group="all_endpoints.internal_endpoints" name="init_per_group" time="2.561625" timestamp="2018-05-18T08:31:35" log="/home/builder/epoch/_build/test/logs/ct_run.epoch_ct@localhost.2018-05-18_08.26.39/lib.aehttp.aehttp_integration_SUITE.logs/run.2018-05-18_08.26.40/aehttp_integration_suite.init_per_group.2306.html"></testcase><testcase group="all_endpoints.internal_endpoints" name="broken_spend_tx" time="0.306467" timestamp="2018-05-18T08:31:38" log="/home/builder/epoch/_build/test/logs/ct_run.epoch_ct@localhost.2018-05-18_08.26.39/lib.aehttp.aehttp_integration_SUITE.logs/run.2018-05-18_08.26.40/aehttp_integration_suite.broken_spend_tx.html"></testcase><testcase group="all_endpoints.internal_endpoints" name="naming_system_broken_txs" time="0.357883" timestamp="2018-05-18T08:31:38" log="/home/builder/epoch/_build/test/logs/ct_run.epoch_ct@localhost.2018-05-18_08.26.39/lib.aehttp.aehttp_integration_SUITE.logs/run.2018-05-18_08.26.40/aehttp_integration_suite.naming_system_broken_txs.html"></testcase><testcase group="all_endpoints.internal_endpoints" name="miner_pub_key" time="0.031129" timestamp="2018-05-18T08:31:38" log="/home/builder/epoch/_build/test/logs/ct_run.epoch_ct@localhost.2018-05-18_08.26.39/lib.aehttp.aehttp_integration_SUITE.logs/run.2018-05-18_08.26.40/aehttp_integration_suite.miner_pub_key.html"></testcase><testcase group="all_endpoints.internal_endpoints" name="block_number" time="6.712332" timestamp="2018-05-18T08:31:38" log="/home/builder/epoch/_build/test/logs/ct_run.epoch_ct@localhost.2018-05-18_08.26.39/lib.aehttp.aehttp_integration_SUITE.logs/run.2018-05-18_08.26.40/aehttp_integration_suite.block_number.html"></testcase><testcase group="all_endpoints.internal_endpoints" name="block_txs_count_by_height" time="12.823192" timestamp="2018-05-18T08:31:45" log="/home/builder/epoch/_build/test/logs/ct_run.epoch_ct@localhost.2018-05-18_08.26.39/lib.aehttp.aehttp_integration_SUITE.logs/run.2018-05-18_08.26.40/aehttp_integration_suite.block_txs_count_by_height.html"></testcase><testcase group="all_endpoints.internal_endpoints" name="block_txs_count_by_hash" time="8.344721" timestamp="2018-05-18T08:31:58" log="/home/builder/epoch/_build/test/logs/ct_run.epoch_ct@localhost.2018-05-18_08.26.39/lib.aehttp.aehttp_integration_SUITE.logs/run.2018-05-18_08.26.40/aehttp_integration_suite.block_txs_count_by_hash.html"></testcase><testcase group="all_endpoints.internal_endpoints" name="block_txs_count_genesis" time="15.573830" timestamp="2018-05-18T08:32:06" log="/home/builder/epoch/_build/test/logs/ct_run.epoch_ct@localhost.2018-05-18_08.26.39/lib.aehttp.aehttp_integration_SUITE.logs/run.2018-05-18_08.26.40/aehttp_integration_suite.block_txs_count_genesis.html"></testcase><testcase group="all_endpoints.internal_endpoints" name="block_txs_count_latest" time="5.280212" timestamp="2018-05-18T08:32:22" log="/home/builder/epoch/_build/test/logs/ct_run.epoch_ct@localhost.2018-05-18_08.26.39/lib.aehttp.aehttp_integration_SUITE.logs/run.2018-05-18_08.26.40/aehttp_integration_suite.block_txs_count_latest.html"></testcase><testcase group="all_endpoints.internal_endpoints" name="block_txs_count_pending" time="15.115551" timestamp="2018-05-18T08:32:27" log="/home/builder/epoch/_build/test/logs/ct_run.epoch_ct@localhost.2018-05-18_08.26.39/lib.aehttp.aehttp_integration_SUITE.logs/run.2018-05-18_08.26.40/aehttp_integration_suite.block_txs_count_pending.html"></testcase><testcase group="all_endpoints.internal_endpoints" name="block_txs_count_by_height_not_found" time="0.154203" timestamp="2018-05-18T08:32:42" log="/home/builder/epoch/_build/test/logs/ct_run.epoch_ct@localhost.2018-05-18_08.26.39/lib.aehttp.aehttp_integration_SUITE.logs/run.2018-05-18_08.26.40/aehttp_integration_suite.block_txs_count_by_height_not_found.html"></testcase><testcase group="all_endpoints.internal_endpoints" name="block_txs_count_by_hash_not_found" time="0.159662" timestamp="2018-05-18T08:32:43" log="/home/builder/epoch/_build/test/logs/ct_run.epoch_ct@localhost.2018-05-18_08.26.39/lib.aehttp.aehttp_integration_SUITE.logs/run.2018-05-18_08.26.40/aehttp_integration_suite.block_txs_count_by_hash_not_found.html"></testcase><testcase group="all_endpoints.internal_endpoints" name="block_txs_count_by_broken_hash" time="0.165865" timestamp="2018-05-18T08:32:43" log="/home/builder/epoch/_build/test/logs/ct_run.epoch_ct@localhost.2018-05-18_08.26.39/lib.aehttp.aehttp_integration_SUITE.logs/run.2018-05-18_08.26.40/aehttp_integration_suite.block_txs_count_by_broken_hash.html"></testcase><testcase group="all_endpoints.internal_endpoints" name="block_tx_index_by_height" time="13.102454" timestamp="2018-05-18T08:32:43" log="/home/builder/epoch/_build/test/logs/ct_run.epoch_ct@localhost.2018-05-18_08.26.39/lib.aehttp.aehttp_integration_SUITE.logs/run.2018-05-18_08.26.40/aehttp_integration_suite.block_tx_index_by_height.html"></testcase><testcase group="all_endpoints.internal_endpoints" name="block_tx_index_by_hash" time="18.316949" timestamp="2018-05-18T08:32:56" log="/home/builder/epoch/_build/test/logs/ct_run.epoch_ct@localhost.2018-05-18_08.26.39/lib.aehttp.aehttp_integration_SUITE.logs/run.2018-05-18_08.26.40/aehttp_integration_suite.block_tx_index_by_hash.html"></testcase><testcase group="all_endpoints.internal_endpoints" name="block_tx_index_latest" time="16.386761" timestamp="2018-05-18T08:33:15" log="/home/builder/epoch/_build/test/logs/ct_run.epoch_ct@localhost.2018-05-18_08.26.39/lib.aehttp.aehttp_integration_SUITE.logs/run.2018-05-18_08.26.40/aehttp_integration_suite.block_tx_index_latest.html"></testcase><testcase group="all_endpoints.internal_endpoints" name="block_tx_index_not_founds" time="9.584117" timestamp="2018-05-18T08:33:31" log="/home/builder/epoch/_build/test/logs/ct_run.epoch_ct@localhost.2018-05-18_08.26.39/lib.aehttp.aehttp_integration_SUITE.logs/run.2018-05-18_08.26.40/aehttp_integration_suite.block_tx_index_not_founds.html"></testcase><testcase group="all_endpoints.internal_endpoints" name="block_txs_list_by_height" time="46.131372" timestamp="2018-05-18T08:33:41" log="/home/builder/epoch/_build/test/logs/ct_run.epoch_ct@localhost.2018-05-18_08.26.39/lib.aehttp.aehttp_integration_SUITE.logs/run.2018-05-18_08.26.40/aehttp_integration_suite.block_txs_list_by_height.html"></testcase><testcase group="all_endpoints.internal_endpoints" name="block_txs_list_by_hash" time="22.603577" timestamp="2018-05-18T08:34:27" log="/home/builder/epoch/_build/test/logs/ct_run.epoch_ct@localhost.2018-05-18_08.26.39/lib.aehttp.aehttp_integration_SUITE.logs/run.2018-05-18_08.26.40/aehttp_integration_suite.block_txs_list_by_hash.html"></testcase><testcase group="all_endpoints.internal_endpoints" name="block_txs_list_by_height_invalid_range" time="0.591571" timestamp="2018-05-18T08:34:49" log="/home/builder/epoch/_build/test/logs/ct_run.epoch_ct@localhost.2018-05-18_08.26.39/lib.aehttp.aehttp_integration_SUITE.logs/run.2018-05-18_08.26.40/aehttp_integration_suite.block_txs_list_by_height_invalid_range.html"></testcase><testcase group="all_endpoints.internal_endpoints" name="block_txs_list_by_hash_invalid_range" time="32.470142" timestamp="2018-05-18T08:34:50" log="/home/builder/epoch/_build/test/logs/ct_run.epoch_ct@localhost.2018-05-18_08.26.39/lib.aehttp.aehttp_integration_SUITE.logs/run.2018-05-18_08.26.40/aehttp_integration_suite.block_txs_list_by_hash_invalid_range.html"></testcase><testcase group="all_endpoints.internal_endpoints" name="list_oracles" time="15.262441" timestamp="2018-05-18T08:35:22" log="/home/builder/epoch/_build/test/logs/ct_run.epoch_ct@localhost.2018-05-18_08.26.39/lib.aehttp.aehttp_integration_SUITE.logs/run.2018-05-18_08.26.40/aehttp_integration_suite.list_oracles.html"></testcase><testcase group="all_endpoints.internal_endpoints" name="list_oracle_queries" time="15.831526" timestamp="2018-05-18T08:35:38" log="/home/builder/epoch/_build/test/logs/ct_run.epoch_ct@localhost.2018-05-18_08.26.39/lib.aehttp.aehttp_integration_SUITE.logs/run.2018-05-18_08.26.40/aehttp_integration_suite.list_oracle_queries.html"></testcase><testcase group="all_endpoints.internal_endpoints" name="peers" time="0.105830" timestamp="2018-05-18T08:35:54" log="/home/builder/epoch/_build/test/logs/ct_run.epoch_ct@localhost.2018-05-18_08.26.39/lib.aehttp.aehttp_integration_SUITE.logs/run.2018-05-18_08.26.40/aehttp_integration_suite.peers.html"></testcase><testcase group="all_endpoints.internal_endpoints" name="end_per_group" time="3.602433" timestamp="2018-05-18T08:35:54" log="/home/builder/epoch/_build/test/logs/ct_run.epoch_ct@localhost.2018-05-18_08.26.39/lib.aehttp.aehttp_integration_SUITE.logs/run.2018-05-18_08.26.40/aehttp_integration_suite.end_per_group.3842.html"></testcase><testcase group="all_endpoints.swagger_validation" name="init_per_group" time="3.135665" timestamp="2018-05-18T08:35:57" log="/home/builder/epoch/_build/test/logs/ct_run.epoch_ct@localhost.2018-05-18_08.26.39/lib.aehttp.aehttp_integration_SUITE.logs/run.2018-05-18_08.26.40/aehttp_integration_suite.init_per_group.3970.html"></testcase><testcase group="all_endpoints.swagger_validation" name="swagger_validation_body" time="0.181534" timestamp="2018-05-18T08:36:01" log="/home/builder/epoch/_build/test/logs/ct_run.epoch_ct@localhost.2018-05-18_08.26.39/lib.aehttp.aehttp_integration_SUITE.logs/run.2018-05-18_08.26.40/aehttp_integration_suite.swagger_validation_body.html"></testcase><testcase group="all_endpoints.swagger_validation" name="swagger_validation_enum" time="0.108022" timestamp="2018-05-18T08:36:01" log="/home/builder/epoch/_build/test/logs/ct_run.epoch_ct@localhost.2018-05-18_08.26.39/lib.aehttp.aehttp_integration_SUITE.logs/run.2018-05-18_08.26.40/aehttp_integration_suite.swagger_validation_enum.html"></testcase><testcase group="all_endpoints.swagger_validation" name="swagger_validation_max_min" time="0.200873" timestamp="2018-05-18T08:36:01" log="/home/builder/epoch/_build/test/logs/ct_run.epoch_ct@localhost.2018-05-18_08.26.39/lib.aehttp.aehttp_integration_SUITE.logs/run.2018-05-18_08.26.40/aehttp_integration_suite.swagger_validation_max_min.html"></testcase><testcase group="all_endpoints.swagger_validation" name="swagger_validation_required" time="0.061295" timestamp="2018-05-18T08:36:01" log="/home/builder/epoch/_build/test/logs/ct_run.epoch_ct@localhost.2018-05-18_08.26.39/lib.aehttp.aehttp_integration_SUITE.logs/run.2018-05-18_08.26.40/aehttp_integration_suite.swagger_validation_required.html"></testcase><testcase group="all_endpoints.swagger_validation" name="swagger_validation_schema" time="0.117915" timestamp="2018-05-18T08:36:01" log="/home/builder/epoch/_build/test/logs/ct_run.epoch_ct@localhost.2018-05-18_08.26.39/lib.aehttp.aehttp_integration_SUITE.logs/run.2018-05-18_08.26.40/aehttp_integration_suite.swagger_validation_schema.html"></testcase><testcase group="all_endpoints.swagger_validation" name="swagger_validation_types" time="0.039372" timestamp="2018-05-18T08:36:01" log="/home/builder/epoch/_build/test/logs/ct_run.epoch_ct@localhost.2018-05-18_08.26.39/lib.aehttp.aehttp_integration_SUITE.logs/run.2018-05-18_08.26.40/aehttp_integration_suite.swagger_validation_types.html"></testcase><testcase group="all_endpoints.swagger_validation" name="end_per_group" time="3.563058" timestamp="2018-05-18T08:36:01" log="/home/builder/epoch/_build/test/logs/ct_run.epoch_ct@localhost.2018-05-18_08.26.39/lib.aehttp.aehttp_integration_SUITE.logs/run.2018-05-18_08.26.40/aehttp_integration_suite.end_per_group.4226.html"></testcase><testcase group="all_endpoints.wrong_http_method_endpoints" name="init_per_group" time="2.963367" timestamp="2018-05-18T08:36:05" log="/home/builder/epoch/_build/test/logs/ct_run.epoch_ct@localhost.2018-05-18_08.26.39/lib.aehttp.aehttp_integration_SUITE.logs/run.2018-05-18_08.26.40/aehttp_integration_suite.init_per_group.4354.html"></testcase><testcase group="all_endpoints.wrong_http_method_endpoints" name="wrong_http_method_top" time="0.248561" timestamp="2018-05-18T08:36:08" log="/home/builder/epoch/_build/test/logs/ct_run.epoch_ct@localhost.2018-05-18_08.26.39/lib.aehttp.aehttp_integration_SUITE.logs/run.2018-05-18_08.26.40/aehttp_integration_suite.wrong_http_method_top.html"></testcase><testcase group="all_endpoints.wrong_http_method_endpoints" name="wrong_http_method_contract_create" time="0.128012" timestamp="2018-05-18T08:36:08" log="/home/builder/epoch/_build/test/logs/ct_run.epoch_ct@localhost.2018-05-18_08.26.39/lib.aehttp.aehttp_integration_SUITE.logs/run.2018-05-18_08.26.40/aehttp_integration_suite.wrong_http_method_contract_create.html"></testcase><testcase group="all_endpoints.wrong_http_method_endpoints" name="wrong_http_method_contract_call" time="0.080114" timestamp="2018-05-18T08:36:08" log="/home/builder/epoch/_build/test/logs/ct_run.epoch_ct@localhost.2018-05-18_08.26.39/lib.aehttp.aehttp_integration_SUITE.logs/run.2018-05-18_08.26.40/aehttp_integration_suite.wrong_http_method_contract_call.html"></testcase><testcase group="all_endpoints.wrong_http_method_endpoints" name="wrong_http_method_contract_call_compute" time="0.057674" timestamp="2018-05-18T08:36:09" log="/home/builder/epoch/_build/test/logs/ct_run.epoch_ct@localhost.2018-05-18_08.26.39/lib.aehttp.aehttp_integration_SUITE.logs/run.2018-05-18_08.26.40/aehttp_integration_suite.wrong_http_method_contract_call_compute.html"></testcase><testcase group="all_endpoints.wrong_http_method_endpoints" name="wrong_http_method_spend" time="0.060083" timestamp="2018-05-18T08:36:09" log="/home/builder/epoch/_build/test/logs/ct_run.epoch_ct@localhost.2018-05-18_08.26.39/lib.aehttp.aehttp_integration_SUITE.logs/run.2018-05-18_08.26.40/aehttp_integration_suite.wrong_http_method_spend.html"></testcase><testcase group="all_endpoints.wrong_http_method_endpoints" name="wrong_http_method_oracle_register" time="0.055616" timestamp="2018-05-18T08:36:09" log="/home/builder/epoch/_build/test/logs/ct_run.epoch_ct@localhost.2018-05-18_08.26.39/lib.aehttp.aehttp_integration_SUITE.logs/run.2018-05-18_08.26.40/aehttp_integration_suite.wrong_http_method_oracle_register.html"></testcase><testcase group="all_endpoints.wrong_http_method_endpoints" name="wrong_http_method_oracle_extend" time="0.055200" timestamp="2018-05-18T08:36:09" log="/home/builder/epoch/_build/test/logs/ct_run.epoch_ct@localhost.2018-05-18_08.26.39/lib.aehttp.aehttp_integration_SUITE.logs/run.2018-05-18_08.26.40/aehttp_integration_suite.wrong_http_method_oracle_extend.html"></testcase><testcase group="all_endpoints.wrong_http_method_endpoints" name="wrong_http_method_oracle_query" time="0.057346" timestamp="2018-05-18T08:36:09" log="/home/builder/epoch/_build/test/logs/ct_run.epoch_ct@localhost.2018-05-18_08.26.39/lib.aehttp.aehttp_integration_SUITE.logs/run.2018-05-18_08.26.40/aehttp_integration_suite.wrong_http_method_oracle_query.html"></testcase><testcase group="all_endpoints.wrong_http_method_endpoints" name="wrong_http_method_oracle_response" time="0.058814" timestamp="2018-05-18T08:36:09" log="/home/builder/epoch/_build/test/logs/ct_run.epoch_ct@localhost.2018-05-18_08.26.39/lib.aehttp.aehttp_integration_SUITE.logs/run.2018-05-18_08.26.40/aehttp_integration_suite.wrong_http_method_oracle_response.html"></testcase><testcase group="all_endpoints.wrong_http_method_endpoints" name="wrong_http_method_name_preclaim" time="0.066189" timestamp="2018-05-18T08:36:09" log="/home/builder/epoch/_build/test/logs/ct_run.epoch_ct@localhost.2018-05-18_08.26.39/lib.aehttp.aehttp_integration_SUITE.logs/run.2018-05-18_08.26.40/aehttp_integration_suite.wrong_http_method_name_preclaim.html"></testcase><testcase group="all_endpoints.wrong_http_method_endpoints" name="wrong_http_method_name_claim" time="0.058141" timestamp="2018-05-18T08:36:09" log="/home/builder/epoch/_build/test/logs/ct_run.epoch_ct@localhost.2018-05-18_08.26.39/lib.aehttp.aehttp_integration_SUITE.logs/run.2018-05-18_08.26.40/aehttp_integration_suite.wrong_http_method_name_claim.html"></testcase><testcase group="all_endpoints.wrong_http_method_endpoints" name="wrong_http_method_name_update" time="0.058985" timestamp="2018-05-18T08:36:09" log="/home/builder/epoch/_build/test/logs/ct_run.epoch_ct@localhost.2018-05-18_08.26.39/lib.aehttp.aehttp_integration_SUITE.logs/run.2018-05-18_08.26.40/aehttp_integration_suite.wrong_http_method_name_update.html"></testcase><testcase group="all_endpoints.wrong_http_method_endpoints" name="wrong_http_method_name_transfer" time="0.057914" timestamp="2018-05-18T08:36:09" log="/home/builder/epoch/_build/test/logs/ct_run.epoch_ct@localhost.2018-05-18_08.26.39/lib.aehttp.aehttp_integration_SUITE.logs/run.2018-05-18_08.26.40/aehttp_integration_suite.wrong_http_method_name_transfer.html"></testcase><testcase group="all_endpoints.wrong_http_method_endpoints" name="wrong_http_method_name_revoke" time="0.057798" timestamp="2018-05-18T08:36:09" log="/home/builder/epoch/_build/test/logs/ct_run.epoch_ct@localhost.2018-05-18_08.26.39/lib.aehttp.aehttp_integration_SUITE.logs/run.2018-05-18_08.26.40/aehttp_integration_suite.wrong_http_method_name_revoke.html"></testcase><testcase group="all_endpoints.wrong_http_method_endpoints" name="wrong_http_method_block_by_height" time="0.060475" timestamp="2018-05-18T08:36:09" log="/home/builder/epoch/_build/test/logs/ct_run.epoch_ct@localhost.2018-05-18_08.26.39/lib.aehttp.aehttp_integration_SUITE.logs/run.2018-05-18_08.26.40/aehttp_integration_suite.wrong_http_method_block_by_height.html"></testcase><testcase group="all_endpoints.wrong_http_method_endpoints" name="wrong_http_method_block_by_hash" time="0.059539" timestamp="2018-05-18T08:36:10" log="/home/builder/epoch/_build/test/logs/ct_run.epoch_ct@localhost.2018-05-18_08.26.39/lib.aehttp.aehttp_integration_SUITE.logs/run.2018-05-18_08.26.40/aehttp_integration_suite.wrong_http_method_block_by_hash.html"></testcase><testcase group="all_endpoints.wrong_http_method_endpoints" name="wrong_http_method_header_by_hash" time="0.061857" timestamp="2018-05-18T08:36:10" log="/home/builder/epoch/_build/test/logs/ct_run.epoch_ct@localhost.2018-05-18_08.26.39/lib.aehttp.aehttp_integration_SUITE.logs/run.2018-05-18_08.26.40/aehttp_integration_suite.wrong_http_method_header_by_hash.html"></testcase><testcase group="all_endpoints.wrong_http_method_endpoints" name="wrong_http_method_transactions" time="0.068654" timestamp="2018-05-18T08:36:10" log="/home/builder/epoch/_build/test/logs/ct_run.epoch_ct@localhost.2018-05-18_08.26.39/lib.aehttp.aehttp_integration_SUITE.logs/run.2018-05-18_08.26.40/aehttp_integration_suite.wrong_http_method_transactions.html"></testcase><testcase group="all_endpoints.wrong_http_method_endpoints" name="wrong_http_method_tx_id" time="0.061407" timestamp="2018-05-18T08:36:10" log="/home/builder/epoch/_build/test/logs/ct_run.epoch_ct@localhost.2018-05-18_08.26.39/lib.aehttp.aehttp_integration_SUITE.logs/run.2018-05-18_08.26.40/aehttp_integration_suite.wrong_http_method_tx_id.html"></testcase><testcase group="all_endpoints.wrong_http_method_endpoints" name="wrong_http_method_spend_tx" time="0.054684" timestamp="2018-05-18T08:36:10" log="/home/builder/epoch/_build/test/logs/ct_run.epoch_ct@localhost.2018-05-18_08.26.39/lib.aehttp.aehttp_integration_SUITE.logs/run.2018-05-18_08.26.40/aehttp_integration_suite.wrong_http_method_spend_tx.html"></testcase><testcase group="all_endpoints.wrong_http_method_endpoints" name="wrong_http_method_name_preclaim_tx" time="0.038544" timestamp="2018-05-18T08:36:10" log="/home/builder/epoch/_build/test/logs/ct_run.epoch_ct@localhost.2018-05-18_08.26.39/lib.aehttp.aehttp_integration_SUITE.logs/run.2018-05-18_08.26.40/aehttp_integration_suite.wrong_http_method_name_preclaim_tx.html"></testcase><testcase group="all_endpoints.wrong_http_method_endpoints" name="wrong_http_method_name_claim_tx" time="0.036919" timestamp="2018-05-18T08:36:10" log="/home/builder/epoch/_build/test/logs/ct_run.epoch_ct@localhost.2018-05-18_08.26.39/lib.aehttp.aehttp_integration_SUITE.logs/run.2018-05-18_08.26.40/aehttp_integration_suite.wrong_http_method_name_claim_tx.html"></testcase><testcase group="all_endpoints.wrong_http_method_endpoints" name="wrong_http_method_name_update_tx" time="0.037849" timestamp="2018-05-18T08:36:10" log="/home/builder/epoch/_build/test/logs/ct_run.epoch_ct@localhost.2018-05-18_08.26.39/lib.aehttp.aehttp_integration_SUITE.logs/run.2018-05-18_08.26.40/aehttp_integration_suite.wrong_http_method_name_update_tx.html"></testcase><testcase group="all_endpoints.wrong_http_method_endpoints" name="wrong_http_method_name_transfer_tx" time="0.036411" timestamp="2018-05-18T08:36:10" log="/home/builder/epoch/_build/test/logs/ct_run.epoch_ct@localhost.2018-05-18_08.26.39/lib.aehttp.aehttp_integration_SUITE.logs/run.2018-05-18_08.26.40/aehttp_integration_suite.wrong_http_method_name_transfer_tx.html"></testcase><testcase group="all_endpoints.wrong_http_method_endpoints" name="wrong_http_method_name_revoke_tx" time="0.036304" timestamp="2018-05-18T08:36:10" log="/home/builder/epoch/_build/test/logs/ct_run.epoch_ct@localhost.2018-05-18_08.26.39/lib.aehttp.aehttp_integration_SUITE.logs/run.2018-05-18_08.26.40/aehttp_integration_suite.wrong_http_method_name_revoke_tx.html"></testcase><testcase group="all_endpoints.wrong_http_method_endpoints" name="wrong_http_method_commitment_hash" time="0.080966" timestamp="2018-05-18T08:36:10" log="/home/builder/epoch/_build/test/logs/ct_run.epoch_ct@localhost.2018-05-18_08.26.39/lib.aehttp.aehttp_integration_SUITE.logs/run.2018-05-18_08.26.40/aehttp_integration_suite.wrong_http_method_commitment_hash.html"></testcase><testcase group="all_endpoints.wrong_http_method_endpoints" name="wrong_http_method_name" time="0.092166" timestamp="2018-05-18T08:36:10" log="/home/builder/epoch/_build/test/logs/ct_run.epoch_ct@localhost.2018-05-18_08.26.39/lib.aehttp.aehttp_integration_SUITE.logs/run.2018-05-18_08.26.40/aehttp_integration_suite.wrong_http_method_name.html"></testcase><testcase group="all_endpoints.wrong_http_method_endpoints" name="wrong_http_method_balance" time="0.077802" timestamp="2018-05-18T08:36:11" log="/home/builder/epoch/_build/test/logs/ct_run.epoch_ct@localhost.2018-05-18_08.26.39/lib.aehttp.aehttp_integration_SUITE.logs/run.2018-05-18_08.26.40/aehttp_integration_suite.wrong_http_method_balance.html"></testcase><testcase group="all_endpoints.wrong_http_method_endpoints" name="wrong_http_method_account_transactions" time="0.069942" timestamp="2018-05-18T08:36:11" log="/home/builder/epoch/_build/test/logs/ct_run.epoch_ct@localhost.2018-05-18_08.26.39/lib.aehttp.aehttp_integration_SUITE.logs/run.2018-05-18_08.26.40/aehttp_integration_suite.wrong_http_method_account_transactions.html"></testcase><testcase group="all_endpoints.wrong_http_method_endpoints" name="wrong_http_method_block" time="0.070402" timestamp="2018-05-18T08:36:11" log="/home/builder/epoch/_build/test/logs/ct_run.epoch_ct@localhost.2018-05-18_08.26.39/lib.aehttp.aehttp_integration_SUITE.logs/run.2018-05-18_08.26.40/aehttp_integration_suite.wrong_http_method_block.html"></testcase><testcase group="all_endpoints.wrong_http_method_endpoints" name="wrong_http_method_tx" time="0.073759" timestamp="2018-05-18T08:36:11" log="/home/builder/epoch/_build/test/logs/ct_run.epoch_ct@localhost.2018-05-18_08.26.39/lib.aehttp.aehttp_integration_SUITE.logs/run.2018-05-18_08.26.40/aehttp_integration_suite.wrong_http_method_tx.html"></testcase><testcase group="all_endpoints.wrong_http_method_endpoints" name="wrong_http_method_all_accounts_balances" time="0.080954" timestamp="2018-05-18T08:36:11" log="/home/builder/epoch/_build/test/logs/ct_run.epoch_ct@localhost.2018-05-18_08.26.39/lib.aehttp.aehttp_integration_SUITE.logs/run.2018-05-18_08.26.40/aehttp_integration_suite.wrong_http_method_all_accounts_balances.html"></testcase><testcase group="all_endpoints.wrong_http_method_endpoints" name="wrong_http_method_miner_pub_key" time="0.047320" timestamp="2018-05-18T08:36:11" log="/home/builder/epoch/_build/test/logs/ct_run.epoch_ct@localhost.2018-05-18_08.26.39/lib.aehttp.aehttp_integration_SUITE.logs/run.2018-05-18_08.26.40/aehttp_integration_suite.wrong_http_method_miner_pub_key.html"></testcase><testcase group="all_endpoints.wrong_http_method_endpoints" name="wrong_http_method_version" time="0.076116" timestamp="2018-05-18T08:36:11" log="/home/builder/epoch/_build/test/logs/ct_run.epoch_ct@localhost.2018-05-18_08.26.39/lib.aehttp.aehttp_integration_SUITE.logs/run.2018-05-18_08.26.40/aehttp_integration_suite.wrong_http_method_version.html"></testcase><testcase group="all_endpoints.wrong_http_method_endpoints" name="wrong_http_method_info" time="0.087502" timestamp="2018-05-18T08:36:11" log="/home/builder/epoch/_build/test/logs/ct_run.epoch_ct@localhost.2018-05-18_08.26.39/lib.aehttp.aehttp_integration_SUITE.logs/run.2018-05-18_08.26.40/aehttp_integration_suite.wrong_http_method_info.html"></testcase><testcase group="all_endpoints.wrong_http_method_endpoints" name="wrong_http_method_block_number" time="0.047315" timestamp="2018-05-18T08:36:11" log="/home/builder/epoch/_build/test/logs/ct_run.epoch_ct@localhost.2018-05-18_08.26.39/lib.aehttp.aehttp_integration_SUITE.logs/run.2018-05-18_08.26.40/aehttp_integration_suite.wrong_http_method_block_number.html"></testcase><testcase group="all_endpoints.wrong_http_method_endpoints" name="wrong_http_method_block_latest" time="0.074509" timestamp="2018-05-18T08:36:11" log="/home/builder/epoch/_build/test/logs/ct_run.epoch_ct@localhost.2018-05-18_08.26.39/lib.aehttp.aehttp_integration_SUITE.logs/run.2018-05-18_08.26.40/aehttp_integration_suite.wrong_http_method_block_latest.html"></testcase><testcase group="all_endpoints.wrong_http_method_endpoints" name="wrong_http_method_block_genesis" time="0.077314" timestamp="2018-05-18T08:36:12" log="/home/builder/epoch/_build/test/logs/ct_run.epoch_ct@localhost.2018-05-18_08.26.39/lib.aehttp.aehttp_integration_SUITE.logs/run.2018-05-18_08.26.40/aehttp_integration_suite.wrong_http_method_block_genesis.html"></testcase><testcase group="all_endpoints.wrong_http_method_endpoints" name="wrong_http_method_block_pending" time="0.081689" timestamp="2018-05-18T08:36:12" log="/home/builder/epoch/_build/test/logs/ct_run.epoch_ct@localhost.2018-05-18_08.26.39/lib.aehttp.aehttp_integration_SUITE.logs/run.2018-05-18_08.26.40/aehttp_integration_suite.wrong_http_method_block_pending.html"></testcase><testcase group="all_endpoints.wrong_http_method_endpoints" name="wrong_http_method_block_txs_count_by_height" time="0.044925" timestamp="2018-05-18T08:36:12" log="/home/builder/epoch/_build/test/logs/ct_run.epoch_ct@localhost.2018-05-18_08.26.39/lib.aehttp.aehttp_integration_SUITE.logs/run.2018-05-18_08.26.40/aehttp_integration_suite.wrong_http_method_block_txs_count_by_height.html"></testcase><testcase group="all_endpoints.wrong_http_method_endpoints" name="wrong_http_method_block_txs_count_by_hash" time="0.040285" timestamp="2018-05-18T08:36:12" log="/home/builder/epoch/_build/test/logs/ct_run.epoch_ct@localhost.2018-05-18_08.26.39/lib.aehttp.aehttp_integration_SUITE.logs/run.2018-05-18_08.26.40/aehttp_integration_suite.wrong_http_method_block_txs_count_by_hash.html"></testcase><testcase group="all_endpoints.wrong_http_method_endpoints" name="wrong_http_method_block_txs_count_latest" time="0.046750" timestamp="2018-05-18T08:36:12" log="/home/builder/epoch/_build/test/logs/ct_run.epoch_ct@localhost.2018-05-18_08.26.39/lib.aehttp.aehttp_integration_SUITE.logs/run.2018-05-18_08.26.40/aehttp_integration_suite.wrong_http_method_block_txs_count_latest.html"></testcase><testcase group="all_endpoints.wrong_http_method_endpoints" name="wrong_http_method_block_txs_count_genesis" time="0.044726" timestamp="2018-05-18T08:36:12" log="/home/builder/epoch/_build/test/logs/ct_run.epoch_ct@localhost.2018-05-18_08.26.39/lib.aehttp.aehttp_integration_SUITE.logs/run.2018-05-18_08.26.40/aehttp_integration_suite.wrong_http_method_block_txs_count_genesis.html"></testcase><testcase group="all_endpoints.wrong_http_method_endpoints" name="wrong_http_method_block_txs_count_pending" time="0.045153" timestamp="2018-05-18T08:36:12" log="/home/builder/epoch/_build/test/logs/ct_run.epoch_ct@localhost.2018-05-18_08.26.39/lib.aehttp.aehttp_integration_SUITE.logs/run.2018-05-18_08.26.40/aehttp_integration_suite.wrong_http_method_block_txs_count_pending.html"></testcase><testcase group="all_endpoints.wrong_http_method_endpoints" name="wrong_http_method_block_tx_by_index_height" time="0.047606" timestamp="2018-05-18T08:36:12" log="/home/builder/epoch/_build/test/logs/ct_run.epoch_ct@localhost.2018-05-18_08.26.39/lib.aehttp.aehttp_integration_SUITE.logs/run.2018-05-18_08.26.40/aehttp_integration_suite.wrong_http_method_block_tx_by_index_height.html"></testcase><testcase group="all_endpoints.wrong_http_method_endpoints" name="wrong_http_method_block_tx_by_index_hash" time="0.073209" timestamp="2018-05-18T08:36:12" log="/home/builder/epoch/_build/test/logs/ct_run.epoch_ct@localhost.2018-05-18_08.26.39/lib.aehttp.aehttp_integration_SUITE.logs/run.2018-05-18_08.26.40/aehttp_integration_suite.wrong_http_method_block_tx_by_index_hash.html"></testcase><testcase group="all_endpoints.wrong_http_method_endpoints" name="wrong_http_method_block_tx_by_index_latest" time="0.053534" timestamp="2018-05-18T08:36:12" log="/home/builder/epoch/_build/test/logs/ct_run.epoch_ct@localhost.2018-05-18_08.26.39/lib.aehttp.aehttp_integration_SUITE.logs/run.2018-05-18_08.26.40/aehttp_integration_suite.wrong_http_method_block_tx_by_index_latest.html"></testcase><testcase group="all_endpoints.wrong_http_method_endpoints" name="wrong_http_method_block_txs_list_by_height" time="0.071892" timestamp="2018-05-18T08:36:12" log="/home/builder/epoch/_build/test/logs/ct_run.epoch_ct@localhost.2018-05-18_08.26.39/lib.aehttp.aehttp_integration_SUITE.logs/run.2018-05-18_08.26.40/aehttp_integration_suite.wrong_http_method_block_txs_list_by_height.html"></testcase><testcase group="all_endpoints.wrong_http_method_endpoints" name="wrong_http_method_block_txs_list_by_hash" time="0.065898" timestamp="2018-05-18T08:36:13" log="/home/builder/epoch/_build/test/logs/ct_run.epoch_ct@localhost.2018-05-18_08.26.39/lib.aehttp.aehttp_integration_SUITE.logs/run.2018-05-18_08.26.40/aehttp_integration_suite.wrong_http_method_block_txs_list_by_hash.html"></testcase><testcase group="all_endpoints.wrong_http_method_endpoints" name="wrong_http_method_list_oracles" time="0.067453" timestamp="2018-05-18T08:36:13" log="/home/builder/epoch/_build/test/logs/ct_run.epoch_ct@localhost.2018-05-18_08.26.39/lib.aehttp.aehttp_integration_SUITE.logs/run.2018-05-18_08.26.40/aehttp_integration_suite.wrong_http_method_list_oracles.html"></testcase><testcase group="all_endpoints.wrong_http_method_endpoints" name="wrong_http_method_list_oracle_queries" time="0.051076" timestamp="2018-05-18T08:36:13" log="/home/builder/epoch/_build/test/logs/ct_run.epoch_ct@localhost.2018-05-18_08.26.39/lib.aehttp.aehttp_integration_SUITE.logs/run.2018-05-18_08.26.40/aehttp_integration_suite.wrong_http_method_list_oracle_queries.html"></testcase><testcase group="all_endpoints.wrong_http_method_endpoints" name="wrong_http_method_peers" time="0.057281" timestamp="2018-05-18T08:36:13" log="/home/builder/epoch/_build/test/logs/ct_run.epoch_ct@localhost.2018-05-18_08.26.39/lib.aehttp.aehttp_integration_SUITE.logs/run.2018-05-18_08.26.40/aehttp_integration_suite.wrong_http_method_peers.html"></testcase><testcase group="all_endpoints.wrong_http_method_endpoints" name="end_per_group" time="3.847289" timestamp="2018-05-18T08:36:13" log="/home/builder/epoch/_build/test/logs/ct_run.epoch_ct@localhost.2018-05-18_08.26.39/lib.aehttp.aehttp_integration_SUITE.logs/run.2018-05-18_08.26.40/aehttp_integration_suite.end_per_group.4610.html"></testcase><testcase group="all_endpoints.websocket" name="init_per_group" time="3.760823" timestamp="2018-05-18T08:36:17" log="/home/builder/epoch/_build/test/logs/ct_run.epoch_ct@localhost.2018-05-18_08.26.39/lib.aehttp.aehttp_integration_SUITE.logs/run.2018-05-18_08.26.40/aehttp_integration_suite.init_per_group.4738.html"></testcase><testcase group="all_endpoints.websocket" name="ws_get_genesis" time="0.542221" timestamp="2018-05-18T08:36:21" log="/home/builder/epoch/_build/test/logs/ct_run.epoch_ct@localhost.2018-05-18_08.26.39/lib.aehttp.aehttp_integration_SUITE.logs/run.2018-05-18_08.26.40/aehttp_integration_suite.ws_get_genesis.html"></testcase><testcase group="all_endpoints.websocket" name="ws_request_tag" time="0.012684" timestamp="2018-05-18T08:36:21" log="/home/builder/epoch/_build/test/logs/ct_run.epoch_ct@localhost.2018-05-18_08.26.39/lib.aehttp.aehttp_integration_SUITE.logs/run.2018-05-18_08.26.40/aehttp_integration_suite.ws_request_tag.html"></testcase><testcase group="all_endpoints.websocket" name="ws_block_mined" time="0.505656" timestamp="2018-05-18T08:36:21" log="/home/builder/epoch/_build/test/logs/ct_run.epoch_ct@localhost.2018-05-18_08.26.39/lib.aehttp.aehttp_integration_SUITE.logs/run.2018-05-18_08.26.40/aehttp_integration_suite.ws_block_mined.html"></testcase><testcase group="all_endpoints.websocket" name="ws_refused_on_limit_reached" time="6.261667" timestamp="2018-05-18T08:36:22" log="/home/builder/epoch/_build/test/logs/ct_run.epoch_ct@localhost.2018-05-18_08.26.39/lib.aehttp.aehttp_integration_SUITE.logs/run.2018-05-18_08.26.40/aehttp_integration_suite.ws_refused_on_limit_reached.html"></testcase><testcase group="all_endpoints.websocket" name="ws_tx_on_chain" time="3.389270" timestamp="2018-05-18T08:36:28" log="/home/builder/epoch/_build/test/logs/ct_run.epoch_ct@localhost.2018-05-18_08.26.39/lib.aehttp.aehttp_integration_SUITE.logs/run.2018-05-18_08.26.40/aehttp_integration_suite.ws_tx_on_chain.html"></testcase><testcase group="all_endpoints.websocket" name="ws_oracles" time="11.658851" timestamp="2018-05-18T08:36:31" log="/home/builder/epoch/_build/test/logs/ct_run.epoch_ct@localhost.2018-05-18_08.26.39/lib.aehttp.aehttp_integration_SUITE.logs/run.2018-05-18_08.26.40/aehttp_integration_suite.ws_oracles.html"></testcase><testcase group="all_endpoints.websocket" name="end_per_group" time="3.544332" timestamp="2018-05-18T08:36:43" log="/home/builder/epoch/_build/test/logs/ct_run.epoch_ct@localhost.2018-05-18_08.26.39/lib.aehttp.aehttp_integration_SUITE.logs/run.2018-05-18_08.26.40/aehttp_integration_suite.end_per_group.4994.html"></testcase><testcase group="all_endpoints.naming" name="init_per_group" time="2.939494" timestamp="2018-05-18T08:36:47" log="/home/builder/epoch/_build/test/logs/ct_run.epoch_ct@localhost.2018-05-18_08.26.39/lib.aehttp.aehttp_integration_SUITE.logs/run.2018-05-18_08.26.40/aehttp_integration_suite.init_per_group.5122.html"></testcase><testcase group="all_endpoints.naming" name="naming_system_manage_name" time="33.469352" timestamp="2018-05-18T08:36:50" log="/home/builder/epoch/_build/test/logs/ct_run.epoch_ct@localhost.2018-05-18_08.26.39/lib.aehttp.aehttp_integration_SUITE.logs/run.2018-05-18_08.26.40/aehttp_integration_suite.naming_system_manage_name.html"></testcase><testcase group="all_endpoints.naming" name="end_per_group" time="3.537059" timestamp="2018-05-18T08:37:23" log="/home/builder/epoch/_build/test/logs/ct_run.epoch_ct@localhost.2018-05-18_08.26.39/lib.aehttp.aehttp_integration_SUITE.logs/run.2018-05-18_08.26.40/aehttp_integration_suite.end_per_group.5378.html"></testcase><testcase group="all_endpoints.channel_websocket" name="init_per_group" time="20.114027" timestamp="2018-05-18T08:37:27" log="/home/builder/epoch/_build/test/logs/ct_run.epoch_ct@localhost.2018-05-18_08.26.39/lib.aehttp.aehttp_integration_SUITE.logs/run.2018-05-18_08.26.40/aehttp_integration_suite.init_per_group.5506.html"></testcase><testcase group="all_endpoints.channel_websocket" name="sc_ws_timeout_open" time="0.160772" timestamp="2018-05-18T08:37:47" log="/home/builder/epoch/_build/test/logs/ct_run.epoch_ct@localhost.2018-05-18_08.26.39/lib.aehttp.aehttp_integration_SUITE.logs/run.2018-05-18_08.26.40/aehttp_integration_suite.sc_ws_timeout_open.html"></testcase><testcase group="all_endpoints.channel_websocket" name="sc_ws_open" time="7.493208" timestamp="2018-05-18T08:37:47" log="/home/builder/epoch/_build/test/logs/ct_run.epoch_ct@localhost.2018-05-18_08.26.39/lib.aehttp.aehttp_integration_SUITE.logs/run.2018-05-18_08.26.40/aehttp_integration_suite.sc_ws_open.html"></testcase><testcase group="all_endpoints.channel_websocket" name="sc_ws_update" time="0.123713" timestamp="2018-05-18T08:37:55" log="/home/builder/epoch/_build/test/logs/ct_run.epoch_ct@localhost.2018-05-18_08.26.39/lib.aehttp.aehttp_integration_SUITE.logs/run.2018-05-18_08.26.40/aehttp_integration_suite.sc_ws_update.html"></testcase><testcase group="all_endpoints.channel_websocket" name="sc_ws_close" time="0.008765" timestamp="2018-05-18T08:37:55" log="/home/builder/epoch/_build/test/logs/ct_run.epoch_ct@localhost.2018-05-18_08.26.39/lib.aehttp.aehttp_integration_SUITE.logs/run.2018-05-18_08.26.40/aehttp_integration_suite.sc_ws_close.html"></testcase><testcase group="all_endpoints.channel_websocket" name="sc_ws_open" time="13.160072" timestamp="2018-05-18T08:37:55" log="/home/builder/epoch/_build/test/logs/ct_run.epoch_ct@localhost.2018-05-18_08.26.39/lib.aehttp.aehttp_integration_SUITE.logs/run.2018-05-18_08.26.40/aehttp_integration_suite.sc_ws_open.5762.html"></testcase><testcase group="all_endpoints.channel_websocket" name="sc_ws_update_fails_and_close" time="0.014572" timestamp="2018-05-18T08:38:08" log="/home/builder/epoch/_build/test/logs/ct_run.epoch_ct@localhost.2018-05-18_08.26.39/lib.aehttp.aehttp_integration_SUITE.logs/run.2018-05-18_08.26.40/aehttp_integration_suite.sc_ws_update_fails_and_close.html"></testcase><testcase group="all_endpoints.channel_websocket" name="sc_ws_open" time="20.555281" timestamp="2018-05-18T08:38:08" log="/home/builder/epoch/_build/test/logs/ct_run.epoch_ct@localhost.2018-05-18_08.26.39/lib.aehttp.aehttp_integration_SUITE.logs/run.2018-05-18_08.26.40/aehttp_integration_suite.sc_ws_open.899.html"></testcase><testcase group="all_endpoints.channel_websocket" name="sc_ws_send_messages_and_close" time="0.098044" timestamp="2018-05-18T08:38:29" log="/home/builder/epoch/_build/test/logs/ct_run.epoch_ct@localhost.2018-05-18_08.26.39/lib.aehttp.aehttp_integration_SUITE.logs/run.2018-05-18_08.26.40/aehttp_integration_suite.sc_ws_send_messages_and_close.html"></testcase><testcase group="all_endpoints.channel_websocket" name="sc_ws_open" time="9.180275" timestamp="2018-05-18T08:38:29" log="/home/builder/epoch/_build/test/logs/ct_run.epoch_ct@localhost.2018-05-18_08.26.39/lib.aehttp.aehttp_integration_SUITE.logs/run.2018-05-18_08.26.40/aehttp_integration_suite.sc_ws_open.5890.html"></testcase><testcase group="all_endpoints.channel_websocket" name="sc_ws_conflict_and_close" time="0.057033" timestamp="2018-05-18T08:38:38" log="/home/builder/epoch/_build/test/logs/ct_run.epoch_ct@localhost.2018-05-18_08.26.39/lib.aehttp.aehttp_integration_SUITE.logs/run.2018-05-18_08.26.40/aehttp_integration_suite.sc_ws_conflict_and_close.html"></testcase><testcase group="all_endpoints.channel_websocket" name="sc_ws_open" time="14.756648" timestamp="2018-05-18T08:38:38" log="/home/builder/epoch/_build/test/logs/ct_run.epoch_ct@localhost.2018-05-18_08.26.39/lib.aehttp.aehttp_integration_SUITE.logs/run.2018-05-18_08.26.40/aehttp_integration_suite.sc_ws_open.6018.html"></testcase><testcase group="all_endpoints.channel_websocket" name="sc_ws_update" time="0.126811" timestamp="2018-05-18T08:38:53" log="/home/builder/epoch/_build/test/logs/ct_run.epoch_ct@localhost.2018-05-18_08.26.39/lib.aehttp.aehttp_integration_SUITE.logs/run.2018-05-18_08.26.40/aehttp_integration_suite.sc_ws_update.6146.html"></testcase><testcase group="all_endpoints.channel_websocket" name="sc_ws_close_mutual_inititator" time="0.754783" timestamp="2018-05-18T08:38:53" log="/home/builder/epoch/_build/test/logs/ct_run.epoch_ct@localhost.2018-05-18_08.26.39/lib.aehttp.aehttp_integration_SUITE.logs/run.2018-05-18_08.26.40/aehttp_integration_suite.sc_ws_close_mutual_inititator.html"></testcase><testcase group="all_endpoints.channel_websocket" name="sc_ws_open" time="10.807802" timestamp="2018-05-18T08:38:54" log="/home/builder/epoch/_build/test/logs/ct_run.epoch_ct@localhost.2018-05-18_08.26.39/lib.aehttp.aehttp_integration_SUITE.logs/run.2018-05-18_08.26.40/aehttp_integration_suite.sc_ws_open.1027.html"></testcase><testcase group="all_endpoints.channel_websocket" name="sc_ws_update" time="0.133848" timestamp="2018-05-18T08:39:05" log="/home/builder/epoch/_build/test/logs/ct_run.epoch_ct@localhost.2018-05-18_08.26.39/lib.aehttp.aehttp_integration_SUITE.logs/run.2018-05-18_08.26.40/aehttp_integration_suite.sc_ws_update.1155.html"></testcase><testcase group="all_endpoints.channel_websocket" name="sc_ws_close_mutual_responder" time="1.397008" timestamp="2018-05-18T08:39:05" log="/home/builder/epoch/_build/test/logs/ct_run.epoch_ct@localhost.2018-05-18_08.26.39/lib.aehttp.aehttp_integration_SUITE.logs/run.2018-05-18_08.26.40/aehttp_integration_suite.sc_ws_close_mutual_responder.html"></testcase><testcase group="all_endpoints.channel_websocket" name="end_per_group" time="8.527906" timestamp="2018-05-18T08:39:06" log="/home/builder/epoch/_build/test/logs/ct_run.epoch_ct@localhost.2018-05-18_08.26.39/lib.aehttp.aehttp_integration_SUITE.logs/run.2018-05-18_08.26.40/aehttp_integration_suite.end_per_group.6274.html"></testcase><testcase group="all_endpoints" name="end_per_group" time="0.003482" timestamp="2018-05-18T08:39:15" log="/home/builder/epoch/_build/test/logs/ct_run.epoch_ct@localhost.2018-05-18_08.26.39/lib.aehttp.aehttp_integration_SUITE.logs/run.2018-05-18_08.26.40/aehttp_integration_suite.end_per_group.6402.html"></testcase><testcase name="end_per_suite" time="0.003429" timestamp="2018-05-18T08:39:15" log="/home/builder/epoch/_build/test/logs/ct_run.epoch_ct@localhost.2018-05-18_08.26.39/lib.aehttp.aehttp_integration_SUITE.logs/run.2018-05-18_08.26.40/aehttp_integration_suite.end_per_suite.html"></testcase></testsuite></testsuites>