<?xml version="1.0" encoding= "UTF-8" ?><testsuites><testsuite hostname="7223ed1a6343" name="sophia_bytecode_aevm_SUITE" time="1.416783" timestamp="2018-05-21T09:55:53" errors="0" failures="0" skipped="0" tests="2" log="/home/builder/epoch/_build/test/logs/ct_run.epoch_ct@localhost.2018-05-21_09.53.00/test.extras.sophia_bytecode_aevm_SUITE.logs/run.2018-05-21_09.55.53/suite.log.html"><testcase name="init_per_suite" time="0.001685" timestamp="2018-05-21T09:55:53" log="/home/builder/epoch/_build/test/logs/ct_run.epoch_ct@localhost.2018-05-21_09.53.00/test.extras.sophia_bytecode_aevm_SUITE.logs/run.2018-05-21_09.55.53/ct_framework.init_per_suite.html"></testcase><testcase name="execute_identity_fun_from_bytecode" time="0.008819" timestamp="2018-05-21T09:55:53" log="/home/builder/epoch/_build/test/logs/ct_run.epoch_ct@localhost.2018-05-21_09.53.00/test.extras.sophia_bytecode_aevm_SUITE.logs/run.2018-05-21_09.55.53/sophia_bytecode_aevm_suite.execute_identity_fun_from_bytecode.html"></testcase><testcase name="execute_identity_fun_from_sophia_file" time="0.034644" timestamp="2018-05-21T09:55:53" log="/home/builder/epoch/_build/test/logs/ct_run.epoch_ct@localhost.2018-05-21_09.53.00/test.extras.sophia_bytecode_aevm_SUITE.logs/run.2018-05-21_09.55.53/sophia_bytecode_aevm_suite.execute_identity_fun_from_sophia_file.html"></testcase><testcase name="end_per_suite" time="0.001563" timestamp="2018-05-21T09:55:53" log="/home/builder/epoch/_build/test/logs/ct_run.epoch_ct@localhost.2018-05-21_09.53.00/test.extras.sophia_bytecode_aevm_SUITE.logs/run.2018-05-21_09.55.53/ct_framework.end_per_suite.html"></testcase></testsuite><testsuite hostname="7223ed1a6343" name="contract_sophia_bytecode_aevm_SUITE" time="2.581806" timestamp="2018-05-21T09:55:50" errors="0" failures="0" skipped="0" tests="12" log="/home/builder/epoch/_build/test/logs/ct_run.epoch_ct@localhost.2018-05-21_09.53.00/test.extras.contract_sophia_bytecode_aevm_SUITE.logs/run.2018-05-21_09.55.50/suite.log.html"><testcase name="init_per_suite" time="0.001444" timestamp="2018-05-21T09:55:50" log="/home/builder/epoch/_build/test/logs/ct_run.epoch_ct@localhost.2018-05-21_09.53.00/test.extras.contract_sophia_bytecode_aevm_SUITE.logs/run.2018-05-21_09.55.50/ct_framework.init_per_suite.html"></testcase><testcase name="execute_identity_fun_from_sophia_file" time="0.018131" timestamp="2018-05-21T09:55:50" log="/home/builder/epoch/_build/test/logs/ct_run.epoch_ct@localhost.2018-05-21_09.53.00/test.extras.contract_sophia_bytecode_aevm_SUITE.logs/run.2018-05-21_09.55.50/contract_sophia_bytecode_aevm_suite.execute_identity_fun_from_sophia_file.html"></testcase><testcase name="sophia_remote_call" time="0.014253" timestamp="2018-05-21T09:55:50" log="/home/builder/epoch/_build/test/logs/ct_run.epoch_ct@localhost.2018-05-21_09.53.00/test.extras.contract_sophia_bytecode_aevm_SUITE.logs/run.2018-05-21_09.55.50/contract_sophia_bytecode_aevm_suite.sophia_remote_call.html"></testcase><testcase name="sophia_factorial" time="0.023968" timestamp="2018-05-21T09:55:50" log="/home/builder/epoch/_build/test/logs/ct_run.epoch_ct@localhost.2018-05-21_09.53.00/test.extras.contract_sophia_bytecode_aevm_SUITE.logs/run.2018-05-21_09.55.50/contract_sophia_bytecode_aevm_suite.sophia_factorial.html"></testcase><testcase name="simple_multi_argument_call" time="0.011994" timestamp="2018-05-21T09:55:50" log="/home/builder/epoch/_build/test/logs/ct_run.epoch_ct@localhost.2018-05-21_09.53.00/test.extras.contract_sophia_bytecode_aevm_SUITE.logs/run.2018-05-21_09.55.50/contract_sophia_bytecode_aevm_suite.simple_multi_argument_call.html"></testcase><testcase name="remote_multi_argument_call" time="0.016125" timestamp="2018-05-21T09:55:50" log="/home/builder/epoch/_build/test/logs/ct_run.epoch_ct@localhost.2018-05-21_09.53.00/test.extras.contract_sophia_bytecode_aevm_SUITE.logs/run.2018-05-21_09.55.50/contract_sophia_bytecode_aevm_suite.remote_multi_argument_call.html"></testcase><testcase name="spend_tests" time="0.023539" timestamp="2018-05-21T09:55:50" log="/home/builder/epoch/_build/test/logs/ct_run.epoch_ct@localhost.2018-05-21_09.53.00/test.extras.contract_sophia_bytecode_aevm_SUITE.logs/run.2018-05-21_09.55.50/contract_sophia_bytecode_aevm_suite.spend_tests.html"></testcase><testcase name="complex_types" time="0.092264" timestamp="2018-05-21T09:55:50" log="/home/builder/epoch/_build/test/logs/ct_run.epoch_ct@localhost.2018-05-21_09.53.00/test.extras.contract_sophia_bytecode_aevm_SUITE.logs/run.2018-05-21_09.55.50/contract_sophia_bytecode_aevm_suite.complex_types.html"></testcase><testcase name="environment" time="0.051499" timestamp="2018-05-21T09:55:50" log="/home/builder/epoch/_build/test/logs/ct_run.epoch_ct@localhost.2018-05-21_09.53.00/test.extras.contract_sophia_bytecode_aevm_SUITE.logs/run.2018-05-21_09.55.50/contract_sophia_bytecode_aevm_suite.environment.html"></testcase><testcase name="counter" time="0.011539" timestamp="2018-05-21T09:55:51" log="/home/builder/epoch/_build/test/logs/ct_run.epoch_ct@localhost.2018-05-21_09.53.00/test.extras.contract_sophia_bytecode_aevm_SUITE.logs/run.2018-05-21_09.55.50/contract_sophia_bytecode_aevm_suite.counter.html"></testcase><testcase name="stack" time="0.025150" timestamp="2018-05-21T09:55:51" log="/home/builder/epoch/_build/test/logs/ct_run.epoch_ct@localhost.2018-05-21_09.53.00/test.extras.contract_sophia_bytecode_aevm_SUITE.logs/run.2018-05-21_09.55.50/contract_sophia_bytecode_aevm_suite.stack.html"></testcase><testcase name="simple_storage" time="0.012139" timestamp="2018-05-21T09:55:51" log="/home/builder/epoch/_build/test/logs/ct_run.epoch_ct@localhost.2018-05-21_09.53.00/test.extras.contract_sophia_bytecode_aevm_SUITE.logs/run.2018-05-21_09.55.50/contract_sophia_bytecode_aevm_suite.simple_storage.html"></testcase><testcase name="dutch_auction" time="0.654325" timestamp="2018-05-21T09:55:51" log="/home/builder/epoch/_build/test/logs/ct_run.epoch_ct@localhost.2018-05-21_09.53.00/test.extras.contract_sophia_bytecode_aevm_SUITE.logs/run.2018-05-21_09.55.50/contract_sophia_bytecode_aevm_suite.dutch_auction.html"></testcase><testcase name="end_per_suite" time="0.001829" timestamp="2018-05-21T09:55:51" log="/home/builder/epoch/_build/test/logs/ct_run.epoch_ct@localhost.2018-05-21_09.53.00/test.extras.contract_sophia_bytecode_aevm_SUITE.logs/run.2018-05-21_09.55.50/ct_framework.end_per_suite.html"></testcase></testsuite><testsuite hostname="7223ed1a6343" name="aebytecode_aevm_SUITE" time="2.594554" timestamp="2018-05-21T09:55:47" errors="0" failures="0" skipped="0" tests="1" log="/home/builder/epoch/_build/test/logs/ct_run.epoch_ct@localhost.2018-05-21_09.53.00/test.extras.aebytecode_aevm_SUITE.logs/run.2018-05-21_09.55.47/suite.log.html"><testcase name="init_per_suite" time="0.002198" timestamp="2018-05-21T09:55:47" log="/home/builder/epoch/_build/test/logs/ct_run.epoch_ct@localhost.2018-05-21_09.53.00/test.extras.aebytecode_aevm_SUITE.logs/run.2018-05-21_09.55.47/ct_framework.init_per_suite.html"></testcase><testcase name="execute_identy_fun_from_file" time="0.023854" timestamp="2018-05-21T09:55:48" log="/home/builder/epoch/_build/test/logs/ct_run.epoch_ct@localhost.2018-05-21_09.53.00/test.extras.aebytecode_aevm_SUITE.logs/run.2018-05-21_09.55.47/aebytecode_aevm_suite.execute_identy_fun_from_file.html"></testcase><testcase name="end_per_suite" time="0.001366" timestamp="2018-05-21T09:55:48" log="/home/builder/epoch/_build/test/logs/ct_run.epoch_ct@localhost.2018-05-21_09.53.00/test.extras.aebytecode_aevm_SUITE.logs/run.2018-05-21_09.55.47/ct_framework.end_per_suite.html"></testcase></testsuite><testsuite hostname="7223ed1a6343" name="aeu_requests_SUITE" time="5.127037" timestamp="2018-05-21T09:55:42" errors="0" failures="0" skipped="0" tests="1" log="/home/builder/epoch/_build/test/logs/ct_run.epoch_ct@localhost.2018-05-21_09.53.00/lib.aeutils.aeu_requests_SUITE.logs/run.2018-05-21_09.55.42/suite.log.html"><testcase name="init_per_suite" time="0.001382" timestamp="2018-05-21T09:55:42" log="/home/builder/epoch/_build/test/logs/ct_run.epoch_ct@localhost.2018-05-21_09.53.00/lib.aeutils.aeu_requests_SUITE.logs/run.2018-05-21_09.55.42/aeu_requests_suite.init_per_suite.html"></testcase><testcase name="application_test" time="3.806221" timestamp="2018-05-21T09:55:42" log="/home/builder/epoch/_build/test/logs/ct_run.epoch_ct@localhost.2018-05-21_09.53.00/lib.aeutils.aeu_requests_SUITE.logs/run.2018-05-21_09.55.42/aeu_requests_suite.application_test.html"></testcase><testcase name="end_per_suite" time="0.002789" timestamp="2018-05-21T09:55:46" log="/home/builder/epoch/_build/test/logs/ct_run.epoch_ct@localhost.2018-05-21_09.53.00/lib.aeutils.aeu_requests_SUITE.logs/run.2018-05-21_09.55.42/aeu_requests_suite.end_per_suite.html"></testcase></testsuite><testsuite hostname="7223ed1a6343" name="aeso_eunit_SUITE" time="2.449561" timestamp="2018-05-21T09:55:40" errors="0" failures="0" skipped="0" tests="3" log="/home/builder/epoch/_build/test/logs/ct_run.epoch_ct@localhost.2018-05-21_09.53.00/lib.aesophia.aeso_eunit_SUITE.logs/run.2018-05-21_09.55.40/suite.log.html"><testcase name="init_per_suite" time="0.001164" timestamp="2018-05-21T09:55:40" log="/home/builder/epoch/_build/test/logs/ct_run.epoch_ct@localhost.2018-05-21_09.53.00/lib.aesophia.aeso_eunit_SUITE.logs/run.2018-05-21_09.55.40/ct_framework.init_per_suite.html"></testcase><testcase group="eunit" name="init_per_group" time="0.001552" timestamp="2018-05-21T09:55:40" log="/home/builder/epoch/_build/test/logs/ct_run.epoch_ct@localhost.2018-05-21_09.53.00/lib.aesophia.aeso_eunit_SUITE.logs/run.2018-05-21_09.55.40/ct_framework.init_per_group.html"></testcase><testcase group="eunit" name="aeso_scan_tests" time="0.276294" timestamp="2018-05-21T09:55:40" log="/home/builder/epoch/_build/test/logs/ct_run.epoch_ct@localhost.2018-05-21_09.53.00/lib.aesophia.aeso_eunit_SUITE.logs/run.2018-05-21_09.55.40/aeso_eunit_suite.aeso_scan_tests.html"></testcase><testcase group="eunit" name="aeso_parser_tests" time="0.569076" timestamp="2018-05-21T09:55:40" log="/home/builder/epoch/_build/test/logs/ct_run.epoch_ct@localhost.2018-05-21_09.53.00/lib.aesophia.aeso_eunit_SUITE.logs/run.2018-05-21_09.55.40/aeso_eunit_suite.aeso_parser_tests.html"></testcase><testcase group="eunit" name="aeso_compiler_tests" time="0.170895" timestamp="2018-05-21T09:55:41" log="/home/builder/epoch/_build/test/logs/ct_run.epoch_ct@localhost.2018-05-21_09.53.00/lib.aesophia.aeso_eunit_SUITE.logs/run.2018-05-21_09.55.40/aeso_eunit_suite.aeso_compiler_tests.html"></testcase><testcase group="eunit" name="end_per_group" time="0.001660" timestamp="2018-05-21T09:55:41" log="/home/builder/epoch/_build/test/logs/ct_run.epoch_ct@localhost.2018-05-21_09.53.00/lib.aesophia.aeso_eunit_SUITE.logs/run.2018-05-21_09.55.40/ct_framework.end_per_group.html"></testcase><testcase name="end_per_suite" time="0.001488" timestamp="2018-05-21T09:55:41" log="/home/builder/epoch/_build/test/logs/ct_run.epoch_ct@localhost.2018-05-21_09.53.00/lib.aesophia.aeso_eunit_SUITE.logs/run.2018-05-21_09.55.40/ct_framework.end_per_suite.html"></testcase></testsuite><testsuite hostname="7223ed1a6343" name="aens_SUITE" time="2.145081" timestamp="2018-05-21T09:55:38" errors="0" failures="0" skipped="0" tests="13" log="/home/builder/epoch/_build/test/logs/ct_run.epoch_ct@localhost.2018-05-21_09.53.00/lib.aens.aens_SUITE.logs/run.2018-05-21_09.55.38/suite.log.html"><testcase name="init_per_suite" time="0.000931" timestamp="2018-05-21T09:55:38" log="/home/builder/epoch/_build/test/logs/ct_run.epoch_ct@localhost.2018-05-21_09.53.00/lib.aens.aens_SUITE.logs/run.2018-05-21_09.55.38/ct_framework.init_per_suite.html"></testcase><testcase group="all_tests" name="init_per_group" time="0.001046" timestamp="2018-05-21T09:55:38" log="/home/builder/epoch/_build/test/logs/ct_run.epoch_ct@localhost.2018-05-21_09.53.00/lib.aens.aens_SUITE.logs/run.2018-05-21_09.55.38/ct_framework.init_per_group.html"></testcase><testcase group="all_tests.transactions" name="init_per_group" time="0.000990" timestamp="2018-05-21T09:55:38" log="/home/builder/epoch/_build/test/logs/ct_run.epoch_ct@localhost.2018-05-21_09.53.00/lib.aens.aens_SUITE.logs/run.2018-05-21_09.55.38/ct_framework.init_per_group.3074.html"></testcase><testcase group="all_tests.transactions" name="prune_preclaim" time="0.103882" timestamp="2018-05-21T09:55:38" log="/home/builder/epoch/_build/test/logs/ct_run.epoch_ct@localhost.2018-05-21_09.53.00/lib.aens.aens_SUITE.logs/run.2018-05-21_09.55.38/aens_suite.prune_preclaim.html"></testcase><testcase group="all_tests.transactions" name="prune_claim" time="0.030934" timestamp="2018-05-21T09:55:38" log="/home/builder/epoch/_build/test/logs/ct_run.epoch_ct@localhost.2018-05-21_09.53.00/lib.aens.aens_SUITE.logs/run.2018-05-21_09.55.38/aens_suite.prune_claim.html"></testcase><testcase group="all_tests.transactions" name="preclaim" time="0.009501" timestamp="2018-05-21T09:55:38" log="/home/builder/epoch/_build/test/logs/ct_run.epoch_ct@localhost.2018-05-21_09.53.00/lib.aens.aens_SUITE.logs/run.2018-05-21_09.55.38/aens_suite.preclaim.html"></testcase><testcase group="all_tests.transactions" name="preclaim_negative" time="0.023152" timestamp="2018-05-21T09:55:38" log="/home/builder/epoch/_build/test/logs/ct_run.epoch_ct@localhost.2018-05-21_09.53.00/lib.aens.aens_SUITE.logs/run.2018-05-21_09.55.38/aens_suite.preclaim_negative.html"></testcase><testcase group="all_tests.transactions" name="claim" time="0.013790" timestamp="2018-05-21T09:55:38" log="/home/builder/epoch/_build/test/logs/ct_run.epoch_ct@localhost.2018-05-21_09.53.00/lib.aens.aens_SUITE.logs/run.2018-05-21_09.55.38/aens_suite.claim.html"></testcase><testcase group="all_tests.transactions" name="claim_negative" time="0.028063" timestamp="2018-05-21T09:55:38" log="/home/builder/epoch/_build/test/logs/ct_run.epoch_ct@localhost.2018-05-21_09.53.00/lib.aens.aens_SUITE.logs/run.2018-05-21_09.55.38/aens_suite.claim_negative.html"></testcase><testcase group="all_tests.transactions" name="claim_race_negative" time="0.023249" timestamp="2018-05-21T09:55:38" log="/home/builder/epoch/_build/test/logs/ct_run.epoch_ct@localhost.2018-05-21_09.53.00/lib.aens.aens_SUITE.logs/run.2018-05-21_09.55.38/aens_suite.claim_race_negative.html"></testcase><testcase group="all_tests.transactions" name="update" time="0.022354" timestamp="2018-05-21T09:55:38" log="/home/builder/epoch/_build/test/logs/ct_run.epoch_ct@localhost.2018-05-21_09.53.00/lib.aens.aens_SUITE.logs/run.2018-05-21_09.55.38/aens_suite.update.html"></testcase><testcase group="all_tests.transactions" name="update_negative" time="0.035486" timestamp="2018-05-21T09:55:38" log="/home/builder/epoch/_build/test/logs/ct_run.epoch_ct@localhost.2018-05-21_09.53.00/lib.aens.aens_SUITE.logs/run.2018-05-21_09.55.38/aens_suite.update_negative.html"></testcase><testcase group="all_tests.transactions" name="transfer" time="0.025314" timestamp="2018-05-21T09:55:38" log="/home/builder/epoch/_build/test/logs/ct_run.epoch_ct@localhost.2018-05-21_09.53.00/lib.aens.aens_SUITE.logs/run.2018-05-21_09.55.38/aens_suite.transfer.html"></testcase><testcase group="all_tests.transactions" name="transfer_negative" time="0.035355" timestamp="2018-05-21T09:55:38" log="/home/builder/epoch/_build/test/logs/ct_run.epoch_ct@localhost.2018-05-21_09.53.00/lib.aens.aens_SUITE.logs/run.2018-05-21_09.55.38/aens_suite.transfer_negative.html"></testcase><testcase group="all_tests.transactions" name="revoke" time="0.023334" timestamp="2018-05-21T09:55:38" log="/home/builder/epoch/_build/test/logs/ct_run.epoch_ct@localhost.2018-05-21_09.53.00/lib.aens.aens_SUITE.logs/run.2018-05-21_09.55.38/aens_suite.revoke.html"></testcase><testcase group="all_tests.transactions" name="revoke_negative" time="0.035541" timestamp="2018-05-21T09:55:39" log="/home/builder/epoch/_build/test/logs/ct_run.epoch_ct@localhost.2018-05-21_09.53.00/lib.aens.aens_SUITE.logs/run.2018-05-21_09.55.38/aens_suite.revoke_negative.html"></testcase><testcase group="all_tests.transactions" name="end_per_group" time="0.001432" timestamp="2018-05-21T09:55:39" log="/home/builder/epoch/_build/test/logs/ct_run.epoch_ct@localhost.2018-05-21_09.53.00/lib.aens.aens_SUITE.logs/run.2018-05-21_09.55.38/ct_framework.end_per_group.html"></testcase><testcase group="all_tests" name="end_per_group" time="0.001368" timestamp="2018-05-21T09:55:39" log="/home/builder/epoch/_build/test/logs/ct_run.epoch_ct@localhost.2018-05-21_09.53.00/lib.aens.aens_SUITE.logs/run.2018-05-21_09.55.38/ct_framework.end_per_group.4866.html"></testcase><testcase name="end_per_suite" time="0.001201" timestamp="2018-05-21T09:55:39" log="/home/builder/epoch/_build/test/logs/ct_run.epoch_ct@localhost.2018-05-21_09.53.00/lib.aens.aens_SUITE.logs/run.2018-05-21_09.55.38/ct_framework.end_per_suite.html"></testcase></testsuite><testsuite hostname="7223ed1a6343" name="aecuckoo_SUITE" time="1.563963" timestamp="2018-05-21T09:55:36" errors="0" failures="0" skipped="0" tests="2" log="/home/builder/epoch/_build/test/logs/ct_run.epoch_ct@localhost.2018-05-21_09.53.00/lib.aecuckoo.aecuckoo_SUITE.logs/run.2018-05-21_09.55.36/suite.log.html"><testcase name="init_per_suite" time="0.000894" timestamp="2018-05-21T09:55:36" log="/home/builder/epoch/_build/test/logs/ct_run.epoch_ct@localhost.2018-05-21_09.53.00/lib.aecuckoo.aecuckoo_SUITE.logs/run.2018-05-21_09.55.36/ct_framework.init_per_suite.html"></testcase><testcase group="smoke_tests_16" name="init_per_group" time="0.000702" timestamp="2018-05-21T09:55:36" log="/home/builder/epoch/_build/test/logs/ct_run.epoch_ct@localhost.2018-05-21_09.53.00/lib.aecuckoo.aecuckoo_SUITE.logs/run.2018-05-21_09.55.36/aecuckoo_suite.init_per_group.html"></testcase><testcase group="smoke_tests_16.mean16" name="init_per_group" time="0.000831" timestamp="2018-05-21T09:55:36" log="/home/builder/epoch/_build/test/logs/ct_run.epoch_ct@localhost.2018-05-21_09.53.00/lib.aecuckoo.aecuckoo_SUITE.logs/run.2018-05-21_09.55.36/aecuckoo_suite.init_per_group.2434.html"></testcase><testcase group="smoke_tests_16.mean16" name="smoke_test" time="0.046051" timestamp="2018-05-21T09:55:36" log="/home/builder/epoch/_build/test/logs/ct_run.epoch_ct@localhost.2018-05-21_09.53.00/lib.aecuckoo.aecuckoo_SUITE.logs/run.2018-05-21_09.55.36/aecuckoo_suite.smoke_test.html"></testcase><testcase group="smoke_tests_16.mean16" name="end_per_group" time="0.000850" timestamp="2018-05-21T09:55:36" log="/home/builder/epoch/_build/test/logs/ct_run.epoch_ct@localhost.2018-05-21_09.53.00/lib.aecuckoo.aecuckoo_SUITE.logs/run.2018-05-21_09.55.36/aecuckoo_suite.end_per_group.html"></testcase><testcase group="smoke_tests_16.lean16" name="init_per_group" time="0.000784" timestamp="2018-05-21T09:55:36" log="/home/builder/epoch/_build/test/logs/ct_run.epoch_ct@localhost.2018-05-21_09.53.00/lib.aecuckoo.aecuckoo_SUITE.logs/run.2018-05-21_09.55.36/aecuckoo_suite.init_per_group.2562.html"></testcase><testcase group="smoke_tests_16.lean16" name="smoke_test" time="0.011783" timestamp="2018-05-21T09:55:36" log="/home/builder/epoch/_build/test/logs/ct_run.epoch_ct@localhost.2018-05-21_09.53.00/lib.aecuckoo.aecuckoo_SUITE.logs/run.2018-05-21_09.55.36/aecuckoo_suite.smoke_test.2690.html"></testcase><testcase group="smoke_tests_16.lean16" name="end_per_group" time="0.000846" timestamp="2018-05-21T09:55:36" log="/home/builder/epoch/_build/test/logs/ct_run.epoch_ct@localhost.2018-05-21_09.53.00/lib.aecuckoo.aecuckoo_SUITE.logs/run.2018-05-21_09.55.36/aecuckoo_suite.end_per_group.2818.html"></testcase><testcase group="smoke_tests_16" name="end_per_group" time="0.000889" timestamp="2018-05-21T09:55:36" log="/home/builder/epoch/_build/test/logs/ct_run.epoch_ct@localhost.2018-05-21_09.53.00/lib.aecuckoo.aecuckoo_SUITE.logs/run.2018-05-21_09.55.36/aecuckoo_suite.end_per_group.2946.html"></testcase><testcase name="end_per_suite" time="0.000760" timestamp="2018-05-21T09:55:36" log="/home/builder/epoch/_build/test/logs/ct_run.epoch_ct@localhost.2018-05-21_09.53.00/lib.aecuckoo.aecuckoo_SUITE.logs/run.2018-05-21_09.55.36/ct_framework.end_per_suite.html"></testcase></testsuite><testsuite hostname="7223ed1a6343" name="aecore_forking_SUITE" time="48.144518" timestamp="2018-05-21T09:54:48" errors="0" failures="0" skipped="0" tests="3" log="/home/builder/epoch/_build/test/logs/ct_run.epoch_ct@localhost.2018-05-21_09.53.00/lib.aecore.aecore_forking_SUITE.logs/run.2018-05-21_09.54.48/suite.log.html"><testcase name="init_per_suite" time="0.079847" timestamp="2018-05-21T09:54:48" log="/home/builder/epoch/_build/test/logs/ct_run.epoch_ct@localhost.2018-05-21_09.53.00/lib.aecore.aecore_forking_SUITE.logs/run.2018-05-21_09.54.48/aecore_forking_suite.init_per_suite.html"></testcase><testcase group="all_nodes" name="init_per_group" time="0.000619" timestamp="2018-05-21T09:54:48" log="/home/builder/epoch/_build/test/logs/ct_run.epoch_ct@localhost.2018-05-21_09.53.00/lib.aecore.aecore_forking_SUITE.logs/run.2018-05-21_09.54.48/aecore_forking_suite.init_per_group.html"></testcase><testcase group="all_nodes.two_nodes" name="init_per_group" time="0.000664" timestamp="2018-05-21T09:54:48" log="/home/builder/epoch/_build/test/logs/ct_run.epoch_ct@localhost.2018-05-21_09.53.00/lib.aecore.aecore_forking_SUITE.logs/run.2018-05-21_09.54.48/aecore_forking_suite.init_per_group.1666.html"></testcase><testcase group="all_nodes.two_nodes" name="create_dev1_chain" time="21.856383" timestamp="2018-05-21T09:54:48" log="/home/builder/epoch/_build/test/logs/ct_run.epoch_ct@localhost.2018-05-21_09.53.00/lib.aecore.aecore_forking_SUITE.logs/run.2018-05-21_09.54.48/aecore_forking_suite.create_dev1_chain.html"></testcase><testcase group="all_nodes.two_nodes" name="create_dev2_chain" time="7.437525" timestamp="2018-05-21T09:55:10" log="/home/builder/epoch/_build/test/logs/ct_run.epoch_ct@localhost.2018-05-21_09.53.00/lib.aecore.aecore_forking_SUITE.logs/run.2018-05-21_09.54.48/aecore_forking_suite.create_dev2_chain.html"></testcase><testcase group="all_nodes.two_nodes" name="sync_fork_in_wrong_order" time="10.331709" timestamp="2018-05-21T09:55:18" log="/home/builder/epoch/_build/test/logs/ct_run.epoch_ct@localhost.2018-05-21_09.53.00/lib.aecore.aecore_forking_SUITE.logs/run.2018-05-21_09.54.48/aecore_forking_suite.sync_fork_in_wrong_order.html"></testcase><testcase group="all_nodes.two_nodes" name="end_per_group" time="0.001072" timestamp="2018-05-21T09:55:28" log="/home/builder/epoch/_build/test/logs/ct_run.epoch_ct@localhost.2018-05-21_09.53.00/lib.aecore.aecore_forking_SUITE.logs/run.2018-05-21_09.54.48/aecore_forking_suite.end_per_group.html"></testcase><testcase group="all_nodes" name="end_per_group" time="0.000750" timestamp="2018-05-21T09:55:28" log="/home/builder/epoch/_build/test/logs/ct_run.epoch_ct@localhost.2018-05-21_09.53.00/lib.aecore.aecore_forking_SUITE.logs/run.2018-05-21_09.54.48/aecore_forking_suite.end_per_group.3.html"></testcase><testcase name="end_per_suite" time="6.969188" timestamp="2018-05-21T09:55:28" log="/home/builder/epoch/_build/test/logs/ct_run.epoch_ct@localhost.2018-05-21_09.53.00/lib.aecore.aecore_forking_SUITE.logs/run.2018-05-21_09.54.48/aecore_forking_suite.end_per_suite.html"></testcase></testsuite><testsuite hostname="7223ed1a6343" name="aecontract_SUITE" time="2.634908" timestamp="2018-05-21T09:54:45" errors="0" failures="0" skipped="0" tests="14" log="/home/builder/epoch/_build/test/logs/ct_run.epoch_ct@localhost.2018-05-21_09.53.00/lib.aecontract.aecontract_SUITE.logs/run.2018-05-21_09.54.45/suite.log.html"><testcase name="init_per_suite" time="0.000443" timestamp="2018-05-21T09:54:45" log="/home/builder/epoch/_build/test/logs/ct_run.epoch_ct@localhost.2018-05-21_09.53.00/lib.aecontract.aecontract_SUITE.logs/run.2018-05-21_09.54.45/ct_framework.init_per_suite.html"></testcase><testcase group="all_tests" name="init_per_group" time="0.000468" timestamp="2018-05-21T09:54:45" log="/home/builder/epoch/_build/test/logs/ct_run.epoch_ct@localhost.2018-05-21_09.53.00/lib.aecontract.aecontract_SUITE.logs/run.2018-05-21_09.54.45/ct_framework.init_per_group.html"></testcase><testcase group="all_tests.transactions" name="init_per_group" time="0.000416" timestamp="2018-05-21T09:54:45" log="/home/builder/epoch/_build/test/logs/ct_run.epoch_ct@localhost.2018-05-21_09.53.00/lib.aecontract.aecontract_SUITE.logs/run.2018-05-21_09.54.45/ct_framework.init_per_group.642.html"></testcase><testcase group="all_tests.transactions" name="create_contract" time="0.180543" timestamp="2018-05-21T09:54:46" log="/home/builder/epoch/_build/test/logs/ct_run.epoch_ct@localhost.2018-05-21_09.53.00/lib.aecontract.aecontract_SUITE.logs/run.2018-05-21_09.54.45/aecontract_suite.create_contract.html"></testcase><testcase group="all_tests.transactions" name="create_contract_negative" time="0.020642" timestamp="2018-05-21T09:54:46" log="/home/builder/epoch/_build/test/logs/ct_run.epoch_ct@localhost.2018-05-21_09.53.00/lib.aecontract.aecontract_SUITE.logs/run.2018-05-21_09.54.45/aecontract_suite.create_contract_negative.html"></testcase><testcase group="all_tests.transactions" name="call_contract" time="0.107759" timestamp="2018-05-21T09:54:46" log="/home/builder/epoch/_build/test/logs/ct_run.epoch_ct@localhost.2018-05-21_09.53.00/lib.aecontract.aecontract_SUITE.logs/run.2018-05-21_09.54.45/aecontract_suite.call_contract.html"></testcase><testcase group="all_tests.transactions" name="call_contract_negative" time="0.000843" timestamp="2018-05-21T09:54:46" log="/home/builder/epoch/_build/test/logs/ct_run.epoch_ct@localhost.2018-05-21_09.53.00/lib.aecontract.aecontract_SUITE.logs/run.2018-05-21_09.54.45/aecontract_suite.call_contract_negative.html"></testcase><testcase group="all_tests.transactions" name="end_per_group" time="0.000507" timestamp="2018-05-21T09:54:46" log="/home/builder/epoch/_build/test/logs/ct_run.epoch_ct@localhost.2018-05-21_09.53.00/lib.aecontract.aecontract_SUITE.logs/run.2018-05-21_09.54.45/ct_framework.end_per_group.html"></testcase><testcase group="all_tests.state_tree" name="init_per_group" time="0.000515" timestamp="2018-05-21T09:54:46" log="/home/builder/epoch/_build/test/logs/ct_run.epoch_ct@localhost.2018-05-21_09.53.00/lib.aecontract.aecontract_SUITE.logs/run.2018-05-21_09.54.45/ct_framework.init_per_group.770.html"></testcase><testcase group="all_tests.state_tree" name="state_tree" time="0.030859" timestamp="2018-05-21T09:54:46" log="/home/builder/epoch/_build/test/logs/ct_run.epoch_ct@localhost.2018-05-21_09.53.00/lib.aecontract.aecontract_SUITE.logs/run.2018-05-21_09.54.45/aecontract_suite.state_tree.html"></testcase><testcase group="all_tests.state_tree" name="end_per_group" time="0.000520" timestamp="2018-05-21T09:54:46" log="/home/builder/epoch/_build/test/logs/ct_run.epoch_ct@localhost.2018-05-21_09.53.00/lib.aecontract.aecontract_SUITE.logs/run.2018-05-21_09.54.45/ct_framework.end_per_group.898.html"></testcase><testcase group="all_tests.sophia" name="init_per_group" time="0.000509" timestamp="2018-05-21T09:54:46" log="/home/builder/epoch/_build/test/logs/ct_run.epoch_ct@localhost.2018-05-21_09.53.00/lib.aecontract.aecontract_SUITE.logs/run.2018-05-21_09.54.45/ct_framework.init_per_group.1026.html"></testcase><testcase group="all_tests.sophia" name="sophia_identity" time="0.074602" timestamp="2018-05-21T09:54:46" log="/home/builder/epoch/_build/test/logs/ct_run.epoch_ct@localhost.2018-05-21_09.53.00/lib.aecontract.aecontract_SUITE.logs/run.2018-05-21_09.54.45/aecontract_suite.sophia_identity.html"></testcase><testcase group="all_tests.sophia" name="sophia_state" time="0.100823" timestamp="2018-05-21T09:54:46" log="/home/builder/epoch/_build/test/logs/ct_run.epoch_ct@localhost.2018-05-21_09.53.00/lib.aecontract.aecontract_SUITE.logs/run.2018-05-21_09.54.45/aecontract_suite.sophia_state.html"></testcase><testcase group="all_tests.sophia" name="sophia_spend" time="0.128162" timestamp="2018-05-21T09:54:46" log="/home/builder/epoch/_build/test/logs/ct_run.epoch_ct@localhost.2018-05-21_09.53.00/lib.aecontract.aecontract_SUITE.logs/run.2018-05-21_09.54.45/aecontract_suite.sophia_spend.html"></testcase><testcase group="all_tests.sophia" name="end_per_group" time="0.000642" timestamp="2018-05-21T09:54:46" log="/home/builder/epoch/_build/test/logs/ct_run.epoch_ct@localhost.2018-05-21_09.53.00/lib.aecontract.aecontract_SUITE.logs/run.2018-05-21_09.54.45/ct_framework.end_per_group.1154.html"></testcase><testcase group="all_tests.store" name="init_per_group" time="0.000584" timestamp="2018-05-21T09:54:46" log="/home/builder/epoch/_build/test/logs/ct_run.epoch_ct@localhost.2018-05-21_09.53.00/lib.aecontract.aecontract_SUITE.logs/run.2018-05-21_09.54.45/ct_framework.init_per_group.1282.html"></testcase><testcase group="all_tests.store" name="create_store" time="0.008879" timestamp="2018-05-21T09:54:47" log="/home/builder/epoch/_build/test/logs/ct_run.epoch_ct@localhost.2018-05-21_09.53.00/lib.aecontract.aecontract_SUITE.logs/run.2018-05-21_09.54.45/aecontract_suite.create_store.html"></testcase><testcase group="all_tests.store" name="update_store" time="0.013676" timestamp="2018-05-21T09:54:47" log="/home/builder/epoch/_build/test/logs/ct_run.epoch_ct@localhost.2018-05-21_09.53.00/lib.aecontract.aecontract_SUITE.logs/run.2018-05-21_09.54.45/aecontract_suite.update_store.html"></testcase><testcase group="all_tests.store" name="read_store" time="0.013550" timestamp="2018-05-21T09:54:47" log="/home/builder/epoch/_build/test/logs/ct_run.epoch_ct@localhost.2018-05-21_09.53.00/lib.aecontract.aecontract_SUITE.logs/run.2018-05-21_09.54.45/aecontract_suite.read_store.html"></testcase><testcase group="all_tests.store" name="store_zero_value" time="0.013677" timestamp="2018-05-21T09:54:47" log="/home/builder/epoch/_build/test/logs/ct_run.epoch_ct@localhost.2018-05-21_09.53.00/lib.aecontract.aecontract_SUITE.logs/run.2018-05-21_09.54.45/aecontract_suite.store_zero_value.html"></testcase><testcase group="all_tests.store" name="merge_new_zero_value" time="0.018767" timestamp="2018-05-21T09:54:47" log="/home/builder/epoch/_build/test/logs/ct_run.epoch_ct@localhost.2018-05-21_09.53.00/lib.aecontract.aecontract_SUITE.logs/run.2018-05-21_09.54.45/aecontract_suite.merge_new_zero_value.html"></testcase><testcase group="all_tests.store" name="merge_missing_keys" time="0.018497" timestamp="2018-05-21T09:54:47" log="/home/builder/epoch/_build/test/logs/ct_run.epoch_ct@localhost.2018-05-21_09.53.00/lib.aecontract.aecontract_SUITE.logs/run.2018-05-21_09.54.45/aecontract_suite.merge_missing_keys.html"></testcase><testcase group="all_tests.store" name="end_per_group" time="0.000672" timestamp="2018-05-21T09:54:47" log="/home/builder/epoch/_build/test/logs/ct_run.epoch_ct@localhost.2018-05-21_09.53.00/lib.aecontract.aecontract_SUITE.logs/run.2018-05-21_09.54.45/ct_framework.end_per_group.1410.html"></testcase><testcase group="all_tests" name="end_per_group" time="0.000670" timestamp="2018-05-21T09:54:47" log="/home/builder/epoch/_build/test/logs/ct_run.epoch_ct@localhost.2018-05-21_09.53.00/lib.aecontract.aecontract_SUITE.logs/run.2018-05-21_09.54.45/ct_framework.end_per_group.1538.html"></testcase><testcase name="end_per_suite" time="0.000543" timestamp="2018-05-21T09:54:47" log="/home/builder/epoch/_build/test/logs/ct_run.epoch_ct@localhost.2018-05-21_09.53.00/lib.aecontract.aecontract_SUITE.logs/run.2018-05-21_09.54.45/ct_framework.end_per_suite.html"></testcase></testsuite><testsuite hostname="7223ed1a6343" name="aesc_fsm_SUITE" time="105.102141" timestamp="2018-05-21T09:53:00" errors="0" failures="0" skipped="0" tests="3" log="/home/builder/epoch/_build/test/logs/ct_run.epoch_ct@localhost.2018-05-21_09.53.00/lib.aechannel.aesc_fsm_SUITE.logs/run.2018-05-21_09.53.00/suite.log.html"><testcase name="init_per_suite" time="0.307538" timestamp="2018-05-21T09:53:00" log="/home/builder/epoch/_build/test/logs/ct_run.epoch_ct@localhost.2018-05-21_09.53.00/lib.aechannel.aesc_fsm_SUITE.logs/run.2018-05-21_09.53.00/aesc_fsm_suite.init_per_suite.html"></testcase><testcase group="all_tests" name="init_per_group" time="33.114004" timestamp="2018-05-21T09:53:01" log="/home/builder/epoch/_build/test/logs/ct_run.epoch_ct@localhost.2018-05-21_09.53.00/lib.aechannel.aesc_fsm_SUITE.logs/run.2018-05-21_09.53.00/aesc_fsm_suite.init_per_group.html"></testcase><testcase group="all_tests.transactions" name="init_per_group" time="40.709489" timestamp="2018-05-21T09:53:34" log="/home/builder/epoch/_build/test/logs/ct_run.epoch_ct@localhost.2018-05-21_09.53.00/lib.aechannel.aesc_fsm_SUITE.logs/run.2018-05-21_09.53.00/aesc_fsm_suite.init_per_group.386.html"></testcase><testcase group="all_tests.transactions" name="create_channel" time="7.223732" timestamp="2018-05-21T09:54:15" log="/home/builder/epoch/_build/test/logs/ct_run.epoch_ct@localhost.2018-05-21_09.53.00/lib.aechannel.aesc_fsm_SUITE.logs/run.2018-05-21_09.53.00/aesc_fsm_suite.create_channel.html"></testcase><testcase group="all_tests.transactions" name="inband_msgs" time="9.700502" timestamp="2018-05-21T09:54:22" log="/home/builder/epoch/_build/test/logs/ct_run.epoch_ct@localhost.2018-05-21_09.53.00/lib.aechannel.aesc_fsm_SUITE.logs/run.2018-05-21_09.53.00/aesc_fsm_suite.inband_msgs.html"></testcase><testcase group="all_tests.transactions" name="upd_transfer" time="4.961028" timestamp="2018-05-21T09:54:32" log="/home/builder/epoch/_build/test/logs/ct_run.epoch_ct@localhost.2018-05-21_09.53.00/lib.aechannel.aesc_fsm_SUITE.logs/run.2018-05-21_09.53.00/aesc_fsm_suite.upd_transfer.html"></testcase><testcase group="all_tests.transactions" name="end_per_group" time="6.956856" timestamp="2018-05-21T09:54:36" log="/home/builder/epoch/_build/test/logs/ct_run.epoch_ct@localhost.2018-05-21_09.53.00/lib.aechannel.aesc_fsm_SUITE.logs/run.2018-05-21_09.53.00/aesc_fsm_suite.end_per_group.html"></testcase><testcase group="all_tests" name="end_per_group" time="0.612799" timestamp="2018-05-21T09:54:43" log="/home/builder/epoch/_build/test/logs/ct_run.epoch_ct@localhost.2018-05-21_09.53.00/lib.aechannel.aesc_fsm_SUITE.logs/run.2018-05-21_09.53.00/aesc_fsm_suite.end_per_group.514.html"></testcase><testcase name="end_per_suite" time="0.000475" timestamp="2018-05-21T09:54:44" log="/home/builder/epoch/_build/test/logs/ct_run.epoch_ct@localhost.2018-05-21_09.53.00/lib.aechannel.aesc_fsm_SUITE.logs/run.2018-05-21_09.53.00/aesc_fsm_suite.end_per_suite.html"></testcase></testsuite></testsuites>